Copyright 1986-2017 Xilinx, Inc. All Rights Reserved.
---------------------------------------------------------------------------------------------------------------------------------------------
| Tool Version : Vivado v.2017.2 (win64) Build 1909853 Thu Jun 15 18:39:09 MDT 2017
| Date         : Wed Dec 19 16:43:10 2018
| Host         : Centropy running 64-bit major release  (build 9200)
| Command      : report_methodology -file GenerationGenerator_methodology_drc_routed.rpt -rpx GenerationGenerator_methodology_drc_routed.rpx
| Design       : GenerationGenerator
| Device       : xc7z010clg400-1
| Speed File   : -1
| Design State : Routed
---------------------------------------------------------------------------------------------------------------------------------------------

Report Methodology

Table of Contents
-----------------
1. REPORT SUMMARY
2. REPORT DETAILS

1. REPORT SUMMARY
-----------------
            Netlist: netlist
          Floorplan: checkpoint_GenerationGenerator
      Design limits: <entire design considered>
             Max violations: <unlimited>
             Violations found: 283
+-----------+----------+-------------------------------+------------+
| Rule      | Severity | Description                   | Violations |
+-----------+----------+-------------------------------+------------+
| TIMING-18 | Warning  | Missing input or output delay | 283        |
+-----------+----------+-------------------------------+------------+

2. REPORT DETAILS
-----------------
TIMING-18#1 Warning
Missing input or output delay  
An input delay is missing on generation_parent1[0] relative to clock(s) clk 
Related violations: <none>

TIMING-18#2 Warning
Missing input or output delay  
An input delay is missing on generation_parent1[10] relative to clock(s) clk 
Related violations: <none>

TIMING-18#3 Warning
Missing input or output delay  
An input delay is missing on generation_parent1[11] relative to clock(s) clk 
Related violations: <none>

TIMING-18#4 Warning
Missing input or output delay  
An input delay is missing on generation_parent1[12] relative to clock(s) clk 
Related violations: <none>

TIMING-18#5 Warning
Missing input or output delay  
An input delay is missing on generation_parent1[13] relative to clock(s) clk 
Related violations: <none>

TIMING-18#6 Warning
Missing input or output delay  
An input delay is missing on generation_parent1[14] relative to clock(s) clk 
Related violations: <none>

TIMING-18#7 Warning
Missing input or output delay  
An input delay is missing on generation_parent1[15] relative to clock(s) clk 
Related violations: <none>

TIMING-18#8 Warning
Missing input or output delay  
An input delay is missing on generation_parent1[16] relative to clock(s) clk 
Related violations: <none>

TIMING-18#9 Warning
Missing input or output delay  
An input delay is missing on generation_parent1[17] relative to clock(s) clk 
Related violations: <none>

TIMING-18#10 Warning
Missing input or output delay  
An input delay is missing on generation_parent1[18] relative to clock(s) clk 
Related violations: <none>

TIMING-18#11 Warning
Missing input or output delay  
An input delay is missing on generation_parent1[19] relative to clock(s) clk 
Related violations: <none>

TIMING-18#12 Warning
Missing input or output delay  
An input delay is missing on generation_parent1[1] relative to clock(s) clk 
Related violations: <none>

TIMING-18#13 Warning
Missing input or output delay  
An input delay is missing on generation_parent1[20] relative to clock(s) clk 
Related violations: <none>

TIMING-18#14 Warning
Missing input or output delay  
An input delay is missing on generation_parent1[21] relative to clock(s) clk 
Related violations: <none>

TIMING-18#15 Warning
Missing input or output delay  
An input delay is missing on generation_parent1[22] relative to clock(s) clk 
Related violations: <none>

TIMING-18#16 Warning
Missing input or output delay  
An input delay is missing on generation_parent1[23] relative to clock(s) clk 
Related violations: <none>

TIMING-18#17 Warning
Missing input or output delay  
An input delay is missing on generation_parent1[24] relative to clock(s) clk 
Related violations: <none>

TIMING-18#18 Warning
Missing input or output delay  
An input delay is missing on generation_parent1[25] relative to clock(s) clk 
Related violations: <none>

TIMING-18#19 Warning
Missing input or output delay  
An input delay is missing on generation_parent1[26] relative to clock(s) clk 
Related violations: <none>

TIMING-18#20 Warning
Missing input or output delay  
An input delay is missing on generation_parent1[27] relative to clock(s) clk 
Related violations: <none>

TIMING-18#21 Warning
Missing input or output delay  
An input delay is missing on generation_parent1[28] relative to clock(s) clk 
Related violations: <none>

TIMING-18#22 Warning
Missing input or output delay  
An input delay is missing on generation_parent1[29] relative to clock(s) clk 
Related violations: <none>

TIMING-18#23 Warning
Missing input or output delay  
An input delay is missing on generation_parent1[2] relative to clock(s) clk 
Related violations: <none>

TIMING-18#24 Warning
Missing input or output delay  
An input delay is missing on generation_parent1[30] relative to clock(s) clk 
Related violations: <none>

TIMING-18#25 Warning
Missing input or output delay  
An input delay is missing on generation_parent1[31] relative to clock(s) clk 
Related violations: <none>

TIMING-18#26 Warning
Missing input or output delay  
An input delay is missing on generation_parent1[32] relative to clock(s) clk 
Related violations: <none>

TIMING-18#27 Warning
Missing input or output delay  
An input delay is missing on generation_parent1[33] relative to clock(s) clk 
Related violations: <none>

TIMING-18#28 Warning
Missing input or output delay  
An input delay is missing on generation_parent1[34] relative to clock(s) clk 
Related violations: <none>

TIMING-18#29 Warning
Missing input or output delay  
An input delay is missing on generation_parent1[35] relative to clock(s) clk 
Related violations: <none>

TIMING-18#30 Warning
Missing input or output delay  
An input delay is missing on generation_parent1[36] relative to clock(s) clk 
Related violations: <none>

TIMING-18#31 Warning
Missing input or output delay  
An input delay is missing on generation_parent1[37] relative to clock(s) clk 
Related violations: <none>

TIMING-18#32 Warning
Missing input or output delay  
An input delay is missing on generation_parent1[38] relative to clock(s) clk 
Related violations: <none>

TIMING-18#33 Warning
Missing input or output delay  
An input delay is missing on generation_parent1[39] relative to clock(s) clk 
Related violations: <none>

TIMING-18#34 Warning
Missing input or output delay  
An input delay is missing on generation_parent1[3] relative to clock(s) clk 
Related violations: <none>

TIMING-18#35 Warning
Missing input or output delay  
An input delay is missing on generation_parent1[40] relative to clock(s) clk 
Related violations: <none>

TIMING-18#36 Warning
Missing input or output delay  
An input delay is missing on generation_parent1[41] relative to clock(s) clk 
Related violations: <none>

TIMING-18#37 Warning
Missing input or output delay  
An input delay is missing on generation_parent1[42] relative to clock(s) clk 
Related violations: <none>

TIMING-18#38 Warning
Missing input or output delay  
An input delay is missing on generation_parent1[43] relative to clock(s) clk 
Related violations: <none>

TIMING-18#39 Warning
Missing input or output delay  
An input delay is missing on generation_parent1[44] relative to clock(s) clk 
Related violations: <none>

TIMING-18#40 Warning
Missing input or output delay  
An input delay is missing on generation_parent1[45] relative to clock(s) clk 
Related violations: <none>

TIMING-18#41 Warning
Missing input or output delay  
An input delay is missing on generation_parent1[46] relative to clock(s) clk 
Related violations: <none>

TIMING-18#42 Warning
Missing input or output delay  
An input delay is missing on generation_parent1[47] relative to clock(s) clk 
Related violations: <none>

TIMING-18#43 Warning
Missing input or output delay  
An input delay is missing on generation_parent1[48] relative to clock(s) clk 
Related violations: <none>

TIMING-18#44 Warning
Missing input or output delay  
An input delay is missing on generation_parent1[49] relative to clock(s) clk 
Related violations: <none>

TIMING-18#45 Warning
Missing input or output delay  
An input delay is missing on generation_parent1[4] relative to clock(s) clk 
Related violations: <none>

TIMING-18#46 Warning
Missing input or output delay  
An input delay is missing on generation_parent1[50] relative to clock(s) clk 
Related violations: <none>

TIMING-18#47 Warning
Missing input or output delay  
An input delay is missing on generation_parent1[51] relative to clock(s) clk 
Related violations: <none>

TIMING-18#48 Warning
Missing input or output delay  
An input delay is missing on generation_parent1[52] relative to clock(s) clk 
Related violations: <none>

TIMING-18#49 Warning
Missing input or output delay  
An input delay is missing on generation_parent1[53] relative to clock(s) clk 
Related violations: <none>

TIMING-18#50 Warning
Missing input or output delay  
An input delay is missing on generation_parent1[54] relative to clock(s) clk 
Related violations: <none>

TIMING-18#51 Warning
Missing input or output delay  
An input delay is missing on generation_parent1[55] relative to clock(s) clk 
Related violations: <none>

TIMING-18#52 Warning
Missing input or output delay  
An input delay is missing on generation_parent1[56] relative to clock(s) clk 
Related violations: <none>

TIMING-18#53 Warning
Missing input or output delay  
An input delay is missing on generation_parent1[57] relative to clock(s) clk 
Related violations: <none>

TIMING-18#54 Warning
Missing input or output delay  
An input delay is missing on generation_parent1[58] relative to clock(s) clk 
Related violations: <none>

TIMING-18#55 Warning
Missing input or output delay  
An input delay is missing on generation_parent1[59] relative to clock(s) clk 
Related violations: <none>

TIMING-18#56 Warning
Missing input or output delay  
An input delay is missing on generation_parent1[5] relative to clock(s) clk 
Related violations: <none>

TIMING-18#57 Warning
Missing input or output delay  
An input delay is missing on generation_parent1[60] relative to clock(s) clk 
Related violations: <none>

TIMING-18#58 Warning
Missing input or output delay  
An input delay is missing on generation_parent1[61] relative to clock(s) clk 
Related violations: <none>

TIMING-18#59 Warning
Missing input or output delay  
An input delay is missing on generation_parent1[62] relative to clock(s) clk 
Related violations: <none>

TIMING-18#60 Warning
Missing input or output delay  
An input delay is missing on generation_parent1[63] relative to clock(s) clk 
Related violations: <none>

TIMING-18#61 Warning
Missing input or output delay  
An input delay is missing on generation_parent1[6] relative to clock(s) clk 
Related violations: <none>

TIMING-18#62 Warning
Missing input or output delay  
An input delay is missing on generation_parent1[7] relative to clock(s) clk 
Related violations: <none>

TIMING-18#63 Warning
Missing input or output delay  
An input delay is missing on generation_parent1[8] relative to clock(s) clk 
Related violations: <none>

TIMING-18#64 Warning
Missing input or output delay  
An input delay is missing on generation_parent1[9] relative to clock(s) clk 
Related violations: <none>

TIMING-18#65 Warning
Missing input or output delay  
An input delay is missing on generation_parent2[0] relative to clock(s) clk 
Related violations: <none>

TIMING-18#66 Warning
Missing input or output delay  
An input delay is missing on generation_parent2[10] relative to clock(s) clk 
Related violations: <none>

TIMING-18#67 Warning
Missing input or output delay  
An input delay is missing on generation_parent2[11] relative to clock(s) clk 
Related violations: <none>

TIMING-18#68 Warning
Missing input or output delay  
An input delay is missing on generation_parent2[12] relative to clock(s) clk 
Related violations: <none>

TIMING-18#69 Warning
Missing input or output delay  
An input delay is missing on generation_parent2[13] relative to clock(s) clk 
Related violations: <none>

TIMING-18#70 Warning
Missing input or output delay  
An input delay is missing on generation_parent2[14] relative to clock(s) clk 
Related violations: <none>

TIMING-18#71 Warning
Missing input or output delay  
An input delay is missing on generation_parent2[15] relative to clock(s) clk 
Related violations: <none>

TIMING-18#72 Warning
Missing input or output delay  
An input delay is missing on generation_parent2[16] relative to clock(s) clk 
Related violations: <none>

TIMING-18#73 Warning
Missing input or output delay  
An input delay is missing on generation_parent2[17] relative to clock(s) clk 
Related violations: <none>

TIMING-18#74 Warning
Missing input or output delay  
An input delay is missing on generation_parent2[18] relative to clock(s) clk 
Related violations: <none>

TIMING-18#75 Warning
Missing input or output delay  
An input delay is missing on generation_parent2[19] relative to clock(s) clk 
Related violations: <none>

TIMING-18#76 Warning
Missing input or output delay  
An input delay is missing on generation_parent2[1] relative to clock(s) clk 
Related violations: <none>

TIMING-18#77 Warning
Missing input or output delay  
An input delay is missing on generation_parent2[20] relative to clock(s) clk 
Related violations: <none>

TIMING-18#78 Warning
Missing input or output delay  
An input delay is missing on generation_parent2[21] relative to clock(s) clk 
Related violations: <none>

TIMING-18#79 Warning
Missing input or output delay  
An input delay is missing on generation_parent2[22] relative to clock(s) clk 
Related violations: <none>

TIMING-18#80 Warning
Missing input or output delay  
An input delay is missing on generation_parent2[23] relative to clock(s) clk 
Related violations: <none>

TIMING-18#81 Warning
Missing input or output delay  
An input delay is missing on generation_parent2[24] relative to clock(s) clk 
Related violations: <none>

TIMING-18#82 Warning
Missing input or output delay  
An input delay is missing on generation_parent2[25] relative to clock(s) clk 
Related violations: <none>

TIMING-18#83 Warning
Missing input or output delay  
An input delay is missing on generation_parent2[26] relative to clock(s) clk 
Related violations: <none>

TIMING-18#84 Warning
Missing input or output delay  
An input delay is missing on generation_parent2[27] relative to clock(s) clk 
Related violations: <none>

TIMING-18#85 Warning
Missing input or output delay  
An input delay is missing on generation_parent2[28] relative to clock(s) clk 
Related violations: <none>

TIMING-18#86 Warning
Missing input or output delay  
An input delay is missing on generation_parent2[29] relative to clock(s) clk 
Related violations: <none>

TIMING-18#87 Warning
Missing input or output delay  
An input delay is missing on generation_parent2[2] relative to clock(s) clk 
Related violations: <none>

TIMING-18#88 Warning
Missing input or output delay  
An input delay is missing on generation_parent2[30] relative to clock(s) clk 
Related violations: <none>

TIMING-18#89 Warning
Missing input or output delay  
An input delay is missing on generation_parent2[31] relative to clock(s) clk 
Related violations: <none>

TIMING-18#90 Warning
Missing input or output delay  
An input delay is missing on generation_parent2[32] relative to clock(s) clk 
Related violations: <none>

TIMING-18#91 Warning
Missing input or output delay  
An input delay is missing on generation_parent2[33] relative to clock(s) clk 
Related violations: <none>

TIMING-18#92 Warning
Missing input or output delay  
An input delay is missing on generation_parent2[34] relative to clock(s) clk 
Related violations: <none>

TIMING-18#93 Warning
Missing input or output delay  
An input delay is missing on generation_parent2[35] relative to clock(s) clk 
Related violations: <none>

TIMING-18#94 Warning
Missing input or output delay  
An input delay is missing on generation_parent2[36] relative to clock(s) clk 
Related violations: <none>

TIMING-18#95 Warning
Missing input or output delay  
An input delay is missing on generation_parent2[37] relative to clock(s) clk 
Related violations: <none>

TIMING-18#96 Warning
Missing input or output delay  
An input delay is missing on generation_parent2[38] relative to clock(s) clk 
Related violations: <none>

TIMING-18#97 Warning
Missing input or output delay  
An input delay is missing on generation_parent2[39] relative to clock(s) clk 
Related violations: <none>

TIMING-18#98 Warning
Missing input or output delay  
An input delay is missing on generation_parent2[3] relative to clock(s) clk 
Related violations: <none>

TIMING-18#99 Warning
Missing input or output delay  
An input delay is missing on generation_parent2[40] relative to clock(s) clk 
Related violations: <none>

TIMING-18#100 Warning
Missing input or output delay  
An input delay is missing on generation_parent2[41] relative to clock(s) clk 
Related violations: <none>

TIMING-18#101 Warning
Missing input or output delay  
An input delay is missing on generation_parent2[42] relative to clock(s) clk 
Related violations: <none>

TIMING-18#102 Warning
Missing input or output delay  
An input delay is missing on generation_parent2[43] relative to clock(s) clk 
Related violations: <none>

TIMING-18#103 Warning
Missing input or output delay  
An input delay is missing on generation_parent2[44] relative to clock(s) clk 
Related violations: <none>

TIMING-18#104 Warning
Missing input or output delay  
An input delay is missing on generation_parent2[45] relative to clock(s) clk 
Related violations: <none>

TIMING-18#105 Warning
Missing input or output delay  
An input delay is missing on generation_parent2[46] relative to clock(s) clk 
Related violations: <none>

TIMING-18#106 Warning
Missing input or output delay  
An input delay is missing on generation_parent2[47] relative to clock(s) clk 
Related violations: <none>

TIMING-18#107 Warning
Missing input or output delay  
An input delay is missing on generation_parent2[48] relative to clock(s) clk 
Related violations: <none>

TIMING-18#108 Warning
Missing input or output delay  
An input delay is missing on generation_parent2[49] relative to clock(s) clk 
Related violations: <none>

TIMING-18#109 Warning
Missing input or output delay  
An input delay is missing on generation_parent2[4] relative to clock(s) clk 
Related violations: <none>

TIMING-18#110 Warning
Missing input or output delay  
An input delay is missing on generation_parent2[50] relative to clock(s) clk 
Related violations: <none>

TIMING-18#111 Warning
Missing input or output delay  
An input delay is missing on generation_parent2[51] relative to clock(s) clk 
Related violations: <none>

TIMING-18#112 Warning
Missing input or output delay  
An input delay is missing on generation_parent2[52] relative to clock(s) clk 
Related violations: <none>

TIMING-18#113 Warning
Missing input or output delay  
An input delay is missing on generation_parent2[53] relative to clock(s) clk 
Related violations: <none>

TIMING-18#114 Warning
Missing input or output delay  
An input delay is missing on generation_parent2[54] relative to clock(s) clk 
Related violations: <none>

TIMING-18#115 Warning
Missing input or output delay  
An input delay is missing on generation_parent2[55] relative to clock(s) clk 
Related violations: <none>

TIMING-18#116 Warning
Missing input or output delay  
An input delay is missing on generation_parent2[56] relative to clock(s) clk 
Related violations: <none>

TIMING-18#117 Warning
Missing input or output delay  
An input delay is missing on generation_parent2[57] relative to clock(s) clk 
Related violations: <none>

TIMING-18#118 Warning
Missing input or output delay  
An input delay is missing on generation_parent2[58] relative to clock(s) clk 
Related violations: <none>

TIMING-18#119 Warning
Missing input or output delay  
An input delay is missing on generation_parent2[59] relative to clock(s) clk 
Related violations: <none>

TIMING-18#120 Warning
Missing input or output delay  
An input delay is missing on generation_parent2[5] relative to clock(s) clk 
Related violations: <none>

TIMING-18#121 Warning
Missing input or output delay  
An input delay is missing on generation_parent2[60] relative to clock(s) clk 
Related violations: <none>

TIMING-18#122 Warning
Missing input or output delay  
An input delay is missing on generation_parent2[61] relative to clock(s) clk 
Related violations: <none>

TIMING-18#123 Warning
Missing input or output delay  
An input delay is missing on generation_parent2[62] relative to clock(s) clk 
Related violations: <none>

TIMING-18#124 Warning
Missing input or output delay  
An input delay is missing on generation_parent2[63] relative to clock(s) clk 
Related violations: <none>

TIMING-18#125 Warning
Missing input or output delay  
An input delay is missing on generation_parent2[6] relative to clock(s) clk 
Related violations: <none>

TIMING-18#126 Warning
Missing input or output delay  
An input delay is missing on generation_parent2[7] relative to clock(s) clk 
Related violations: <none>

TIMING-18#127 Warning
Missing input or output delay  
An input delay is missing on generation_parent2[8] relative to clock(s) clk 
Related violations: <none>

TIMING-18#128 Warning
Missing input or output delay  
An input delay is missing on generation_parent2[9] relative to clock(s) clk 
Related violations: <none>

TIMING-18#129 Warning
Missing input or output delay  
An input delay is missing on mutation_probability[0] relative to clock(s) clk 
Related violations: <none>

TIMING-18#130 Warning
Missing input or output delay  
An input delay is missing on mutation_probability[10] relative to clock(s) clk 
Related violations: <none>

TIMING-18#131 Warning
Missing input or output delay  
An input delay is missing on mutation_probability[11] relative to clock(s) clk 
Related violations: <none>

TIMING-18#132 Warning
Missing input or output delay  
An input delay is missing on mutation_probability[12] relative to clock(s) clk 
Related violations: <none>

TIMING-18#133 Warning
Missing input or output delay  
An input delay is missing on mutation_probability[13] relative to clock(s) clk 
Related violations: <none>

TIMING-18#134 Warning
Missing input or output delay  
An input delay is missing on mutation_probability[14] relative to clock(s) clk 
Related violations: <none>

TIMING-18#135 Warning
Missing input or output delay  
An input delay is missing on mutation_probability[15] relative to clock(s) clk 
Related violations: <none>

TIMING-18#136 Warning
Missing input or output delay  
An input delay is missing on mutation_probability[16] relative to clock(s) clk 
Related violations: <none>

TIMING-18#137 Warning
Missing input or output delay  
An input delay is missing on mutation_probability[17] relative to clock(s) clk 
Related violations: <none>

TIMING-18#138 Warning
Missing input or output delay  
An input delay is missing on mutation_probability[18] relative to clock(s) clk 
Related violations: <none>

TIMING-18#139 Warning
Missing input or output delay  
An input delay is missing on mutation_probability[19] relative to clock(s) clk 
Related violations: <none>

TIMING-18#140 Warning
Missing input or output delay  
An input delay is missing on mutation_probability[1] relative to clock(s) clk 
Related violations: <none>

TIMING-18#141 Warning
Missing input or output delay  
An input delay is missing on mutation_probability[20] relative to clock(s) clk 
Related violations: <none>

TIMING-18#142 Warning
Missing input or output delay  
An input delay is missing on mutation_probability[21] relative to clock(s) clk 
Related violations: <none>

TIMING-18#143 Warning
Missing input or output delay  
An input delay is missing on mutation_probability[22] relative to clock(s) clk 
Related violations: <none>

TIMING-18#144 Warning
Missing input or output delay  
An input delay is missing on mutation_probability[23] relative to clock(s) clk 
Related violations: <none>

TIMING-18#145 Warning
Missing input or output delay  
An input delay is missing on mutation_probability[2] relative to clock(s) clk 
Related violations: <none>

TIMING-18#146 Warning
Missing input or output delay  
An input delay is missing on mutation_probability[3] relative to clock(s) clk 
Related violations: <none>

TIMING-18#147 Warning
Missing input or output delay  
An input delay is missing on mutation_probability[4] relative to clock(s) clk 
Related violations: <none>

TIMING-18#148 Warning
Missing input or output delay  
An input delay is missing on mutation_probability[5] relative to clock(s) clk 
Related violations: <none>

TIMING-18#149 Warning
Missing input or output delay  
An input delay is missing on mutation_probability[6] relative to clock(s) clk 
Related violations: <none>

TIMING-18#150 Warning
Missing input or output delay  
An input delay is missing on mutation_probability[7] relative to clock(s) clk 
Related violations: <none>

TIMING-18#151 Warning
Missing input or output delay  
An input delay is missing on mutation_probability[8] relative to clock(s) clk 
Related violations: <none>

TIMING-18#152 Warning
Missing input or output delay  
An input delay is missing on mutation_probability[9] relative to clock(s) clk 
Related violations: <none>

TIMING-18#153 Warning
Missing input or output delay  
An input delay is missing on reset relative to clock(s) clk 
Related violations: <none>

TIMING-18#154 Warning
Missing input or output delay  
An input delay is missing on startGenerating relative to clock(s) clk 
Related violations: <none>

TIMING-18#155 Warning
Missing input or output delay  
An output delay is missing on generatingDone relative to clock(s) clk 
Related violations: <none>

TIMING-18#156 Warning
Missing input or output delay  
An output delay is missing on generation_child1[0] relative to clock(s) clk 
Related violations: <none>

TIMING-18#157 Warning
Missing input or output delay  
An output delay is missing on generation_child1[10] relative to clock(s) clk 
Related violations: <none>

TIMING-18#158 Warning
Missing input or output delay  
An output delay is missing on generation_child1[11] relative to clock(s) clk 
Related violations: <none>

TIMING-18#159 Warning
Missing input or output delay  
An output delay is missing on generation_child1[12] relative to clock(s) clk 
Related violations: <none>

TIMING-18#160 Warning
Missing input or output delay  
An output delay is missing on generation_child1[13] relative to clock(s) clk 
Related violations: <none>

TIMING-18#161 Warning
Missing input or output delay  
An output delay is missing on generation_child1[14] relative to clock(s) clk 
Related violations: <none>

TIMING-18#162 Warning
Missing input or output delay  
An output delay is missing on generation_child1[15] relative to clock(s) clk 
Related violations: <none>

TIMING-18#163 Warning
Missing input or output delay  
An output delay is missing on generation_child1[16] relative to clock(s) clk 
Related violations: <none>

TIMING-18#164 Warning
Missing input or output delay  
An output delay is missing on generation_child1[17] relative to clock(s) clk 
Related violations: <none>

TIMING-18#165 Warning
Missing input or output delay  
An output delay is missing on generation_child1[18] relative to clock(s) clk 
Related violations: <none>

TIMING-18#166 Warning
Missing input or output delay  
An output delay is missing on generation_child1[19] relative to clock(s) clk 
Related violations: <none>

TIMING-18#167 Warning
Missing input or output delay  
An output delay is missing on generation_child1[1] relative to clock(s) clk 
Related violations: <none>

TIMING-18#168 Warning
Missing input or output delay  
An output delay is missing on generation_child1[20] relative to clock(s) clk 
Related violations: <none>

TIMING-18#169 Warning
Missing input or output delay  
An output delay is missing on generation_child1[21] relative to clock(s) clk 
Related violations: <none>

TIMING-18#170 Warning
Missing input or output delay  
An output delay is missing on generation_child1[22] relative to clock(s) clk 
Related violations: <none>

TIMING-18#171 Warning
Missing input or output delay  
An output delay is missing on generation_child1[23] relative to clock(s) clk 
Related violations: <none>

TIMING-18#172 Warning
Missing input or output delay  
An output delay is missing on generation_child1[24] relative to clock(s) clk 
Related violations: <none>

TIMING-18#173 Warning
Missing input or output delay  
An output delay is missing on generation_child1[25] relative to clock(s) clk 
Related violations: <none>

TIMING-18#174 Warning
Missing input or output delay  
An output delay is missing on generation_child1[26] relative to clock(s) clk 
Related violations: <none>

TIMING-18#175 Warning
Missing input or output delay  
An output delay is missing on generation_child1[27] relative to clock(s) clk 
Related violations: <none>

TIMING-18#176 Warning
Missing input or output delay  
An output delay is missing on generation_child1[28] relative to clock(s) clk 
Related violations: <none>

TIMING-18#177 Warning
Missing input or output delay  
An output delay is missing on generation_child1[29] relative to clock(s) clk 
Related violations: <none>

TIMING-18#178 Warning
Missing input or output delay  
An output delay is missing on generation_child1[2] relative to clock(s) clk 
Related violations: <none>

TIMING-18#179 Warning
Missing input or output delay  
An output delay is missing on generation_child1[30] relative to clock(s) clk 
Related violations: <none>

TIMING-18#180 Warning
Missing input or output delay  
An output delay is missing on generation_child1[31] relative to clock(s) clk 
Related violations: <none>

TIMING-18#181 Warning
Missing input or output delay  
An output delay is missing on generation_child1[32] relative to clock(s) clk 
Related violations: <none>

TIMING-18#182 Warning
Missing input or output delay  
An output delay is missing on generation_child1[33] relative to clock(s) clk 
Related violations: <none>

TIMING-18#183 Warning
Missing input or output delay  
An output delay is missing on generation_child1[34] relative to clock(s) clk 
Related violations: <none>

TIMING-18#184 Warning
Missing input or output delay  
An output delay is missing on generation_child1[35] relative to clock(s) clk 
Related violations: <none>

TIMING-18#185 Warning
Missing input or output delay  
An output delay is missing on generation_child1[36] relative to clock(s) clk 
Related violations: <none>

TIMING-18#186 Warning
Missing input or output delay  
An output delay is missing on generation_child1[37] relative to clock(s) clk 
Related violations: <none>

TIMING-18#187 Warning
Missing input or output delay  
An output delay is missing on generation_child1[38] relative to clock(s) clk 
Related violations: <none>

TIMING-18#188 Warning
Missing input or output delay  
An output delay is missing on generation_child1[39] relative to clock(s) clk 
Related violations: <none>

TIMING-18#189 Warning
Missing input or output delay  
An output delay is missing on generation_child1[3] relative to clock(s) clk 
Related violations: <none>

TIMING-18#190 Warning
Missing input or output delay  
An output delay is missing on generation_child1[40] relative to clock(s) clk 
Related violations: <none>

TIMING-18#191 Warning
Missing input or output delay  
An output delay is missing on generation_child1[41] relative to clock(s) clk 
Related violations: <none>

TIMING-18#192 Warning
Missing input or output delay  
An output delay is missing on generation_child1[42] relative to clock(s) clk 
Related violations: <none>

TIMING-18#193 Warning
Missing input or output delay  
An output delay is missing on generation_child1[43] relative to clock(s) clk 
Related violations: <none>

TIMING-18#194 Warning
Missing input or output delay  
An output delay is missing on generation_child1[44] relative to clock(s) clk 
Related violations: <none>

TIMING-18#195 Warning
Missing input or output delay  
An output delay is missing on generation_child1[45] relative to clock(s) clk 
Related violations: <none>

TIMING-18#196 Warning
Missing input or output delay  
An output delay is missing on generation_child1[46] relative to clock(s) clk 
Related violations: <none>

TIMING-18#197 Warning
Missing input or output delay  
An output delay is missing on generation_child1[47] relative to clock(s) clk 
Related violations: <none>

TIMING-18#198 Warning
Missing input or output delay  
An output delay is missing on generation_child1[48] relative to clock(s) clk 
Related violations: <none>

TIMING-18#199 Warning
Missing input or output delay  
An output delay is missing on generation_child1[49] relative to clock(s) clk 
Related violations: <none>

TIMING-18#200 Warning
Missing input or output delay  
An output delay is missing on generation_child1[4] relative to clock(s) clk 
Related violations: <none>

TIMING-18#201 Warning
Missing input or output delay  
An output delay is missing on generation_child1[50] relative to clock(s) clk 
Related violations: <none>

TIMING-18#202 Warning
Missing input or output delay  
An output delay is missing on generation_child1[51] relative to clock(s) clk 
Related violations: <none>

TIMING-18#203 Warning
Missing input or output delay  
An output delay is missing on generation_child1[52] relative to clock(s) clk 
Related violations: <none>

TIMING-18#204 Warning
Missing input or output delay  
An output delay is missing on generation_child1[53] relative to clock(s) clk 
Related violations: <none>

TIMING-18#205 Warning
Missing input or output delay  
An output delay is missing on generation_child1[54] relative to clock(s) clk 
Related violations: <none>

TIMING-18#206 Warning
Missing input or output delay  
An output delay is missing on generation_child1[55] relative to clock(s) clk 
Related violations: <none>

TIMING-18#207 Warning
Missing input or output delay  
An output delay is missing on generation_child1[56] relative to clock(s) clk 
Related violations: <none>

TIMING-18#208 Warning
Missing input or output delay  
An output delay is missing on generation_child1[57] relative to clock(s) clk 
Related violations: <none>

TIMING-18#209 Warning
Missing input or output delay  
An output delay is missing on generation_child1[58] relative to clock(s) clk 
Related violations: <none>

TIMING-18#210 Warning
Missing input or output delay  
An output delay is missing on generation_child1[59] relative to clock(s) clk 
Related violations: <none>

TIMING-18#211 Warning
Missing input or output delay  
An output delay is missing on generation_child1[5] relative to clock(s) clk 
Related violations: <none>

TIMING-18#212 Warning
Missing input or output delay  
An output delay is missing on generation_child1[60] relative to clock(s) clk 
Related violations: <none>

TIMING-18#213 Warning
Missing input or output delay  
An output delay is missing on generation_child1[61] relative to clock(s) clk 
Related violations: <none>

TIMING-18#214 Warning
Missing input or output delay  
An output delay is missing on generation_child1[62] relative to clock(s) clk 
Related violations: <none>

TIMING-18#215 Warning
Missing input or output delay  
An output delay is missing on generation_child1[63] relative to clock(s) clk 
Related violations: <none>

TIMING-18#216 Warning
Missing input or output delay  
An output delay is missing on generation_child1[6] relative to clock(s) clk 
Related violations: <none>

TIMING-18#217 Warning
Missing input or output delay  
An output delay is missing on generation_child1[7] relative to clock(s) clk 
Related violations: <none>

TIMING-18#218 Warning
Missing input or output delay  
An output delay is missing on generation_child1[8] relative to clock(s) clk 
Related violations: <none>

TIMING-18#219 Warning
Missing input or output delay  
An output delay is missing on generation_child1[9] relative to clock(s) clk 
Related violations: <none>

TIMING-18#220 Warning
Missing input or output delay  
An output delay is missing on generation_child2[0] relative to clock(s) clk 
Related violations: <none>

TIMING-18#221 Warning
Missing input or output delay  
An output delay is missing on generation_child2[10] relative to clock(s) clk 
Related violations: <none>

TIMING-18#222 Warning
Missing input or output delay  
An output delay is missing on generation_child2[11] relative to clock(s) clk 
Related violations: <none>

TIMING-18#223 Warning
Missing input or output delay  
An output delay is missing on generation_child2[12] relative to clock(s) clk 
Related violations: <none>

TIMING-18#224 Warning
Missing input or output delay  
An output delay is missing on generation_child2[13] relative to clock(s) clk 
Related violations: <none>

TIMING-18#225 Warning
Missing input or output delay  
An output delay is missing on generation_child2[14] relative to clock(s) clk 
Related violations: <none>

TIMING-18#226 Warning
Missing input or output delay  
An output delay is missing on generation_child2[15] relative to clock(s) clk 
Related violations: <none>

TIMING-18#227 Warning
Missing input or output delay  
An output delay is missing on generation_child2[16] relative to clock(s) clk 
Related violations: <none>

TIMING-18#228 Warning
Missing input or output delay  
An output delay is missing on generation_child2[17] relative to clock(s) clk 
Related violations: <none>

TIMING-18#229 Warning
Missing input or output delay  
An output delay is missing on generation_child2[18] relative to clock(s) clk 
Related violations: <none>

TIMING-18#230 Warning
Missing input or output delay  
An output delay is missing on generation_child2[19] relative to clock(s) clk 
Related violations: <none>

TIMING-18#231 Warning
Missing input or output delay  
An output delay is missing on generation_child2[1] relative to clock(s) clk 
Related violations: <none>

TIMING-18#232 Warning
Missing input or output delay  
An output delay is missing on generation_child2[20] relative to clock(s) clk 
Related violations: <none>

TIMING-18#233 Warning
Missing input or output delay  
An output delay is missing on generation_child2[21] relative to clock(s) clk 
Related violations: <none>

TIMING-18#234 Warning
Missing input or output delay  
An output delay is missing on generation_child2[22] relative to clock(s) clk 
Related violations: <none>

TIMING-18#235 Warning
Missing input or output delay  
An output delay is missing on generation_child2[23] relative to clock(s) clk 
Related violations: <none>

TIMING-18#236 Warning
Missing input or output delay  
An output delay is missing on generation_child2[24] relative to clock(s) clk 
Related violations: <none>

TIMING-18#237 Warning
Missing input or output delay  
An output delay is missing on generation_child2[25] relative to clock(s) clk 
Related violations: <none>

TIMING-18#238 Warning
Missing input or output delay  
An output delay is missing on generation_child2[26] relative to clock(s) clk 
Related violations: <none>

TIMING-18#239 Warning
Missing input or output delay  
An output delay is missing on generation_child2[27] relative to clock(s) clk 
Related violations: <none>

TIMING-18#240 Warning
Missing input or output delay  
An output delay is missing on generation_child2[28] relative to clock(s) clk 
Related violations: <none>

TIMING-18#241 Warning
Missing input or output delay  
An output delay is missing on generation_child2[29] relative to clock(s) clk 
Related violations: <none>

TIMING-18#242 Warning
Missing input or output delay  
An output delay is missing on generation_child2[2] relative to clock(s) clk 
Related violations: <none>

TIMING-18#243 Warning
Missing input or output delay  
An output delay is missing on generation_child2[30] relative to clock(s) clk 
Related violations: <none>

TIMING-18#244 Warning
Missing input or output delay  
An output delay is missing on generation_child2[31] relative to clock(s) clk 
Related violations: <none>

TIMING-18#245 Warning
Missing input or output delay  
An output delay is missing on generation_child2[32] relative to clock(s) clk 
Related violations: <none>

TIMING-18#246 Warning
Missing input or output delay  
An output delay is missing on generation_child2[33] relative to clock(s) clk 
Related violations: <none>

TIMING-18#247 Warning
Missing input or output delay  
An output delay is missing on generation_child2[34] relative to clock(s) clk 
Related violations: <none>

TIMING-18#248 Warning
Missing input or output delay  
An output delay is missing on generation_child2[35] relative to clock(s) clk 
Related violations: <none>

TIMING-18#249 Warning
Missing input or output delay  
An output delay is missing on generation_child2[36] relative to clock(s) clk 
Related violations: <none>

TIMING-18#250 Warning
Missing input or output delay  
An output delay is missing on generation_child2[37] relative to clock(s) clk 
Related violations: <none>

TIMING-18#251 Warning
Missing input or output delay  
An output delay is missing on generation_child2[38] relative to clock(s) clk 
Related violations: <none>

TIMING-18#252 Warning
Missing input or output delay  
An output delay is missing on generation_child2[39] relative to clock(s) clk 
Related violations: <none>

TIMING-18#253 Warning
Missing input or output delay  
An output delay is missing on generation_child2[3] relative to clock(s) clk 
Related violations: <none>

TIMING-18#254 Warning
Missing input or output delay  
An output delay is missing on generation_child2[40] relative to clock(s) clk 
Related violations: <none>

TIMING-18#255 Warning
Missing input or output delay  
An output delay is missing on generation_child2[41] relative to clock(s) clk 
Related violations: <none>

TIMING-18#256 Warning
Missing input or output delay  
An output delay is missing on generation_child2[42] relative to clock(s) clk 
Related violations: <none>

TIMING-18#257 Warning
Missing input or output delay  
An output delay is missing on generation_child2[43] relative to clock(s) clk 
Related violations: <none>

TIMING-18#258 Warning
Missing input or output delay  
An output delay is missing on generation_child2[44] relative to clock(s) clk 
Related violations: <none>

TIMING-18#259 Warning
Missing input or output delay  
An output delay is missing on generation_child2[45] relative to clock(s) clk 
Related violations: <none>

TIMING-18#260 Warning
Missing input or output delay  
An output delay is missing on generation_child2[46] relative to clock(s) clk 
Related violations: <none>

TIMING-18#261 Warning
Missing input or output delay  
An output delay is missing on generation_child2[47] relative to clock(s) clk 
Related violations: <none>

TIMING-18#262 Warning
Missing input or output delay  
An output delay is missing on generation_child2[48] relative to clock(s) clk 
Related violations: <none>

TIMING-18#263 Warning
Missing input or output delay  
An output delay is missing on generation_child2[49] relative to clock(s) clk 
Related violations: <none>

TIMING-18#264 Warning
Missing input or output delay  
An output delay is missing on generation_child2[4] relative to clock(s) clk 
Related violations: <none>

TIMING-18#265 Warning
Missing input or output delay  
An output delay is missing on generation_child2[50] relative to clock(s) clk 
Related violations: <none>

TIMING-18#266 Warning
Missing input or output delay  
An output delay is missing on generation_child2[51] relative to clock(s) clk 
Related violations: <none>

TIMING-18#267 Warning
Missing input or output delay  
An output delay is missing on generation_child2[52] relative to clock(s) clk 
Related violations: <none>

TIMING-18#268 Warning
Missing input or output delay  
An output delay is missing on generation_child2[53] relative to clock(s) clk 
Related violations: <none>

TIMING-18#269 Warning
Missing input or output delay  
An output delay is missing on generation_child2[54] relative to clock(s) clk 
Related violations: <none>

TIMING-18#270 Warning
Missing input or output delay  
An output delay is missing on generation_child2[55] relative to clock(s) clk 
Related violations: <none>

TIMING-18#271 Warning
Missing input or output delay  
An output delay is missing on generation_child2[56] relative to clock(s) clk 
Related violations: <none>

TIMING-18#272 Warning
Missing input or output delay  
An output delay is missing on generation_child2[57] relative to clock(s) clk 
Related violations: <none>

TIMING-18#273 Warning
Missing input or output delay  
An output delay is missing on generation_child2[58] relative to clock(s) clk 
Related violations: <none>

TIMING-18#274 Warning
Missing input or output delay  
An output delay is missing on generation_child2[59] relative to clock(s) clk 
Related violations: <none>

TIMING-18#275 Warning
Missing input or output delay  
An output delay is missing on generation_child2[5] relative to clock(s) clk 
Related violations: <none>

TIMING-18#276 Warning
Missing input or output delay  
An output delay is missing on generation_child2[60] relative to clock(s) clk 
Related violations: <none>

TIMING-18#277 Warning
Missing input or output delay  
An output delay is missing on generation_child2[61] relative to clock(s) clk 
Related violations: <none>

TIMING-18#278 Warning
Missing input or output delay  
An output delay is missing on generation_child2[62] relative to clock(s) clk 
Related violations: <none>

TIMING-18#279 Warning
Missing input or output delay  
An output delay is missing on generation_child2[63] relative to clock(s) clk 
Related violations: <none>

TIMING-18#280 Warning
Missing input or output delay  
An output delay is missing on generation_child2[6] relative to clock(s) clk 
Related violations: <none>

TIMING-18#281 Warning
Missing input or output delay  
An output delay is missing on generation_child2[7] relative to clock(s) clk 
Related violations: <none>

TIMING-18#282 Warning
Missing input or output delay  
An output delay is missing on generation_child2[8] relative to clock(s) clk 
Related violations: <none>

TIMING-18#283 Warning
Missing input or output delay  
An output delay is missing on generation_child2[9] relative to clock(s) clk 
Related violations: <none>


