c:\users\cml\desktop\embededproject\userapp\userapp\debug\userapp.pch
c:\users\cml\desktop\embededproject\userapp\userapp\debug\vc141.pdb
c:\users\cml\desktop\embededproject\userapp\userapp\debug\vc141.idb
c:\users\cml\desktop\embededproject\userapp\userapp\debug\stdafx.obj
c:\users\cml\desktop\embededproject\userapp\userapp\debug\context.obj
c:\users\cml\desktop\embededproject\userapp\userapp\debug\generategeneration.obj
c:\users\cml\desktop\embededproject\userapp\userapp\debug\idle.obj
c:\users\cml\desktop\embededproject\userapp\userapp\debug\action.obj
c:\users\cml\desktop\embededproject\userapp\userapp\debug\optimize.obj
c:\users\cml\desktop\embededproject\userapp\userapp\debug\save.obj
c:\users\cml\desktop\embededproject\userapp\userapp\debug\setup.obj
c:\users\cml\desktop\embededproject\userapp\userapp\debug\simulate.obj
c:\users\cml\desktop\embededproject\userapp\userapp\debug\state.obj
c:\users\cml\desktop\embededproject\userapp\userapp\debug\userapp.obj
c:\users\cml\desktop\embededproject\userapp\debug\userapp.pdb
c:\users\cml\desktop\embededproject\userapp\userapp\debug\userapp.tlog\cl.command.1.tlog
c:\users\cml\desktop\embededproject\userapp\userapp\debug\userapp.tlog\cl.read.1.tlog
c:\users\cml\desktop\embededproject\userapp\userapp\debug\userapp.tlog\cl.write.1.tlog
c:\users\cml\desktop\embededproject\userapp\userapp\debug\userapp.tlog\link-cvtres.read.1.tlog
c:\users\cml\desktop\embededproject\userapp\userapp\debug\userapp.tlog\link-cvtres.write.1.tlog
c:\users\cml\desktop\embededproject\userapp\userapp\debug\userapp.tlog\link-rc.read.1.tlog
c:\users\cml\desktop\embededproject\userapp\userapp\debug\userapp.tlog\link-rc.write.1.tlog
c:\users\cml\desktop\embededproject\userapp\userapp\debug\userapp.tlog\link.command.1.tlog
c:\users\cml\desktop\embededproject\userapp\userapp\debug\userapp.tlog\link.read.1.tlog
c:\users\cml\desktop\embededproject\userapp\userapp\debug\userapp.tlog\link.write.1.tlog
