Copyright 1986-2017 Xilinx, Inc. All Rights Reserved.
---------------------------------------------------------------------------------------------------------------------------------------------
| Tool Version : Vivado v.2017.2 (win64) Build 1909853 Thu Jun 15 18:39:09 MDT 2017
| Date         : Thu Dec 13 12:13:54 2018
| Host         : Centropy running 64-bit major release  (build 9200)
| Command      : report_methodology -file GenerationGenerator_methodology_drc_routed.rpt -rpx GenerationGenerator_methodology_drc_routed.rpx
| Design       : GenerationGenerator
| Device       : xc7z010clg400-1
| Speed File   : -1
| Design State : Routed
---------------------------------------------------------------------------------------------------------------------------------------------

Report Methodology

Table of Contents
-----------------
1. REPORT SUMMARY
2. REPORT DETAILS

1. REPORT SUMMARY
-----------------
            Netlist: netlist
          Floorplan: checkpoint_GenerationGenerator
      Design limits: <entire design considered>
             Max violations: <unlimited>
             Violations found: 115
+-----------+----------+-------------------------------+------------+
| Rule      | Severity | Description                   | Violations |
+-----------+----------+-------------------------------+------------+
| TIMING-18 | Warning  | Missing input or output delay | 115        |
+-----------+----------+-------------------------------+------------+

2. REPORT DETAILS
-----------------
TIMING-18#1 Warning
Missing input or output delay  
An input delay is missing on generation_parent1[0] relative to clock(s) clk 
Related violations: <none>

TIMING-18#2 Warning
Missing input or output delay  
An input delay is missing on generation_parent1[10] relative to clock(s) clk 
Related violations: <none>

TIMING-18#3 Warning
Missing input or output delay  
An input delay is missing on generation_parent1[11] relative to clock(s) clk 
Related violations: <none>

TIMING-18#4 Warning
Missing input or output delay  
An input delay is missing on generation_parent1[12] relative to clock(s) clk 
Related violations: <none>

TIMING-18#5 Warning
Missing input or output delay  
An input delay is missing on generation_parent1[13] relative to clock(s) clk 
Related violations: <none>

TIMING-18#6 Warning
Missing input or output delay  
An input delay is missing on generation_parent1[14] relative to clock(s) clk 
Related violations: <none>

TIMING-18#7 Warning
Missing input or output delay  
An input delay is missing on generation_parent1[15] relative to clock(s) clk 
Related violations: <none>

TIMING-18#8 Warning
Missing input or output delay  
An input delay is missing on generation_parent1[1] relative to clock(s) clk 
Related violations: <none>

TIMING-18#9 Warning
Missing input or output delay  
An input delay is missing on generation_parent1[2] relative to clock(s) clk 
Related violations: <none>

TIMING-18#10 Warning
Missing input or output delay  
An input delay is missing on generation_parent1[3] relative to clock(s) clk 
Related violations: <none>

TIMING-18#11 Warning
Missing input or output delay  
An input delay is missing on generation_parent1[4] relative to clock(s) clk 
Related violations: <none>

TIMING-18#12 Warning
Missing input or output delay  
An input delay is missing on generation_parent1[5] relative to clock(s) clk 
Related violations: <none>

TIMING-18#13 Warning
Missing input or output delay  
An input delay is missing on generation_parent1[6] relative to clock(s) clk 
Related violations: <none>

TIMING-18#14 Warning
Missing input or output delay  
An input delay is missing on generation_parent1[7] relative to clock(s) clk 
Related violations: <none>

TIMING-18#15 Warning
Missing input or output delay  
An input delay is missing on generation_parent1[8] relative to clock(s) clk 
Related violations: <none>

TIMING-18#16 Warning
Missing input or output delay  
An input delay is missing on generation_parent1[9] relative to clock(s) clk 
Related violations: <none>

TIMING-18#17 Warning
Missing input or output delay  
An input delay is missing on generation_parent2[0] relative to clock(s) clk 
Related violations: <none>

TIMING-18#18 Warning
Missing input or output delay  
An input delay is missing on generation_parent2[10] relative to clock(s) clk 
Related violations: <none>

TIMING-18#19 Warning
Missing input or output delay  
An input delay is missing on generation_parent2[11] relative to clock(s) clk 
Related violations: <none>

TIMING-18#20 Warning
Missing input or output delay  
An input delay is missing on generation_parent2[12] relative to clock(s) clk 
Related violations: <none>

TIMING-18#21 Warning
Missing input or output delay  
An input delay is missing on generation_parent2[13] relative to clock(s) clk 
Related violations: <none>

TIMING-18#22 Warning
Missing input or output delay  
An input delay is missing on generation_parent2[14] relative to clock(s) clk 
Related violations: <none>

TIMING-18#23 Warning
Missing input or output delay  
An input delay is missing on generation_parent2[15] relative to clock(s) clk 
Related violations: <none>

TIMING-18#24 Warning
Missing input or output delay  
An input delay is missing on generation_parent2[1] relative to clock(s) clk 
Related violations: <none>

TIMING-18#25 Warning
Missing input or output delay  
An input delay is missing on generation_parent2[2] relative to clock(s) clk 
Related violations: <none>

TIMING-18#26 Warning
Missing input or output delay  
An input delay is missing on generation_parent2[3] relative to clock(s) clk 
Related violations: <none>

TIMING-18#27 Warning
Missing input or output delay  
An input delay is missing on generation_parent2[4] relative to clock(s) clk 
Related violations: <none>

TIMING-18#28 Warning
Missing input or output delay  
An input delay is missing on generation_parent2[5] relative to clock(s) clk 
Related violations: <none>

TIMING-18#29 Warning
Missing input or output delay  
An input delay is missing on generation_parent2[6] relative to clock(s) clk 
Related violations: <none>

TIMING-18#30 Warning
Missing input or output delay  
An input delay is missing on generation_parent2[7] relative to clock(s) clk 
Related violations: <none>

TIMING-18#31 Warning
Missing input or output delay  
An input delay is missing on generation_parent2[8] relative to clock(s) clk 
Related violations: <none>

TIMING-18#32 Warning
Missing input or output delay  
An input delay is missing on generation_parent2[9] relative to clock(s) clk 
Related violations: <none>

TIMING-18#33 Warning
Missing input or output delay  
An input delay is missing on mutation_probability[0] relative to clock(s) clk 
Related violations: <none>

TIMING-18#34 Warning
Missing input or output delay  
An input delay is missing on mutation_probability[10] relative to clock(s) clk 
Related violations: <none>

TIMING-18#35 Warning
Missing input or output delay  
An input delay is missing on mutation_probability[11] relative to clock(s) clk 
Related violations: <none>

TIMING-18#36 Warning
Missing input or output delay  
An input delay is missing on mutation_probability[12] relative to clock(s) clk 
Related violations: <none>

TIMING-18#37 Warning
Missing input or output delay  
An input delay is missing on mutation_probability[13] relative to clock(s) clk 
Related violations: <none>

TIMING-18#38 Warning
Missing input or output delay  
An input delay is missing on mutation_probability[14] relative to clock(s) clk 
Related violations: <none>

TIMING-18#39 Warning
Missing input or output delay  
An input delay is missing on mutation_probability[15] relative to clock(s) clk 
Related violations: <none>

TIMING-18#40 Warning
Missing input or output delay  
An input delay is missing on mutation_probability[16] relative to clock(s) clk 
Related violations: <none>

TIMING-18#41 Warning
Missing input or output delay  
An input delay is missing on mutation_probability[17] relative to clock(s) clk 
Related violations: <none>

TIMING-18#42 Warning
Missing input or output delay  
An input delay is missing on mutation_probability[18] relative to clock(s) clk 
Related violations: <none>

TIMING-18#43 Warning
Missing input or output delay  
An input delay is missing on mutation_probability[19] relative to clock(s) clk 
Related violations: <none>

TIMING-18#44 Warning
Missing input or output delay  
An input delay is missing on mutation_probability[1] relative to clock(s) clk 
Related violations: <none>

TIMING-18#45 Warning
Missing input or output delay  
An input delay is missing on mutation_probability[20] relative to clock(s) clk 
Related violations: <none>

TIMING-18#46 Warning
Missing input or output delay  
An input delay is missing on mutation_probability[21] relative to clock(s) clk 
Related violations: <none>

TIMING-18#47 Warning
Missing input or output delay  
An input delay is missing on mutation_probability[22] relative to clock(s) clk 
Related violations: <none>

TIMING-18#48 Warning
Missing input or output delay  
An input delay is missing on mutation_probability[23] relative to clock(s) clk 
Related violations: <none>

TIMING-18#49 Warning
Missing input or output delay  
An input delay is missing on mutation_probability[2] relative to clock(s) clk 
Related violations: <none>

TIMING-18#50 Warning
Missing input or output delay  
An input delay is missing on mutation_probability[3] relative to clock(s) clk 
Related violations: <none>

TIMING-18#51 Warning
Missing input or output delay  
An input delay is missing on mutation_probability[4] relative to clock(s) clk 
Related violations: <none>

TIMING-18#52 Warning
Missing input or output delay  
An input delay is missing on mutation_probability[5] relative to clock(s) clk 
Related violations: <none>

TIMING-18#53 Warning
Missing input or output delay  
An input delay is missing on mutation_probability[6] relative to clock(s) clk 
Related violations: <none>

TIMING-18#54 Warning
Missing input or output delay  
An input delay is missing on mutation_probability[7] relative to clock(s) clk 
Related violations: <none>

TIMING-18#55 Warning
Missing input or output delay  
An input delay is missing on mutation_probability[8] relative to clock(s) clk 
Related violations: <none>

TIMING-18#56 Warning
Missing input or output delay  
An input delay is missing on mutation_probability[9] relative to clock(s) clk 
Related violations: <none>

TIMING-18#57 Warning
Missing input or output delay  
An input delay is missing on random[0] relative to clock(s) clk 
Related violations: <none>

TIMING-18#58 Warning
Missing input or output delay  
An input delay is missing on random[10] relative to clock(s) clk 
Related violations: <none>

TIMING-18#59 Warning
Missing input or output delay  
An input delay is missing on random[11] relative to clock(s) clk 
Related violations: <none>

TIMING-18#60 Warning
Missing input or output delay  
An input delay is missing on random[12] relative to clock(s) clk 
Related violations: <none>

TIMING-18#61 Warning
Missing input or output delay  
An input delay is missing on random[13] relative to clock(s) clk 
Related violations: <none>

TIMING-18#62 Warning
Missing input or output delay  
An input delay is missing on random[14] relative to clock(s) clk 
Related violations: <none>

TIMING-18#63 Warning
Missing input or output delay  
An input delay is missing on random[15] relative to clock(s) clk 
Related violations: <none>

TIMING-18#64 Warning
Missing input or output delay  
An input delay is missing on random[16] relative to clock(s) clk 
Related violations: <none>

TIMING-18#65 Warning
Missing input or output delay  
An input delay is missing on random[17] relative to clock(s) clk 
Related violations: <none>

TIMING-18#66 Warning
Missing input or output delay  
An input delay is missing on random[18] relative to clock(s) clk 
Related violations: <none>

TIMING-18#67 Warning
Missing input or output delay  
An input delay is missing on random[19] relative to clock(s) clk 
Related violations: <none>

TIMING-18#68 Warning
Missing input or output delay  
An input delay is missing on random[1] relative to clock(s) clk 
Related violations: <none>

TIMING-18#69 Warning
Missing input or output delay  
An input delay is missing on random[20] relative to clock(s) clk 
Related violations: <none>

TIMING-18#70 Warning
Missing input or output delay  
An input delay is missing on random[21] relative to clock(s) clk 
Related violations: <none>

TIMING-18#71 Warning
Missing input or output delay  
An input delay is missing on random[22] relative to clock(s) clk 
Related violations: <none>

TIMING-18#72 Warning
Missing input or output delay  
An input delay is missing on random[23] relative to clock(s) clk 
Related violations: <none>

TIMING-18#73 Warning
Missing input or output delay  
An input delay is missing on random[2] relative to clock(s) clk 
Related violations: <none>

TIMING-18#74 Warning
Missing input or output delay  
An input delay is missing on random[3] relative to clock(s) clk 
Related violations: <none>

TIMING-18#75 Warning
Missing input or output delay  
An input delay is missing on random[4] relative to clock(s) clk 
Related violations: <none>

TIMING-18#76 Warning
Missing input or output delay  
An input delay is missing on random[5] relative to clock(s) clk 
Related violations: <none>

TIMING-18#77 Warning
Missing input or output delay  
An input delay is missing on random[6] relative to clock(s) clk 
Related violations: <none>

TIMING-18#78 Warning
Missing input or output delay  
An input delay is missing on random[7] relative to clock(s) clk 
Related violations: <none>

TIMING-18#79 Warning
Missing input or output delay  
An input delay is missing on random[8] relative to clock(s) clk 
Related violations: <none>

TIMING-18#80 Warning
Missing input or output delay  
An input delay is missing on random[9] relative to clock(s) clk 
Related violations: <none>

TIMING-18#81 Warning
Missing input or output delay  
An input delay is missing on reset relative to clock(s) clk 
Related violations: <none>

TIMING-18#82 Warning
Missing input or output delay  
An input delay is missing on startGenerating relative to clock(s) clk 
Related violations: <none>

TIMING-18#83 Warning
Missing input or output delay  
An output delay is missing on generatingDone relative to clock(s) clk 
Related violations: <none>

TIMING-18#84 Warning
Missing input or output delay  
An output delay is missing on generation_child1[0] relative to clock(s) clk 
Related violations: <none>

TIMING-18#85 Warning
Missing input or output delay  
An output delay is missing on generation_child1[10] relative to clock(s) clk 
Related violations: <none>

TIMING-18#86 Warning
Missing input or output delay  
An output delay is missing on generation_child1[11] relative to clock(s) clk 
Related violations: <none>

TIMING-18#87 Warning
Missing input or output delay  
An output delay is missing on generation_child1[12] relative to clock(s) clk 
Related violations: <none>

TIMING-18#88 Warning
Missing input or output delay  
An output delay is missing on generation_child1[13] relative to clock(s) clk 
Related violations: <none>

TIMING-18#89 Warning
Missing input or output delay  
An output delay is missing on generation_child1[14] relative to clock(s) clk 
Related violations: <none>

TIMING-18#90 Warning
Missing input or output delay  
An output delay is missing on generation_child1[15] relative to clock(s) clk 
Related violations: <none>

TIMING-18#91 Warning
Missing input or output delay  
An output delay is missing on generation_child1[1] relative to clock(s) clk 
Related violations: <none>

TIMING-18#92 Warning
Missing input or output delay  
An output delay is missing on generation_child1[2] relative to clock(s) clk 
Related violations: <none>

TIMING-18#93 Warning
Missing input or output delay  
An output delay is missing on generation_child1[3] relative to clock(s) clk 
Related violations: <none>

TIMING-18#94 Warning
Missing input or output delay  
An output delay is missing on generation_child1[4] relative to clock(s) clk 
Related violations: <none>

TIMING-18#95 Warning
Missing input or output delay  
An output delay is missing on generation_child1[5] relative to clock(s) clk 
Related violations: <none>

TIMING-18#96 Warning
Missing input or output delay  
An output delay is missing on generation_child1[6] relative to clock(s) clk 
Related violations: <none>

TIMING-18#97 Warning
Missing input or output delay  
An output delay is missing on generation_child1[7] relative to clock(s) clk 
Related violations: <none>

TIMING-18#98 Warning
Missing input or output delay  
An output delay is missing on generation_child1[8] relative to clock(s) clk 
Related violations: <none>

TIMING-18#99 Warning
Missing input or output delay  
An output delay is missing on generation_child1[9] relative to clock(s) clk 
Related violations: <none>

TIMING-18#100 Warning
Missing input or output delay  
An output delay is missing on generation_child2[0] relative to clock(s) clk 
Related violations: <none>

TIMING-18#101 Warning
Missing input or output delay  
An output delay is missing on generation_child2[10] relative to clock(s) clk 
Related violations: <none>

TIMING-18#102 Warning
Missing input or output delay  
An output delay is missing on generation_child2[11] relative to clock(s) clk 
Related violations: <none>

TIMING-18#103 Warning
Missing input or output delay  
An output delay is missing on generation_child2[12] relative to clock(s) clk 
Related violations: <none>

TIMING-18#104 Warning
Missing input or output delay  
An output delay is missing on generation_child2[13] relative to clock(s) clk 
Related violations: <none>

TIMING-18#105 Warning
Missing input or output delay  
An output delay is missing on generation_child2[14] relative to clock(s) clk 
Related violations: <none>

TIMING-18#106 Warning
Missing input or output delay  
An output delay is missing on generation_child2[15] relative to clock(s) clk 
Related violations: <none>

TIMING-18#107 Warning
Missing input or output delay  
An output delay is missing on generation_child2[1] relative to clock(s) clk 
Related violations: <none>

TIMING-18#108 Warning
Missing input or output delay  
An output delay is missing on generation_child2[2] relative to clock(s) clk 
Related violations: <none>

TIMING-18#109 Warning
Missing input or output delay  
An output delay is missing on generation_child2[3] relative to clock(s) clk 
Related violations: <none>

TIMING-18#110 Warning
Missing input or output delay  
An output delay is missing on generation_child2[4] relative to clock(s) clk 
Related violations: <none>

TIMING-18#111 Warning
Missing input or output delay  
An output delay is missing on generation_child2[5] relative to clock(s) clk 
Related violations: <none>

TIMING-18#112 Warning
Missing input or output delay  
An output delay is missing on generation_child2[6] relative to clock(s) clk 
Related violations: <none>

TIMING-18#113 Warning
Missing input or output delay  
An output delay is missing on generation_child2[7] relative to clock(s) clk 
Related violations: <none>

TIMING-18#114 Warning
Missing input or output delay  
An output delay is missing on generation_child2[8] relative to clock(s) clk 
Related violations: <none>

TIMING-18#115 Warning
Missing input or output delay  
An output delay is missing on generation_child2[9] relative to clock(s) clk 
Related violations: <none>


