

================================================================
== Vivado HLS Report for 'RosenbrockSimulator'
================================================================
* Date:           Thu Dec 20 10:37:43 2018

* Version:        2017.2 (Build 1909853 on Thu Jun 15 18:55:24 MDT 2017)
* Project:        GeneticAlgoHlsRosenbrock
* Solution:       solution1
* Product family: zynq
* Target device:  xc7z010clg400-1


================================================================
== Performance Estimates
================================================================
+ Timing (ns): 
    * Summary: 
    +--------+-------+----------+------------+
    |  Clock | Target| Estimated| Uncertainty|
    +--------+-------+----------+------------+
    |ap_clk  |  20.00|     17.25|        2.50|
    +--------+-------+----------+------------+

+ Latency (clock cycles): 
    * Summary: 
    +-----+-----+-----+-----+---------+
    |  Latency  |  Interval | Pipeline|
    | min | max | min | max |   Type  |
    +-----+-----+-----+-----+---------+
    |    0|   96|    1|   97|   none  |
    +-----+-----+-----+-----+---------+

    + Detail: 
        * Instance: 
        N/A

        * Loop: 
        N/A

============================================================
+ Verbose Summary: Synthesis Manager
============================================================
InlineROM: 1
ExposeGlobal: 0
============================================================
+ Verbose Summary: CDFG Model
============================================================
IsTopModel: 1
ResetActiveHigh: 1
IsCombinational: 0
IsDatapathOnly: 0
HasWiredReturn: 1
HasMFsm: 0
HasVarLatency: 1
IsPipeline: 0
IsRtlPipelined: 0
IsInstanceOverlapped: 0
IsDontTouch: 0
HasImplIP: 0
IsGatedGlobalClock: 0


============================================================
+ Verbose Summary: Schedule
============================================================
* Number of FSM states: 2
* Pipeline: 0
* Dataflow Pipeline: 0

* FSM state transitions: 
1 --> 
	2  / (RosenbrockSimulator_s)
2 --> 
* FSM state operations: 

 <State 1>: 0.00ns
ST_1: StgValue_3 (22)  [1/1] 0.00ns
:0  call void (...)* @_ssdm_op_SpecBitsMap(i1* %clk), !map !4043

ST_1: StgValue_4 (23)  [1/1] 0.00ns
:1  call void (...)* @_ssdm_op_SpecBitsMap(i1* %reset), !map !4047

ST_1: StgValue_5 (24)  [1/1] 0.00ns
:2  call void (...)* @_ssdm_op_SpecBitsMap(i1* %startSimulation), !map !4051

ST_1: StgValue_6 (25)  [1/1] 0.00ns
:3  call void (...)* @_ssdm_op_SpecBitsMap(i1* %simulationDone), !map !4055

ST_1: StgValue_7 (26)  [1/1] 0.00ns
:4  call void (...)* @_ssdm_op_SpecBitsMap(i32* %a), !map !4059

ST_1: StgValue_8 (27)  [1/1] 0.00ns
:5  call void (...)* @_ssdm_op_SpecBitsMap(i32* %b), !map !4063

ST_1: StgValue_9 (28)  [1/1] 0.00ns
:6  call void (...)* @_ssdm_op_SpecBitsMap(i64* %chromosome_in), !map !4067

ST_1: StgValue_10 (29)  [1/1] 0.00ns
:7  call void (...)* @_ssdm_op_SpecBitsMap(i32* %fitness), !map !4071

ST_1: StgValue_11 (30)  [1/1] 0.00ns  loc: ../RosenbrockSimulator/RosenbrockSimulator.h:20
:8  call void (...)* @_ssdm_op_SpecTopModule([20 x i8]* @p_str, [20 x i8]* @p_str) nounwind

ST_1: RosenbrockSimulator_s (31)  [1/1] 0.00ns  loc: ../RosenbrockSimulator/RosenbrockSimulator.h:21
:9  %RosenbrockSimulator_s = load i1* @RosenbrockSimulator_ssdm_thread_M_simulateRosenbrock, align 1

ST_1: StgValue_13 (32)  [1/1] 0.00ns  loc: ../RosenbrockSimulator/RosenbrockSimulator.h:21
:10  br i1 %RosenbrockSimulator_s, label %1, label %2

ST_1: StgValue_14 (34)  [1/1] 0.00ns  loc: ../RosenbrockSimulator/RosenbrockSimulator.h:21
:0  call void (...)* @_ssdm_op_SpecProcessDecl([20 x i8]* @p_str, i32 2, [19 x i8]* @p_str12) nounwind

ST_1: StgValue_15 (35)  [1/1] 0.00ns  loc: ../RosenbrockSimulator/RosenbrockSimulator.h:22
:1  call void (...)* @_ssdm_op_SpecSensitive([19 x i8]* @p_str12, [4 x i8]* @p_str2, i1* %clk, i32 1) nounwind

ST_1: StgValue_16 (36)  [1/1] 0.00ns  loc: ../RosenbrockSimulator/RosenbrockSimulator.h:23
:2  call void (...)* @_ssdm_op_SpecSensitive([19 x i8]* @p_str12, [6 x i8]* @p_str3, i1* %reset, i32 4) nounwind

ST_1: StgValue_17 (37)  [1/1] 0.00ns  loc: ../RosenbrockSimulator/RosenbrockSimulator.h:24
:3  call void (...)* @_ssdm_op_SpecPort([20 x i8]* @p_str, i32 0, [7 x i8]* @p_str1, [4 x i8]* @p_str2, i32 0, i32 0, i1* %clk) nounwind

ST_1: StgValue_18 (38)  [1/1] 0.00ns  loc: ../RosenbrockSimulator/RosenbrockSimulator.h:25
:4  call void (...)* @_ssdm_op_SpecPort([20 x i8]* @p_str, i32 0, [7 x i8]* @p_str1, [6 x i8]* @p_str3, i32 0, i32 0, i1* %reset) nounwind

ST_1: StgValue_19 (39)  [1/1] 0.00ns  loc: ../RosenbrockSimulator/RosenbrockSimulator.h:26
:5  call void (...)* @_ssdm_op_SpecPort([20 x i8]* @p_str, i32 0, [7 x i8]* @p_str1, [16 x i8]* @p_str4, i32 0, i32 0, i1* %startSimulation) nounwind

ST_1: StgValue_20 (40)  [1/1] 0.00ns  loc: ../RosenbrockSimulator/RosenbrockSimulator.h:27
:6  call void (...)* @_ssdm_op_SpecPort([20 x i8]* @p_str, i32 1, [7 x i8]* @p_str1, [15 x i8]* @p_str5, i32 0, i32 0, i1* %simulationDone) nounwind

ST_1: StgValue_21 (41)  [1/1] 0.00ns  loc: ../RosenbrockSimulator/RosenbrockSimulator.h:28
:7  call void (...)* @_ssdm_op_SpecPort([20 x i8]* @p_str, i32 0, [14 x i8]* @p_str6, [2 x i8]* @p_str7, i32 0, i32 0, i32* %a) nounwind

ST_1: StgValue_22 (42)  [1/1] 0.00ns  loc: ../RosenbrockSimulator/RosenbrockSimulator.h:29
:8  call void (...)* @_ssdm_op_SpecPort([20 x i8]* @p_str, i32 0, [14 x i8]* @p_str6, [2 x i8]* @p_str8, i32 0, i32 0, i32* %b) nounwind

ST_1: StgValue_23 (43)  [1/1] 0.00ns  loc: ../RosenbrockSimulator/RosenbrockSimulator.h:30
:9  call void (...)* @_ssdm_op_SpecPort([20 x i8]* @p_str, i32 0, [14 x i8]* @p_str9, [14 x i8]* @p_str10, i32 0, i32 0, i64* %chromosome_in) nounwind

ST_1: StgValue_24 (44)  [1/1] 0.00ns  loc: ../RosenbrockSimulator/RosenbrockSimulator.h:31
:10  call void (...)* @_ssdm_op_SpecPort([20 x i8]* @p_str, i32 1, [14 x i8]* @p_str6, [8 x i8]* @p_str11, i32 0, i32 0, i32* %fitness) nounwind

ST_1: StgValue_25 (45)  [1/1] 0.00ns  loc: ../RosenbrockSimulator/RosenbrockSimulator.h:22
:11  ret void

ST_1: StgValue_26 (47)  [2/2] 0.00ns  loc: ../RosenbrockSimulator/RosenbrockSimulator.h:21
:0  call void @"RosenbrockSimulator::simulateRosenbrock"(i1* %clk, i1* %reset, i1* %startSimulation, i1* %simulationDone, i32* %a, i32* %b, i64* %chromosome_in, i32* %fitness)


 <State 2>: 9.01ns
ST_2: StgValue_27 (47)  [1/2] 9.01ns  loc: ../RosenbrockSimulator/RosenbrockSimulator.h:21
:0  call void @"RosenbrockSimulator::simulateRosenbrock"(i1* %clk, i1* %reset, i1* %startSimulation, i1* %simulationDone, i32* %a, i32* %b, i64* %chromosome_in, i32* %fitness)

ST_2: StgValue_28 (48)  [1/1] 0.00ns
:1  unreachable



============================================================
+ Verbose Summary: Timing violations
============================================================
Target clock period: 20ns, clock uncertainty: 2.5ns.

 <State 1>: 0ns
The critical path consists of the following:

 <State 2>: 9.01ns
The critical path consists of the following:
	'call' operation (../RosenbrockSimulator/RosenbrockSimulator.h:21) to 'RosenbrockSimulator::simulateRosenbrock' [47]  (9.01 ns)


============================================================
+ Verbose Summary: Binding
============================================================
N/A
* FSMD analyzer results:
  - Output states:
 - Input state : 
  - Chain level:
	State 1
	State 2


============================================================
+ Verbose Summary: Datapath Resource usage 
============================================================
N/A
