

================================================================
== Vivado HLS Report for 'GenerationGenerator'
================================================================
* Date:           Thu Dec 20 15:06:56 2018

* Version:        2018.3 (Build 2405991 on Thu Dec 06 23:56:15 MST 2018)
* Project:        GeneticAlgoHls
* Solution:       solution1
* Product family: zynq
* Target device:  xc7z010clg400-1


================================================================
== Performance Estimates
================================================================
+ Timing (ns): 
    * Summary: 
    +--------+-------+----------+------------+
    |  Clock | Target| Estimated| Uncertainty|
    +--------+-------+----------+------------+
    |ap_clk  |  20.00|     7.474|        2.50|
    +--------+-------+----------+------------+

+ Latency (clock cycles): 
    * Summary: 
    +-----+-----+-----+-----+---------+
    |  Latency  |  Interval | Pipeline|
    | min | max | min | max |   Type  |
    +-----+-----+-----+-----+---------+
    |    0|  270|    0|  270|   none  |
    +-----+-----+-----+-----+---------+

    + Detail: 
        * Instance: 
        +---------------------------------------------------+----------------------------------------+-----+-----+-----+-----+---------+
        |                                                   |                                        |  Latency  |  Interval | Pipeline|
        |                      Instance                     |                 Module                 | min | max | min | max |   Type  |
        +---------------------------------------------------+----------------------------------------+-----+-----+-----+-----+---------+
        |grp_GenerationGenerator_generateGeneration_fu_104  |GenerationGenerator_generateGeneration  |  269|  269|  269|  269|   none  |
        |grp_GenerationGenerator_produceRandom_fu_134       |GenerationGenerator_produceRandom       |    3|    3|    3|    3|   none  |
        +---------------------------------------------------+----------------------------------------+-----+-----+-----+-----+---------+

        * Loop: 
        N/A

============================================================
+ Verbose Summary: Synthesis Manager
============================================================
InlineROM: 1
ExposeGlobal: 0
============================================================
+ Verbose Summary: CDFG Model
============================================================
IsTopModel: 1
ResetActiveHigh: 1
IsCombinational: 0
IsDatapathOnly: 0
HasWiredReturn: 1
HasMFsm: 0
HasVarLatency: 1
IsPipeline: 0
IsRtlPipelined: 0
IsInstanceOverlapped: 0
IsDontTouch: 0
HasImplIP: 0
IsGatedGlobalClock: 0


============================================================
+ Verbose Summary: Schedule
============================================================
* Number of FSM states : 2
* Pipeline : 0
* Dataflow Pipeline: 0

* FSM state transitions: 
1 --> 
	2  / (GenerationGenerator_1) | (GenerationGenerator_s)
2 --> 

* FSM state operations: 

State 1 <SV = 0> <Delay = 6.29>
ST_1 : Operation 3 [1/1] (0.00ns)   --->   "call void (...)* @_ssdm_op_SpecBitsMap(i1* %clk), !map !188"   --->   Operation 3 'specbitsmap' <Predicate = true> <Delay = 0.00>
ST_1 : Operation 4 [1/1] (0.00ns)   --->   "call void (...)* @_ssdm_op_SpecBitsMap(i1* %reset), !map !192"   --->   Operation 4 'specbitsmap' <Predicate = true> <Delay = 0.00>
ST_1 : Operation 5 [1/1] (0.00ns)   --->   "call void (...)* @_ssdm_op_SpecBitsMap(i1* %startGenerating), !map !196"   --->   Operation 5 'specbitsmap' <Predicate = true> <Delay = 0.00>
ST_1 : Operation 6 [1/1] (0.00ns)   --->   "call void (...)* @_ssdm_op_SpecBitsMap(i1* %generatingDone), !map !200"   --->   Operation 6 'specbitsmap' <Predicate = true> <Delay = 0.00>
ST_1 : Operation 7 [1/1] (0.00ns)   --->   "call void (...)* @_ssdm_op_SpecBitsMap(i64* %generation_parent1), !map !204"   --->   Operation 7 'specbitsmap' <Predicate = true> <Delay = 0.00>
ST_1 : Operation 8 [1/1] (0.00ns)   --->   "call void (...)* @_ssdm_op_SpecBitsMap(i64* %generation_parent2), !map !208"   --->   Operation 8 'specbitsmap' <Predicate = true> <Delay = 0.00>
ST_1 : Operation 9 [1/1] (0.00ns)   --->   "call void (...)* @_ssdm_op_SpecBitsMap(i64* %generation_child1), !map !212"   --->   Operation 9 'specbitsmap' <Predicate = true> <Delay = 0.00>
ST_1 : Operation 10 [1/1] (0.00ns)   --->   "call void (...)* @_ssdm_op_SpecBitsMap(i64* %generation_child2), !map !216"   --->   Operation 10 'specbitsmap' <Predicate = true> <Delay = 0.00>
ST_1 : Operation 11 [1/1] (0.00ns)   --->   "call void (...)* @_ssdm_op_SpecBitsMap(i24* %mutation_probability), !map !220"   --->   Operation 11 'specbitsmap' <Predicate = true> <Delay = 0.00>
ST_1 : Operation 12 [1/1] (0.00ns)   --->   "call void (...)* @_ssdm_op_SpecBitsMap(i24* %random), !map !224"   --->   Operation 12 'specbitsmap' <Predicate = true> <Delay = 0.00>
ST_1 : Operation 13 [1/1] (0.00ns)   --->   "call void (...)* @_ssdm_op_SpecBitsMap(i24* %GenerationGenerator_randomNumberIndex_V), !map !228"   --->   Operation 13 'specbitsmap' <Predicate = true> <Delay = 0.00>
ST_1 : Operation 14 [1/1] (0.00ns)   --->   "call void (...)* @_ssdm_op_SpecBitsMap(i24* %GenerationGenerator_trueRandomIndex_V), !map !232"   --->   Operation 14 'specbitsmap' <Predicate = true> <Delay = 0.00>
ST_1 : Operation 15 [1/1] (0.00ns)   --->   "call void (...)* @_ssdm_op_SpecBitsMap([160 x i24]* %GenerationGenerator_randomNumbers_V), !map !236"   --->   Operation 15 'specbitsmap' <Predicate = true> <Delay = 0.00>
ST_1 : Operation 16 [1/1] (0.00ns)   --->   "call void (...)* @_ssdm_op_SpecTopModule([20 x i8]* @p_str, [20 x i8]* @p_str) nounwind" [../GenerationGenerator/GenerationGenerator.h:31]   --->   Operation 16 'spectopmodule' <Predicate = true> <Delay = 0.00>
ST_1 : Operation 17 [1/1] (0.00ns)   --->   "%GenerationGenerator_s = load i1* @GenerationGenerator_ssdm_thread_M_produceRandom, align 1" [../GenerationGenerator/GenerationGenerator.h:32]   --->   Operation 17 'load' 'GenerationGenerator_s' <Predicate = true> <Delay = 0.00>
ST_1 : Operation 18 [1/1] (0.00ns)   --->   "br i1 %GenerationGenerator_s, label %1, label %2" [../GenerationGenerator/GenerationGenerator.h:32]   --->   Operation 18 'br' <Predicate = true> <Delay = 0.00>
ST_1 : Operation 19 [1/1] (0.00ns)   --->   "call void (...)* @_ssdm_op_SpecProcessDecl([20 x i8]* @p_str, i32 2, [14 x i8]* @p_str14) nounwind" [../GenerationGenerator/GenerationGenerator.h:32]   --->   Operation 19 'specprocessdecl' <Predicate = (!GenerationGenerator_s)> <Delay = 0.00>
ST_1 : Operation 20 [1/1] (0.00ns)   --->   "call void (...)* @_ssdm_op_SpecSensitive([14 x i8]* @p_str14, [4 x i8]* @p_str2, i1* %clk, i32 1) nounwind" [../GenerationGenerator/GenerationGenerator.h:33]   --->   Operation 20 'specsensitive' <Predicate = (!GenerationGenerator_s)> <Delay = 0.00>
ST_1 : Operation 21 [1/1] (0.00ns)   --->   "call void (...)* @_ssdm_op_SpecSensitive([14 x i8]* @p_str14, [6 x i8]* @p_str3, i1* %reset, i32 4) nounwind" [../GenerationGenerator/GenerationGenerator.h:34]   --->   Operation 21 'specsensitive' <Predicate = (!GenerationGenerator_s)> <Delay = 0.00>
ST_1 : Operation 22 [1/1] (0.00ns)   --->   "%GenerationGenerator_1 = load i1* @GenerationGenerator_ssdm_thread_M_generateGeneration, align 1" [../GenerationGenerator/GenerationGenerator.h:35]   --->   Operation 22 'load' 'GenerationGenerator_1' <Predicate = (!GenerationGenerator_s)> <Delay = 0.00>
ST_1 : Operation 23 [1/1] (0.00ns)   --->   "br i1 %GenerationGenerator_1, label %3, label %4" [../GenerationGenerator/GenerationGenerator.h:35]   --->   Operation 23 'br' <Predicate = (!GenerationGenerator_s)> <Delay = 0.00>
ST_1 : Operation 24 [1/1] (0.00ns)   --->   "call void (...)* @_ssdm_op_SpecProcessDecl([20 x i8]* @p_str, i32 2, [19 x i8]* @p_str21) nounwind" [../GenerationGenerator/GenerationGenerator.h:35]   --->   Operation 24 'specprocessdecl' <Predicate = (!GenerationGenerator_s & !GenerationGenerator_1)> <Delay = 0.00>
ST_1 : Operation 25 [1/1] (0.00ns)   --->   "call void (...)* @_ssdm_op_SpecSensitive([19 x i8]* @p_str21, [4 x i8]* @p_str2, i1* %clk, i32 1) nounwind" [../GenerationGenerator/GenerationGenerator.h:36]   --->   Operation 25 'specsensitive' <Predicate = (!GenerationGenerator_s & !GenerationGenerator_1)> <Delay = 0.00>
ST_1 : Operation 26 [1/1] (0.00ns)   --->   "call void (...)* @_ssdm_op_SpecSensitive([19 x i8]* @p_str21, [6 x i8]* @p_str3, i1* %reset, i32 4) nounwind" [../GenerationGenerator/GenerationGenerator.h:37]   --->   Operation 26 'specsensitive' <Predicate = (!GenerationGenerator_s & !GenerationGenerator_1)> <Delay = 0.00>
ST_1 : Operation 27 [1/1] (0.00ns)   --->   "call void (...)* @_ssdm_op_SpecPort([20 x i8]* @p_str, i32 0, [7 x i8]* @p_str1, [4 x i8]* @p_str2, i32 0, i32 0, i1* %clk) nounwind" [../GenerationGenerator/GenerationGenerator.h:38]   --->   Operation 27 'specport' <Predicate = (!GenerationGenerator_s & !GenerationGenerator_1)> <Delay = 0.00>
ST_1 : Operation 28 [1/1] (0.00ns)   --->   "call void (...)* @_ssdm_op_SpecPort([20 x i8]* @p_str, i32 0, [7 x i8]* @p_str1, [6 x i8]* @p_str3, i32 0, i32 0, i1* %reset) nounwind" [../GenerationGenerator/GenerationGenerator.h:39]   --->   Operation 28 'specport' <Predicate = (!GenerationGenerator_s & !GenerationGenerator_1)> <Delay = 0.00>
ST_1 : Operation 29 [1/1] (0.00ns)   --->   "call void (...)* @_ssdm_op_SpecPort([20 x i8]* @p_str, i32 0, [7 x i8]* @p_str1, [16 x i8]* @p_str4, i32 0, i32 0, i1* %startGenerating) nounwind" [../GenerationGenerator/GenerationGenerator.h:40]   --->   Operation 29 'specport' <Predicate = (!GenerationGenerator_s & !GenerationGenerator_1)> <Delay = 0.00>
ST_1 : Operation 30 [1/1] (0.00ns)   --->   "call void (...)* @_ssdm_op_SpecPort([20 x i8]* @p_str, i32 1, [7 x i8]* @p_str1, [15 x i8]* @p_str5, i32 0, i32 0, i1* %generatingDone) nounwind" [../GenerationGenerator/GenerationGenerator.h:41]   --->   Operation 30 'specport' <Predicate = (!GenerationGenerator_s & !GenerationGenerator_1)> <Delay = 0.00>
ST_1 : Operation 31 [1/1] (0.00ns)   --->   "call void (...)* @_ssdm_op_SpecPort([20 x i8]* @p_str, i32 0, [14 x i8]* @p_str6, [19 x i8]* @p_str7, i32 0, i32 0, i64* %generation_parent1) nounwind" [../GenerationGenerator/GenerationGenerator.h:42]   --->   Operation 31 'specport' <Predicate = (!GenerationGenerator_s & !GenerationGenerator_1)> <Delay = 0.00>
ST_1 : Operation 32 [1/1] (0.00ns)   --->   "call void (...)* @_ssdm_op_SpecPort([20 x i8]* @p_str, i32 0, [14 x i8]* @p_str6, [19 x i8]* @p_str8, i32 0, i32 0, i64* %generation_parent2) nounwind" [../GenerationGenerator/GenerationGenerator.h:43]   --->   Operation 32 'specport' <Predicate = (!GenerationGenerator_s & !GenerationGenerator_1)> <Delay = 0.00>
ST_1 : Operation 33 [1/1] (0.00ns)   --->   "call void (...)* @_ssdm_op_SpecPort([20 x i8]* @p_str, i32 1, [14 x i8]* @p_str6, [18 x i8]* @p_str9, i32 0, i32 0, i64* %generation_child1) nounwind" [../GenerationGenerator/GenerationGenerator.h:44]   --->   Operation 33 'specport' <Predicate = (!GenerationGenerator_s & !GenerationGenerator_1)> <Delay = 0.00>
ST_1 : Operation 34 [1/1] (0.00ns)   --->   "call void (...)* @_ssdm_op_SpecPort([20 x i8]* @p_str, i32 1, [14 x i8]* @p_str6, [18 x i8]* @p_str10, i32 0, i32 0, i64* %generation_child2) nounwind" [../GenerationGenerator/GenerationGenerator.h:45]   --->   Operation 34 'specport' <Predicate = (!GenerationGenerator_s & !GenerationGenerator_1)> <Delay = 0.00>
ST_1 : Operation 35 [1/1] (0.00ns)   --->   "call void (...)* @_ssdm_op_SpecPort([20 x i8]* @p_str, i32 0, [14 x i8]* @p_str11, [21 x i8]* @p_str12, i32 0, i32 0, i24* %mutation_probability) nounwind" [../GenerationGenerator/GenerationGenerator.h:46]   --->   Operation 35 'specport' <Predicate = (!GenerationGenerator_s & !GenerationGenerator_1)> <Delay = 0.00>
ST_1 : Operation 36 [1/1] (0.00ns)   --->   "call void (...)* @_ssdm_op_SpecPort([20 x i8]* @p_str, i32 0, [14 x i8]* @p_str11, [7 x i8]* @p_str13, i32 0, i32 0, i24* %random) nounwind" [../GenerationGenerator/GenerationGenerator.h:47]   --->   Operation 36 'specport' <Predicate = (!GenerationGenerator_s & !GenerationGenerator_1)> <Delay = 0.00>
ST_1 : Operation 37 [1/1] (0.00ns)   --->   "call void @_ssdm_op_Write.ap_auto.i24P(i24* %GenerationGenerator_randomNumberIndex_V, i24 0)" [../GenerationGenerator/GenerationGenerator.h:48]   --->   Operation 37 'write' <Predicate = (!GenerationGenerator_s & !GenerationGenerator_1)> <Delay = 0.00>
ST_1 : Operation 38 [1/1] (0.00ns)   --->   "call void @_ssdm_op_Write.ap_auto.i24P(i24* %GenerationGenerator_trueRandomIndex_V, i24 0)" [../GenerationGenerator/GenerationGenerator.h:49]   --->   Operation 38 'write' <Predicate = (!GenerationGenerator_s & !GenerationGenerator_1)> <Delay = 0.00>
ST_1 : Operation 39 [1/1] (0.00ns)   --->   "ret void" [../GenerationGenerator/GenerationGenerator.h:36]   --->   Operation 39 'ret' <Predicate = (!GenerationGenerator_s & !GenerationGenerator_1)> <Delay = 0.00>
ST_1 : Operation 40 [2/2] (6.29ns)   --->   "call void @"GenerationGenerator::generateGeneration"(i1* %clk, i1* %reset, i1* %startGenerating, i1* %generatingDone, i64* %generation_parent1, i64* %generation_parent2, i64* %generation_child1, i64* %generation_child2, i24* %mutation_probability, i24* %random, i24* %GenerationGenerator_randomNumberIndex_V, i24* %GenerationGenerator_trueRandomIndex_V, [160 x i24]* %GenerationGenerator_randomNumbers_V)" [../GenerationGenerator/GenerationGenerator.h:35]   --->   Operation 40 'call' <Predicate = (!GenerationGenerator_s & GenerationGenerator_1)> <Delay = 6.29> <CoreType = "Generic">   --->   Core 0 '' <Latency = 0> <II = 1> <Delay = 1.00> <Generic> <Opcode : >
ST_1 : Operation 41 [2/2] (3.25ns)   --->   "call void @"GenerationGenerator::produceRandom"(i1* %clk, i1* %reset, i1* %startGenerating, i1* %generatingDone, i64* %generation_parent1, i64* %generation_parent2, i64* %generation_child1, i64* %generation_child2, i24* %mutation_probability, i24* %random, i24* %GenerationGenerator_randomNumberIndex_V, i24* %GenerationGenerator_trueRandomIndex_V, [160 x i24]* %GenerationGenerator_randomNumbers_V)" [../GenerationGenerator/GenerationGenerator.h:32]   --->   Operation 41 'call' <Predicate = (GenerationGenerator_s)> <Delay = 3.25> <CoreType = "Generic">   --->   Core 0 '' <Latency = 0> <II = 1> <Delay = 1.00> <Generic> <Opcode : >

State 2 <SV = 1> <Delay = 6.29>
ST_2 : Operation 42 [1/2] (6.29ns)   --->   "call void @"GenerationGenerator::generateGeneration"(i1* %clk, i1* %reset, i1* %startGenerating, i1* %generatingDone, i64* %generation_parent1, i64* %generation_parent2, i64* %generation_child1, i64* %generation_child2, i24* %mutation_probability, i24* %random, i24* %GenerationGenerator_randomNumberIndex_V, i24* %GenerationGenerator_trueRandomIndex_V, [160 x i24]* %GenerationGenerator_randomNumbers_V)" [../GenerationGenerator/GenerationGenerator.h:35]   --->   Operation 42 'call' <Predicate = (!GenerationGenerator_s)> <Delay = 6.29> <CoreType = "Generic">   --->   Core 0 '' <Latency = 0> <II = 1> <Delay = 1.00> <Generic> <Opcode : >
ST_2 : Operation 43 [1/1] (0.00ns)   --->   "br label %UnifiedUnreachableBlock"   --->   Operation 43 'br' <Predicate = (!GenerationGenerator_s)> <Delay = 0.00>
ST_2 : Operation 44 [1/2] (3.14ns)   --->   "call void @"GenerationGenerator::produceRandom"(i1* %clk, i1* %reset, i1* %startGenerating, i1* %generatingDone, i64* %generation_parent1, i64* %generation_parent2, i64* %generation_child1, i64* %generation_child2, i24* %mutation_probability, i24* %random, i24* %GenerationGenerator_randomNumberIndex_V, i24* %GenerationGenerator_trueRandomIndex_V, [160 x i24]* %GenerationGenerator_randomNumbers_V)" [../GenerationGenerator/GenerationGenerator.h:32]   --->   Operation 44 'call' <Predicate = (GenerationGenerator_s)> <Delay = 3.14> <CoreType = "Generic">   --->   Core 0 '' <Latency = 0> <II = 1> <Delay = 1.00> <Generic> <Opcode : >
ST_2 : Operation 45 [1/1] (0.00ns)   --->   "br label %UnifiedUnreachableBlock"   --->   Operation 45 'br' <Predicate = (GenerationGenerator_s)> <Delay = 0.00>
ST_2 : Operation 46 [1/1] (0.00ns)   --->   "unreachable"   --->   Operation 46 'unreachable' <Predicate = true> <Delay = 0.00>


============================================================
+ Verbose Summary: Binding
============================================================
STG Binding: 
---------------- STG Properties BEGIN ----------------
- Is combinational: 0
- Is one-state seq: 0
- Is datapath-only: 0
- Is pipelined: 0
- Is top level: 1
Port [ Return ] is wired: 1; IO mode=ap_ctrl_hs:ce=0
Port [ clk]:  wired=1; compound=0; hidden=0; nouse=1; global=0; static=0; extern=0; dir=0; type=0; pingpong=0; private_global=0; IO mode=ap_none:ce=0
Port [ reset]:  wired=1; compound=0; hidden=0; nouse=1; global=0; static=0; extern=0; dir=0; type=0; pingpong=0; private_global=0; IO mode=ap_none:ce=0
Port [ startGenerating]:  wired=1; compound=0; hidden=0; nouse=0; global=0; static=0; extern=0; dir=0; type=0; pingpong=0; private_global=0; IO mode=ap_none:ce=0
Port [ generatingDone]:  wired=1; compound=0; hidden=0; nouse=0; global=0; static=0; extern=0; dir=1; type=0; pingpong=0; private_global=0; IO mode=ap_vld:ce=0
Port [ generation_parent1]:  wired=1; compound=0; hidden=0; nouse=0; global=0; static=0; extern=0; dir=0; type=0; pingpong=0; private_global=0; IO mode=ap_none:ce=0
Port [ generation_parent2]:  wired=1; compound=0; hidden=0; nouse=0; global=0; static=0; extern=0; dir=0; type=0; pingpong=0; private_global=0; IO mode=ap_none:ce=0
Port [ generation_child1]:  wired=1; compound=0; hidden=0; nouse=0; global=0; static=0; extern=0; dir=1; type=0; pingpong=0; private_global=0; IO mode=ap_vld:ce=0
Port [ generation_child2]:  wired=1; compound=0; hidden=0; nouse=0; global=0; static=0; extern=0; dir=1; type=0; pingpong=0; private_global=0; IO mode=ap_vld:ce=0
Port [ mutation_probability]:  wired=1; compound=0; hidden=0; nouse=0; global=0; static=0; extern=0; dir=0; type=0; pingpong=0; private_global=0; IO mode=ap_none:ce=0
Port [ random]:  wired=1; compound=0; hidden=0; nouse=0; global=0; static=0; extern=0; dir=0; type=0; pingpong=0; private_global=0; IO mode=ap_none:ce=0
Port [ GenerationGenerator_randomNumberIndex_V]:  wired=1; compound=0; hidden=1; nouse=0; global=0; static=0; extern=0; dir=2; type=0; pingpong=0; private_global=0; IO mode=ap_ovld:ce=0
Port [ GenerationGenerator_trueRandomIndex_V]:  wired=1; compound=0; hidden=1; nouse=0; global=0; static=0; extern=0; dir=2; type=0; pingpong=0; private_global=0; IO mode=ap_ovld:ce=0
Port [ GenerationGenerator_randomNumbers_V]:  wired=1; compound=1; hidden=1; nouse=0; global=0; static=0; extern=0; dir=2; type=1; pingpong=0; private_global=0; MemPort=[23]; IO mode=ap_memory:ce=0
Port [ GenerationGenerator_ssdm_thread_M_produceRandom]:  wired=0; compound=0; hidden=1; nouse=0; global=1; static=0; extern=1; dir=0; type=0; pingpong=0; private_global=1; linkage=0; visibility=0; IO mode=ap_none:ce=0
Port [ GenerationGenerator_ssdm_thread_M_generateGeneration]:  wired=0; compound=0; hidden=1; nouse=0; global=1; static=0; extern=1; dir=0; type=0; pingpong=0; private_global=1; linkage=0; visibility=0; IO mode=ap_none:ce=0
---------------- STG Properties END ------------------

---------------- Datapath Model BEGIN ----------------

<LifeTime>
<method=bitvector/>
StgValue_3            (specbitsmap    ) [ 000]
StgValue_4            (specbitsmap    ) [ 000]
StgValue_5            (specbitsmap    ) [ 000]
StgValue_6            (specbitsmap    ) [ 000]
StgValue_7            (specbitsmap    ) [ 000]
StgValue_8            (specbitsmap    ) [ 000]
StgValue_9            (specbitsmap    ) [ 000]
StgValue_10           (specbitsmap    ) [ 000]
StgValue_11           (specbitsmap    ) [ 000]
StgValue_12           (specbitsmap    ) [ 000]
StgValue_13           (specbitsmap    ) [ 000]
StgValue_14           (specbitsmap    ) [ 000]
StgValue_15           (specbitsmap    ) [ 000]
StgValue_16           (spectopmodule  ) [ 000]
GenerationGenerator_s (load           ) [ 011]
StgValue_18           (br             ) [ 000]
StgValue_19           (specprocessdecl) [ 000]
StgValue_20           (specsensitive  ) [ 000]
StgValue_21           (specsensitive  ) [ 000]
GenerationGenerator_1 (load           ) [ 010]
StgValue_23           (br             ) [ 000]
StgValue_24           (specprocessdecl) [ 000]
StgValue_25           (specsensitive  ) [ 000]
StgValue_26           (specsensitive  ) [ 000]
StgValue_27           (specport       ) [ 000]
StgValue_28           (specport       ) [ 000]
StgValue_29           (specport       ) [ 000]
StgValue_30           (specport       ) [ 000]
StgValue_31           (specport       ) [ 000]
StgValue_32           (specport       ) [ 000]
StgValue_33           (specport       ) [ 000]
StgValue_34           (specport       ) [ 000]
StgValue_35           (specport       ) [ 000]
StgValue_36           (specport       ) [ 000]
StgValue_37           (write          ) [ 000]
StgValue_38           (write          ) [ 000]
StgValue_39           (ret            ) [ 000]
StgValue_42           (call           ) [ 000]
StgValue_43           (br             ) [ 000]
StgValue_44           (call           ) [ 000]
StgValue_45           (br             ) [ 000]
StgValue_46           (unreachable    ) [ 000]
</LifeTime>

<model>

<comp_list>
<comp id="0" class="1000" name="clk">
<pin_list>
<pin id="1" dir="1" index="0" bw="1" slack="0"/>
</pin_list>
<bind>
<StgValue><ssdm name="clk"/></StgValue>
</bind>
</comp>

<comp id="2" class="1000" name="reset">
<pin_list>
<pin id="3" dir="1" index="0" bw="1" slack="0"/>
</pin_list>
<bind>
<StgValue><ssdm name="reset"/></StgValue>
</bind>
</comp>

<comp id="4" class="1000" name="startGenerating">
<pin_list>
<pin id="5" dir="1" index="0" bw="1" slack="0"/>
</pin_list>
<bind>
<StgValue><ssdm name="startGenerating"/></StgValue>
</bind>
</comp>

<comp id="6" class="1000" name="generatingDone">
<pin_list>
<pin id="7" dir="1" index="0" bw="1" slack="0"/>
</pin_list>
<bind>
<StgValue><ssdm name="generatingDone"/></StgValue>
</bind>
</comp>

<comp id="8" class="1000" name="generation_parent1">
<pin_list>
<pin id="9" dir="1" index="0" bw="1" slack="0"/>
</pin_list>
<bind>
<StgValue><ssdm name="generation_parent1"/></StgValue>
</bind>
</comp>

<comp id="10" class="1000" name="generation_parent2">
<pin_list>
<pin id="11" dir="1" index="0" bw="1" slack="0"/>
</pin_list>
<bind>
<StgValue><ssdm name="generation_parent2"/></StgValue>
</bind>
</comp>

<comp id="12" class="1000" name="generation_child1">
<pin_list>
<pin id="13" dir="1" index="0" bw="1" slack="0"/>
</pin_list>
<bind>
<StgValue><ssdm name="generation_child1"/></StgValue>
</bind>
</comp>

<comp id="14" class="1000" name="generation_child2">
<pin_list>
<pin id="15" dir="1" index="0" bw="1" slack="0"/>
</pin_list>
<bind>
<StgValue><ssdm name="generation_child2"/></StgValue>
</bind>
</comp>

<comp id="16" class="1000" name="mutation_probability">
<pin_list>
<pin id="17" dir="1" index="0" bw="1" slack="0"/>
</pin_list>
<bind>
<StgValue><ssdm name="mutation_probability"/></StgValue>
</bind>
</comp>

<comp id="18" class="1000" name="random">
<pin_list>
<pin id="19" dir="1" index="0" bw="1" slack="0"/>
</pin_list>
<bind>
<StgValue><ssdm name="random"/></StgValue>
</bind>
</comp>

<comp id="20" class="1000" name="GenerationGenerator_randomNumberIndex_V">
<pin_list>
<pin id="21" dir="1" index="0" bw="1" slack="0"/>
</pin_list>
<bind>
<StgValue><ssdm name="GenerationGenerator_randomNumberIndex_V"/></StgValue>
</bind>
</comp>

<comp id="22" class="1000" name="GenerationGenerator_trueRandomIndex_V">
<pin_list>
<pin id="23" dir="1" index="0" bw="1" slack="0"/>
</pin_list>
<bind>
<StgValue><ssdm name="GenerationGenerator_trueRandomIndex_V"/></StgValue>
</bind>
</comp>

<comp id="24" class="1000" name="GenerationGenerator_randomNumbers_V">
<pin_list>
<pin id="25" dir="1" index="0" bw="1" slack="0"/>
</pin_list>
<bind>
<StgValue><ssdm name="GenerationGenerator_randomNumbers_V"/><MemPortTyVec>2 3 </MemPortTyVec>
</StgValue>
</bind>
</comp>

<comp id="26" class="1000" name="GenerationGenerator_ssdm_thread_M_produceRandom">
<pin_list>
<pin id="27" dir="1" index="0" bw="1" slack="0"/>
</pin_list>
<bind>
<StgValue><ssdm name="GenerationGenerator_ssdm_thread_M_produceRandom"/></StgValue>
</bind>
</comp>

<comp id="28" class="1000" name="GenerationGenerator_ssdm_thread_M_generateGeneration">
<pin_list>
<pin id="29" dir="1" index="0" bw="1" slack="0"/>
</pin_list>
<bind>
<StgValue><ssdm name="GenerationGenerator_ssdm_thread_M_generateGeneration"/></StgValue>
</bind>
</comp>

<comp id="30" class="1001" name="const_30">
<pin_list>
<pin id="31" dir="1" index="0" bw="1" slack="2147483647"/>
</pin_list>
<bind>
<StgValue><ssdm name="_ssdm_op_SpecBitsMap"/></StgValue>
</bind>
</comp>

<comp id="32" class="1001" name="const_32">
<pin_list>
<pin id="33" dir="1" index="0" bw="1" slack="2147483647"/>
</pin_list>
<bind>
<StgValue><ssdm name="_ssdm_op_SpecTopModule"/></StgValue>
</bind>
</comp>

<comp id="34" class="1001" name="const_34">
<pin_list>
<pin id="35" dir="1" index="0" bw="1" slack="2147483647"/>
</pin_list>
<bind>
<StgValue><ssdm name="p_str"/></StgValue>
</bind>
</comp>

<comp id="36" class="1001" name="const_36">
<pin_list>
<pin id="37" dir="1" index="0" bw="1" slack="2147483647"/>
</pin_list>
<bind>
<StgValue><ssdm name="_ssdm_op_SpecProcessDecl"/></StgValue>
</bind>
</comp>

<comp id="38" class="1001" name="const_38">
<pin_list>
<pin id="39" dir="1" index="0" bw="1" slack="2147483647"/>
</pin_list>
<bind>
<StgValue><ssdm name=""/></StgValue>
</bind>
</comp>

<comp id="40" class="1001" name="const_40">
<pin_list>
<pin id="41" dir="1" index="0" bw="1" slack="2147483647"/>
</pin_list>
<bind>
<StgValue><ssdm name="p_str14"/></StgValue>
</bind>
</comp>

<comp id="42" class="1001" name="const_42">
<pin_list>
<pin id="43" dir="1" index="0" bw="1" slack="2147483647"/>
</pin_list>
<bind>
<StgValue><ssdm name="_ssdm_op_SpecSensitive"/></StgValue>
</bind>
</comp>

<comp id="44" class="1001" name="const_44">
<pin_list>
<pin id="45" dir="1" index="0" bw="1" slack="2147483647"/>
</pin_list>
<bind>
<StgValue><ssdm name="p_str2"/></StgValue>
</bind>
</comp>

<comp id="46" class="1001" name="const_46">
<pin_list>
<pin id="47" dir="1" index="0" bw="1" slack="2147483647"/>
</pin_list>
<bind>
<StgValue><ssdm name=""/></StgValue>
</bind>
</comp>

<comp id="48" class="1001" name="const_48">
<pin_list>
<pin id="49" dir="1" index="0" bw="1" slack="2147483647"/>
</pin_list>
<bind>
<StgValue><ssdm name="p_str3"/></StgValue>
</bind>
</comp>

<comp id="50" class="1001" name="const_50">
<pin_list>
<pin id="51" dir="1" index="0" bw="1" slack="2147483647"/>
</pin_list>
<bind>
<StgValue><ssdm name=""/></StgValue>
</bind>
</comp>

<comp id="52" class="1001" name="const_52">
<pin_list>
<pin id="53" dir="1" index="0" bw="1" slack="2147483647"/>
</pin_list>
<bind>
<StgValue><ssdm name="p_str21"/></StgValue>
</bind>
</comp>

<comp id="54" class="1001" name="const_54">
<pin_list>
<pin id="55" dir="1" index="0" bw="1" slack="2147483647"/>
</pin_list>
<bind>
<StgValue><ssdm name="_ssdm_op_SpecPort"/></StgValue>
</bind>
</comp>

<comp id="56" class="1001" name="const_56">
<pin_list>
<pin id="57" dir="1" index="0" bw="1" slack="2147483647"/>
</pin_list>
<bind>
<StgValue><ssdm name=""/></StgValue>
</bind>
</comp>

<comp id="58" class="1001" name="const_58">
<pin_list>
<pin id="59" dir="1" index="0" bw="1" slack="2147483647"/>
</pin_list>
<bind>
<StgValue><ssdm name="p_str1"/></StgValue>
</bind>
</comp>

<comp id="60" class="1001" name="const_60">
<pin_list>
<pin id="61" dir="1" index="0" bw="1" slack="2147483647"/>
</pin_list>
<bind>
<StgValue><ssdm name="p_str4"/></StgValue>
</bind>
</comp>

<comp id="62" class="1001" name="const_62">
<pin_list>
<pin id="63" dir="1" index="0" bw="1" slack="2147483647"/>
</pin_list>
<bind>
<StgValue><ssdm name="p_str5"/></StgValue>
</bind>
</comp>

<comp id="64" class="1001" name="const_64">
<pin_list>
<pin id="65" dir="1" index="0" bw="1" slack="2147483647"/>
</pin_list>
<bind>
<StgValue><ssdm name="p_str6"/></StgValue>
</bind>
</comp>

<comp id="66" class="1001" name="const_66">
<pin_list>
<pin id="67" dir="1" index="0" bw="1" slack="2147483647"/>
</pin_list>
<bind>
<StgValue><ssdm name="p_str7"/></StgValue>
</bind>
</comp>

<comp id="68" class="1001" name="const_68">
<pin_list>
<pin id="69" dir="1" index="0" bw="1" slack="2147483647"/>
</pin_list>
<bind>
<StgValue><ssdm name="p_str8"/></StgValue>
</bind>
</comp>

<comp id="70" class="1001" name="const_70">
<pin_list>
<pin id="71" dir="1" index="0" bw="1" slack="2147483647"/>
</pin_list>
<bind>
<StgValue><ssdm name="p_str9"/></StgValue>
</bind>
</comp>

<comp id="72" class="1001" name="const_72">
<pin_list>
<pin id="73" dir="1" index="0" bw="1" slack="2147483647"/>
</pin_list>
<bind>
<StgValue><ssdm name="p_str10"/></StgValue>
</bind>
</comp>

<comp id="74" class="1001" name="const_74">
<pin_list>
<pin id="75" dir="1" index="0" bw="1" slack="2147483647"/>
</pin_list>
<bind>
<StgValue><ssdm name="p_str11"/></StgValue>
</bind>
</comp>

<comp id="76" class="1001" name="const_76">
<pin_list>
<pin id="77" dir="1" index="0" bw="1" slack="2147483647"/>
</pin_list>
<bind>
<StgValue><ssdm name="p_str12"/></StgValue>
</bind>
</comp>

<comp id="78" class="1001" name="const_78">
<pin_list>
<pin id="79" dir="1" index="0" bw="1" slack="2147483647"/>
</pin_list>
<bind>
<StgValue><ssdm name="p_str13"/></StgValue>
</bind>
</comp>

<comp id="80" class="1001" name="const_80">
<pin_list>
<pin id="81" dir="1" index="0" bw="1" slack="0"/>
</pin_list>
<bind>
<StgValue><ssdm name="_ssdm_op_Write.ap_auto.i24P"/></StgValue>
</bind>
</comp>

<comp id="82" class="1001" name="const_82">
<pin_list>
<pin id="83" dir="1" index="0" bw="1" slack="0"/>
</pin_list>
<bind>
<StgValue><ssdm name=""/></StgValue>
</bind>
</comp>

<comp id="84" class="1001" name="const_84">
<pin_list>
<pin id="85" dir="1" index="0" bw="1" slack="0"/>
</pin_list>
<bind>
<StgValue><ssdm name="GenerationGenerator::generateGeneration"/></StgValue>
</bind>
</comp>

<comp id="86" class="1001" name="const_86">
<pin_list>
<pin id="87" dir="1" index="0" bw="1" slack="0"/>
</pin_list>
<bind>
<StgValue><ssdm name="GenerationGenerator::produceRandom"/></StgValue>
</bind>
</comp>

<comp id="88" class="1004" name="StgValue_37_write_fu_88">
<pin_list>
<pin id="89" dir="0" index="0" bw="0" slack="0"/>
<pin id="90" dir="0" index="1" bw="24" slack="0"/>
<pin id="91" dir="0" index="2" bw="1" slack="0"/>
<pin id="92" dir="1" index="3" bw="0" slack="2147483647"/>
</pin_list>
<bind>
<opcode="write(1151) " fcode="write"/>
<opset="StgValue_37/1 "/>
</bind>
</comp>

<comp id="96" class="1004" name="StgValue_38_write_fu_96">
<pin_list>
<pin id="97" dir="0" index="0" bw="0" slack="0"/>
<pin id="98" dir="0" index="1" bw="24" slack="0"/>
<pin id="99" dir="0" index="2" bw="1" slack="0"/>
<pin id="100" dir="1" index="3" bw="0" slack="2147483647"/>
</pin_list>
<bind>
<opcode="write(1151) " fcode="write"/>
<opset="StgValue_38/1 "/>
</bind>
</comp>

<comp id="104" class="1004" name="grp_GenerationGenerator_generateGeneration_fu_104">
<pin_list>
<pin id="105" dir="0" index="0" bw="0" slack="0"/>
<pin id="106" dir="0" index="1" bw="1" slack="0"/>
<pin id="107" dir="0" index="2" bw="1" slack="0"/>
<pin id="108" dir="0" index="3" bw="1" slack="0"/>
<pin id="109" dir="0" index="4" bw="1" slack="0"/>
<pin id="110" dir="0" index="5" bw="64" slack="0"/>
<pin id="111" dir="0" index="6" bw="64" slack="0"/>
<pin id="112" dir="0" index="7" bw="64" slack="0"/>
<pin id="113" dir="0" index="8" bw="64" slack="0"/>
<pin id="114" dir="0" index="9" bw="24" slack="0"/>
<pin id="115" dir="0" index="10" bw="24" slack="0"/>
<pin id="116" dir="0" index="11" bw="24" slack="0"/>
<pin id="117" dir="0" index="12" bw="24" slack="0"/>
<pin id="118" dir="0" index="13" bw="24" slack="0"/>
<pin id="119" dir="1" index="14" bw="0" slack="2147483647"/>
</pin_list>
<bind>
<opcode="call(48) " fcode="call"/>
<opset="StgValue_40/1 "/>
</bind>
</comp>

<comp id="134" class="1004" name="grp_GenerationGenerator_produceRandom_fu_134">
<pin_list>
<pin id="135" dir="0" index="0" bw="0" slack="0"/>
<pin id="136" dir="0" index="1" bw="1" slack="0"/>
<pin id="137" dir="0" index="2" bw="1" slack="0"/>
<pin id="138" dir="0" index="3" bw="1" slack="0"/>
<pin id="139" dir="0" index="4" bw="1" slack="0"/>
<pin id="140" dir="0" index="5" bw="64" slack="0"/>
<pin id="141" dir="0" index="6" bw="64" slack="0"/>
<pin id="142" dir="0" index="7" bw="64" slack="0"/>
<pin id="143" dir="0" index="8" bw="64" slack="0"/>
<pin id="144" dir="0" index="9" bw="24" slack="0"/>
<pin id="145" dir="0" index="10" bw="24" slack="0"/>
<pin id="146" dir="0" index="11" bw="24" slack="0"/>
<pin id="147" dir="0" index="12" bw="24" slack="0"/>
<pin id="148" dir="0" index="13" bw="24" slack="0"/>
<pin id="149" dir="1" index="14" bw="0" slack="2147483647"/>
</pin_list>
<bind>
<opcode="call(48) " fcode="call"/>
<opset="StgValue_41/1 "/>
</bind>
</comp>

<comp id="164" class="1004" name="GenerationGenerator_s_load_fu_164">
<pin_list>
<pin id="165" dir="0" index="0" bw="1" slack="0"/>
<pin id="166" dir="1" index="1" bw="1" slack="1"/>
</pin_list>
<bind>
<opcode="load(27) " fcode="load"/>
<opset="GenerationGenerator_s/1 "/>
</bind>
</comp>

<comp id="168" class="1004" name="GenerationGenerator_1_load_fu_168">
<pin_list>
<pin id="169" dir="0" index="0" bw="1" slack="0"/>
<pin id="170" dir="1" index="1" bw="1" slack="2147483647"/>
</pin_list>
<bind>
<opcode="load(27) " fcode="load"/>
<opset="GenerationGenerator_1/1 "/>
</bind>
</comp>

<comp id="172" class="1005" name="GenerationGenerator_s_reg_172">
<pin_list>
<pin id="173" dir="0" index="0" bw="1" slack="1"/>
<pin id="174" dir="1" index="1" bw="1" slack="2147483647"/>
</pin_list>
<bind>
<opset="GenerationGenerator_s "/>
</bind>
</comp>

</comp_list>

<net_list>
<net id="93"><net_src comp="80" pin="0"/><net_sink comp="88" pin=0"/></net>

<net id="94"><net_src comp="20" pin="0"/><net_sink comp="88" pin=1"/></net>

<net id="95"><net_src comp="82" pin="0"/><net_sink comp="88" pin=2"/></net>

<net id="101"><net_src comp="80" pin="0"/><net_sink comp="96" pin=0"/></net>

<net id="102"><net_src comp="22" pin="0"/><net_sink comp="96" pin=1"/></net>

<net id="103"><net_src comp="82" pin="0"/><net_sink comp="96" pin=2"/></net>

<net id="120"><net_src comp="84" pin="0"/><net_sink comp="104" pin=0"/></net>

<net id="121"><net_src comp="0" pin="0"/><net_sink comp="104" pin=1"/></net>

<net id="122"><net_src comp="2" pin="0"/><net_sink comp="104" pin=2"/></net>

<net id="123"><net_src comp="4" pin="0"/><net_sink comp="104" pin=3"/></net>

<net id="124"><net_src comp="6" pin="0"/><net_sink comp="104" pin=4"/></net>

<net id="125"><net_src comp="8" pin="0"/><net_sink comp="104" pin=5"/></net>

<net id="126"><net_src comp="10" pin="0"/><net_sink comp="104" pin=6"/></net>

<net id="127"><net_src comp="12" pin="0"/><net_sink comp="104" pin=7"/></net>

<net id="128"><net_src comp="14" pin="0"/><net_sink comp="104" pin=8"/></net>

<net id="129"><net_src comp="16" pin="0"/><net_sink comp="104" pin=9"/></net>

<net id="130"><net_src comp="18" pin="0"/><net_sink comp="104" pin=10"/></net>

<net id="131"><net_src comp="20" pin="0"/><net_sink comp="104" pin=11"/></net>

<net id="132"><net_src comp="22" pin="0"/><net_sink comp="104" pin=12"/></net>

<net id="133"><net_src comp="24" pin="0"/><net_sink comp="104" pin=13"/></net>

<net id="150"><net_src comp="86" pin="0"/><net_sink comp="134" pin=0"/></net>

<net id="151"><net_src comp="0" pin="0"/><net_sink comp="134" pin=1"/></net>

<net id="152"><net_src comp="2" pin="0"/><net_sink comp="134" pin=2"/></net>

<net id="153"><net_src comp="4" pin="0"/><net_sink comp="134" pin=3"/></net>

<net id="154"><net_src comp="6" pin="0"/><net_sink comp="134" pin=4"/></net>

<net id="155"><net_src comp="8" pin="0"/><net_sink comp="134" pin=5"/></net>

<net id="156"><net_src comp="10" pin="0"/><net_sink comp="134" pin=6"/></net>

<net id="157"><net_src comp="12" pin="0"/><net_sink comp="134" pin=7"/></net>

<net id="158"><net_src comp="14" pin="0"/><net_sink comp="134" pin=8"/></net>

<net id="159"><net_src comp="16" pin="0"/><net_sink comp="134" pin=9"/></net>

<net id="160"><net_src comp="18" pin="0"/><net_sink comp="134" pin=10"/></net>

<net id="161"><net_src comp="20" pin="0"/><net_sink comp="134" pin=11"/></net>

<net id="162"><net_src comp="22" pin="0"/><net_sink comp="134" pin=12"/></net>

<net id="163"><net_src comp="24" pin="0"/><net_sink comp="134" pin=13"/></net>

<net id="167"><net_src comp="26" pin="0"/><net_sink comp="164" pin=0"/></net>

<net id="171"><net_src comp="28" pin="0"/><net_sink comp="168" pin=0"/></net>

<net id="175"><net_src comp="164" pin="1"/><net_sink comp="172" pin=0"/></net>

</net_list>

</model> 
---------------- Datapath Model END ------------------

* FSMD analyzer results:
  - Output states:
	Port: generatingDone | {1 2 }
	Port: generation_child1 | {1 2 }
	Port: generation_child2 | {1 2 }
	Port: GenerationGenerator_randomNumberIndex_V | {1 2 }
	Port: GenerationGenerator_trueRandomIndex_V | {1 2 }
	Port: GenerationGenerator_randomNumbers_V | {1 2 }
 - Input state : 
	Port: GenerationGenerator::GenerationGenerator : startGenerating | {1 2 }
	Port: GenerationGenerator::GenerationGenerator : generation_parent1 | {1 2 }
	Port: GenerationGenerator::GenerationGenerator : generation_parent2 | {1 2 }
	Port: GenerationGenerator::GenerationGenerator : mutation_probability | {1 2 }
	Port: GenerationGenerator::GenerationGenerator : random | {1 2 }
	Port: GenerationGenerator::GenerationGenerator : GenerationGenerator_randomNumberIndex_V | {1 2 }
	Port: GenerationGenerator::GenerationGenerator : GenerationGenerator_trueRandomIndex_V | {1 2 }
	Port: GenerationGenerator::GenerationGenerator : GenerationGenerator_randomNumbers_V | {1 2 }
	Port: GenerationGenerator::GenerationGenerator : GenerationGenerator_ssdm_thread_M_produceRandom | {1 }
	Port: GenerationGenerator::GenerationGenerator : GenerationGenerator_ssdm_thread_M_generateGeneration | {1 }
  - Chain level:
	State 1
		StgValue_18 : 1
		StgValue_23 : 1
	State 2


============================================================
+ Verbose Summary: Datapath Resource usage 
============================================================

* Functional unit list:
|----------|---------------------------------------------------|---------|---------|---------|
| Operation|                  Functional Unit                  |  Delay  |    FF   |   LUT   |
|----------|---------------------------------------------------|---------|---------|---------|
|   call   | grp_GenerationGenerator_generateGeneration_fu_104 | 8.98225 |   572   |   580   |
|          |    grp_GenerationGenerator_produceRandom_fu_134   |    0    |    24   |    73   |
|----------|---------------------------------------------------|---------|---------|---------|
|   write  |              StgValue_37_write_fu_88              |    0    |    0    |    0    |
|          |              StgValue_38_write_fu_96              |    0    |    0    |    0    |
|----------|---------------------------------------------------|---------|---------|---------|
|   Total  |                                                   | 8.98225 |   596   |   653   |
|----------|---------------------------------------------------|---------|---------|---------|

Memories:
+-----------------------------------+--------+--------+--------+
|                                   |  BRAM  |   FF   |   LUT  |
+-----------------------------------+--------+--------+--------+
|GenerationGenerator_randomNumbers_V|    1   |    0   |    0   |
+-----------------------------------+--------+--------+--------+
|               Total               |    1   |    0   |    0   |
+-----------------------------------+--------+--------+--------+

* Register list:
+-----------------------------+--------+
|                             |   FF   |
+-----------------------------+--------+
|GenerationGenerator_s_reg_172|    1   |
+-----------------------------+--------+
|            Total            |    1   |
+-----------------------------+--------+

* Multiplexer (MUX) list: 
|--------|------|------|------|--------|
|  Comp  |  Pin | Size |  BW  | S x BW |
|--------|------|------|------|--------|
|  Total |      |      |      |    0   |
|--------|------|------|------|--------|



* Summary:
+-----------+--------+--------+--------+--------+
|           |  BRAM  |  Delay |   FF   |   LUT  |
+-----------+--------+--------+--------+--------+
|  Function |    -   |    8   |   596  |   653  |
|   Memory  |    1   |    -   |    0   |    0   |
|Multiplexer|    -   |    -   |    -   |    -   |
|  Register |    -   |    -   |    1   |    -   |
+-----------+--------+--------+--------+--------+
|   Total   |    1   |    8   |   597  |   653  |
+-----------+--------+--------+--------+--------+
