

================================================================
== Vivado HLS Report for 'GenerationGenerator_produceRandom'
================================================================
* Date:           Thu Dec 20 15:06:56 2018

* Version:        2018.3 (Build 2405991 on Thu Dec 06 23:56:15 MST 2018)
* Project:        GeneticAlgoHls
* Solution:       solution1
* Product family: zynq
* Target device:  xc7z010clg400-1


================================================================
== Performance Estimates
================================================================
+ Timing (ns): 
    * Summary: 
    +--------+-------+----------+------------+
    |  Clock | Target| Estimated| Uncertainty|
    +--------+-------+----------+------------+
    |ap_clk  |  20.00|     3.254|        2.50|
    +--------+-------+----------+------------+

+ Latency (clock cycles): 
    * Summary: 
    +-----+-----+-----+-----+---------+
    |  Latency  |  Interval | Pipeline|
    | min | max | min | max |   Type  |
    +-----+-----+-----+-----+---------+
    |    3|    3|    3|    3|   none  |
    +-----+-----+-----+-----+---------+

    + Detail: 
        * Instance: 
        N/A

        * Loop: 
        +----------+-----+-----+----------+-----------+-----------+------+----------+
        |          |  Latency  | Iteration|  Initiation Interval  | Trip |          |
        | Loop Name| min | max |  Latency |  achieved |   target  | Count| Pipelined|
        +----------+-----+-----+----------+-----------+-----------+------+----------+
        |- Loop 1  |    2|    2|         2|          -|          -|  inf |    no    |
        +----------+-----+-----+----------+-----------+-----------+------+----------+



================================================================
== Utilization Estimates
================================================================
* Summary: 
+-----------------+---------+-------+-------+-------+
|       Name      | BRAM_18K| DSP48E|   FF  |  LUT  |
+-----------------+---------+-------+-------+-------+
|DSP              |        -|      -|      -|      -|
|Expression       |        -|      -|      0|     73|
|FIFO             |        -|      -|      -|      -|
|Instance         |        -|      -|      -|      -|
|Memory           |        -|      -|      -|      -|
|Multiplexer      |        -|      -|      -|     15|
|Register         |        -|      -|     27|      -|
+-----------------+---------+-------+-------+-------+
|Total            |        0|      0|     27|     88|
+-----------------+---------+-------+-------+-------+
|Available        |      120|     80|  35200|  17600|
+-----------------+---------+-------+-------+-------+
|Utilization (%)  |        0|      0|   ~0  |   ~0  |
+-----------------+---------+-------+-------+-------+

+ Detail: 
    * Instance: 
    N/A

    * DSP48: 
    N/A

    * Memory: 
    N/A

    * FIFO: 
    N/A

    * Expression: 
    +-------------------------------------------+----------+-------+---+----+------------+------------+
    |               Variable Name               | Operation| DSP48E| FF| LUT| Bitwidth P0| Bitwidth P1|
    +-------------------------------------------+----------+-------+---+----+------------+------------+
    |tmp_2_fu_141_p2                            |     +    |      0|  0|  31|          24|           1|
    |tmp_1_fu_135_p2                            |   icmp   |      0|  0|  18|          24|           5|
    |GenerationGenerator_randomNumberIndex_V_o  |  select  |      0|  0|  24|           1|           1|
    +-------------------------------------------+----------+-------+---+----+------------+------------+
    |Total                                      |          |      0|  0|  73|          49|           7|
    +-------------------------------------------+----------+-------+---+----+------------+------------+

    * Multiplexer: 
    +-----------+----+-----------+-----+-----------+
    |    Name   | LUT| Input Size| Bits| Total Bits|
    +-----------+----+-----------+-----+-----------+
    |ap_NS_fsm  |  15|          3|    1|          3|
    +-----------+----+-----------+-----+-----------+
    |Total      |  15|          3|    1|          3|
    +-----------+----+-----------+-----+-----------+

    * Register: 
    +---------------+----+----+-----+-----------+
    |      Name     | FF | LUT| Bits| Const Bits|
    +---------------+----+----+-----+-----------+
    |ap_CS_fsm      |   3|   0|    3|          0|
    |val_V_reg_156  |  24|   0|   24|          0|
    +---------------+----+----+-----+-----------+
    |Total          |  27|   0|   27|          0|
    +---------------+----+----+-----+-----------+



================================================================
== Interface
================================================================
* Summary: 
+--------------------------------------------------+-----+-----+------------+-----------------------------------------+--------------+
|                     RTL Ports                    | Dir | Bits|  Protocol  |              Source Object              |    C Type    |
+--------------------------------------------------+-----+-----+------------+-----------------------------------------+--------------+
|ap_clk                                            |  in |    1| ap_ctrl_hs |    GenerationGenerator::produceRandom   | return value |
|ap_rst                                            |  in |    1| ap_ctrl_hs |    GenerationGenerator::produceRandom   | return value |
|random                                            |  in |   24|   ap_none  |                  random                 |    pointer   |
|GenerationGenerator_randomNumberIndex_V_i         |  in |   24|   ap_ovld  | GenerationGenerator_randomNumberIndex_V |    pointer   |
|GenerationGenerator_randomNumberIndex_V_o         | out |   24|   ap_ovld  | GenerationGenerator_randomNumberIndex_V |    pointer   |
|GenerationGenerator_randomNumberIndex_V_o_ap_vld  | out |    1|   ap_ovld  | GenerationGenerator_randomNumberIndex_V |    pointer   |
|GenerationGenerator_randomNumbers_V_address0      | out |    8|  ap_memory |   GenerationGenerator_randomNumbers_V   |     array    |
|GenerationGenerator_randomNumbers_V_ce0           | out |    1|  ap_memory |   GenerationGenerator_randomNumbers_V   |     array    |
|GenerationGenerator_randomNumbers_V_we0           | out |    1|  ap_memory |   GenerationGenerator_randomNumbers_V   |     array    |
|GenerationGenerator_randomNumbers_V_d0            | out |   24|  ap_memory |   GenerationGenerator_randomNumbers_V   |     array    |
+--------------------------------------------------+-----+-----+------------+-----------------------------------------+--------------+

============================================================
+ Verbose Summary: Synthesis Manager
============================================================
InlineROM: 1
ExposeGlobal: 0
============================================================
+ Verbose Summary: CDFG Model
============================================================
IsTopModel: 0
ResetActiveHigh: 1
IsCombinational: 2
IsDatapathOnly: 2
HasWiredReturn: 1
HasMFsm: 0
HasVarLatency: 1
IsPipeline: 0
IsRtlPipelined: 0
IsInstanceOverlapped: 0
IsDontTouch: 0
HasImplIP: 0
IsGatedGlobalClock: 0


============================================================
+ Verbose Summary: Schedule
============================================================
* Number of FSM states : 3
* Pipeline : 0
* Dataflow Pipeline: 0

* FSM state transitions: 
1 --> 
	2  / true
2 --> 
	3  / true
3 --> 
	2  / true

* FSM state operations: 

State 1 <SV = 0> <Delay = 0.00>
ST_1 : Operation 4 [1/1] (0.00ns)   --->   "call void (...)* @_ssdm_op_SpecBitsMap(i1* %clk), !map !188"   --->   Operation 4 'specbitsmap' <Predicate = true> <Delay = 0.00>
ST_1 : Operation 5 [1/1] (0.00ns)   --->   "call void (...)* @_ssdm_op_SpecBitsMap(i1* %reset), !map !192"   --->   Operation 5 'specbitsmap' <Predicate = true> <Delay = 0.00>
ST_1 : Operation 6 [1/1] (0.00ns)   --->   "call void (...)* @_ssdm_op_SpecBitsMap(i1* %startGenerating), !map !196"   --->   Operation 6 'specbitsmap' <Predicate = true> <Delay = 0.00>
ST_1 : Operation 7 [1/1] (0.00ns)   --->   "call void (...)* @_ssdm_op_SpecBitsMap(i1* %generatingDone), !map !200"   --->   Operation 7 'specbitsmap' <Predicate = true> <Delay = 0.00>
ST_1 : Operation 8 [1/1] (0.00ns)   --->   "call void (...)* @_ssdm_op_SpecBitsMap(i64* %generation_parent1), !map !204"   --->   Operation 8 'specbitsmap' <Predicate = true> <Delay = 0.00>
ST_1 : Operation 9 [1/1] (0.00ns)   --->   "call void (...)* @_ssdm_op_SpecBitsMap(i64* %generation_parent2), !map !208"   --->   Operation 9 'specbitsmap' <Predicate = true> <Delay = 0.00>
ST_1 : Operation 10 [1/1] (0.00ns)   --->   "call void (...)* @_ssdm_op_SpecBitsMap(i64* %generation_child1), !map !212"   --->   Operation 10 'specbitsmap' <Predicate = true> <Delay = 0.00>
ST_1 : Operation 11 [1/1] (0.00ns)   --->   "call void (...)* @_ssdm_op_SpecBitsMap(i64* %generation_child2), !map !216"   --->   Operation 11 'specbitsmap' <Predicate = true> <Delay = 0.00>
ST_1 : Operation 12 [1/1] (0.00ns)   --->   "call void (...)* @_ssdm_op_SpecBitsMap(i24* %mutation_probability), !map !220"   --->   Operation 12 'specbitsmap' <Predicate = true> <Delay = 0.00>
ST_1 : Operation 13 [1/1] (0.00ns)   --->   "call void (...)* @_ssdm_op_SpecBitsMap(i24* %random), !map !224"   --->   Operation 13 'specbitsmap' <Predicate = true> <Delay = 0.00>
ST_1 : Operation 14 [1/1] (0.00ns)   --->   "call void (...)* @_ssdm_op_SpecBitsMap(i24* %GenerationGenerator_randomNumberIndex_V), !map !228"   --->   Operation 14 'specbitsmap' <Predicate = true> <Delay = 0.00>
ST_1 : Operation 15 [1/1] (0.00ns)   --->   "call void (...)* @_ssdm_op_SpecBitsMap(i24* %GenerationGenerator_trueRandomIndex_V), !map !232"   --->   Operation 15 'specbitsmap' <Predicate = true> <Delay = 0.00>
ST_1 : Operation 16 [1/1] (0.00ns)   --->   "call void (...)* @_ssdm_op_SpecBitsMap([160 x i24]* %GenerationGenerator_randomNumbers_V), !map !236"   --->   Operation 16 'specbitsmap' <Predicate = true> <Delay = 0.00>
ST_1 : Operation 17 [1/1] (0.00ns)   --->   "call void (...)* @_ssdm_op_SpecPort([20 x i8]* @p_str, i32 0, [7 x i8]* @p_str1, [4 x i8]* @p_str2, i32 0, i32 0, i1* %clk) nounwind" [../GenerationGenerator/GenerationGenerator.cpp:8]   --->   Operation 17 'specport' <Predicate = true> <Delay = 0.00>
ST_1 : Operation 18 [1/1] (0.00ns)   --->   "call void (...)* @_ssdm_op_SpecPort([20 x i8]* @p_str, i32 0, [7 x i8]* @p_str1, [6 x i8]* @p_str3, i32 0, i32 0, i1* %reset) nounwind" [../GenerationGenerator/GenerationGenerator.cpp:9]   --->   Operation 18 'specport' <Predicate = true> <Delay = 0.00>
ST_1 : Operation 19 [1/1] (0.00ns)   --->   "call void (...)* @_ssdm_op_SpecPort([20 x i8]* @p_str, i32 0, [7 x i8]* @p_str1, [16 x i8]* @p_str4, i32 0, i32 0, i1* %startGenerating) nounwind" [../GenerationGenerator/GenerationGenerator.cpp:10]   --->   Operation 19 'specport' <Predicate = true> <Delay = 0.00>
ST_1 : Operation 20 [1/1] (0.00ns)   --->   "call void (...)* @_ssdm_op_SpecPort([20 x i8]* @p_str, i32 1, [7 x i8]* @p_str1, [15 x i8]* @p_str5, i32 0, i32 0, i1* %generatingDone) nounwind" [../GenerationGenerator/GenerationGenerator.cpp:11]   --->   Operation 20 'specport' <Predicate = true> <Delay = 0.00>
ST_1 : Operation 21 [1/1] (0.00ns)   --->   "call void (...)* @_ssdm_op_SpecPort([20 x i8]* @p_str, i32 0, [14 x i8]* @p_str6, [19 x i8]* @p_str7, i32 0, i32 0, i64* %generation_parent1) nounwind" [../GenerationGenerator/GenerationGenerator.cpp:12]   --->   Operation 21 'specport' <Predicate = true> <Delay = 0.00>
ST_1 : Operation 22 [1/1] (0.00ns)   --->   "call void (...)* @_ssdm_op_SpecPort([20 x i8]* @p_str, i32 0, [14 x i8]* @p_str6, [19 x i8]* @p_str8, i32 0, i32 0, i64* %generation_parent2) nounwind" [../GenerationGenerator/GenerationGenerator.cpp:13]   --->   Operation 22 'specport' <Predicate = true> <Delay = 0.00>
ST_1 : Operation 23 [1/1] (0.00ns)   --->   "call void (...)* @_ssdm_op_SpecPort([20 x i8]* @p_str, i32 1, [14 x i8]* @p_str6, [18 x i8]* @p_str9, i32 0, i32 0, i64* %generation_child1) nounwind" [../GenerationGenerator/GenerationGenerator.cpp:14]   --->   Operation 23 'specport' <Predicate = true> <Delay = 0.00>
ST_1 : Operation 24 [1/1] (0.00ns)   --->   "call void (...)* @_ssdm_op_SpecPort([20 x i8]* @p_str, i32 1, [14 x i8]* @p_str6, [18 x i8]* @p_str10, i32 0, i32 0, i64* %generation_child2) nounwind" [../GenerationGenerator/GenerationGenerator.cpp:15]   --->   Operation 24 'specport' <Predicate = true> <Delay = 0.00>
ST_1 : Operation 25 [1/1] (0.00ns)   --->   "call void (...)* @_ssdm_op_SpecPort([20 x i8]* @p_str, i32 0, [14 x i8]* @p_str11, [21 x i8]* @p_str12, i32 0, i32 0, i24* %mutation_probability) nounwind" [../GenerationGenerator/GenerationGenerator.cpp:16]   --->   Operation 25 'specport' <Predicate = true> <Delay = 0.00>
ST_1 : Operation 26 [1/1] (0.00ns)   --->   "call void (...)* @_ssdm_op_SpecPort([20 x i8]* @p_str, i32 0, [14 x i8]* @p_str11, [7 x i8]* @p_str13, i32 0, i32 0, i24* %random) nounwind" [../GenerationGenerator/GenerationGenerator.cpp:17]   --->   Operation 26 'specport' <Predicate = true> <Delay = 0.00>
ST_1 : Operation 27 [1/1] (0.00ns)   --->   "call void (...)* @_ssdm_op_SpecProcessDef([20 x i8]* @p_str, i32 2, [14 x i8]* @p_str14) nounwind" [../GenerationGenerator/GenerationGenerator.cpp:18]   --->   Operation 27 'specprocessdef' <Predicate = true> <Delay = 0.00>
ST_1 : Operation 28 [1/1] (0.00ns)   --->   "%tmp_3 = call i32 (...)* @_ssdm_op_SpecRegionBegin([15 x i8]* @p_str15)" [../GenerationGenerator/GenerationGenerator.cpp:18]   --->   Operation 28 'specregionbegin' 'tmp_3' <Predicate = true> <Delay = 0.00>
ST_1 : Operation 29 [1/1] (0.00ns)   --->   "call void (...)* @_ssdm_op_SpecProtocol(i32 1, [1 x i8]* @p_str16) nounwind" [../GenerationGenerator/GenerationGenerator.cpp:18]   --->   Operation 29 'specprotocol' <Predicate = true> <Delay = 0.00>
ST_1 : Operation 30 [1/1] (0.00ns)   --->   "%p_ssdm_reset_v = call i32 (...)* @_ssdm_op_SpecStateBegin(i32 0, i32 0, i32 1) nounwind" [../GenerationGenerator/GenerationGenerator.cpp:18]   --->   Operation 30 'specstatebegin' 'p_ssdm_reset_v' <Predicate = true> <Delay = 0.00>
ST_1 : Operation 31 [1/1] (0.00ns)   --->   "%empty = call i32 (...)* @_ssdm_op_SpecStateEnd(i32 %p_ssdm_reset_v) nounwind" [../GenerationGenerator/GenerationGenerator.cpp:9]   --->   Operation 31 'specstateend' 'empty' <Predicate = true> <Delay = 0.00>
ST_1 : Operation 32 [1/1] (0.00ns)   --->   "%empty_2 = call i32 (...)* @_ssdm_op_SpecRegionEnd([15 x i8]* @p_str15, i32 %tmp_3)" [../GenerationGenerator/GenerationGenerator.cpp:9]   --->   Operation 32 'specregionend' 'empty_2' <Predicate = true> <Delay = 0.00>
ST_1 : Operation 33 [1/1] (0.00ns)   --->   "br label %_ZN7_ap_sc_7sc_core4waitEi.exit" [../GenerationGenerator/GenerationGenerator.cpp:9]   --->   Operation 33 'br' <Predicate = true> <Delay = 0.00>

State 2 <SV = 1> <Delay = 0.00>
ST_2 : Operation 34 [1/1] (0.00ns)   --->   "%val_V = call i24 @_ssdm_op_Read.ap_auto.volatile.i24P(i24* %random)" [../GenerationGenerator/GenerationGenerator.cpp:11]   --->   Operation 34 'read' 'val_V' <Predicate = true> <Delay = 0.00>

State 3 <SV = 2> <Delay = 3.25>
ST_3 : Operation 35 [1/1] (0.00ns)   --->   "call void (...)* @_ssdm_op_Wait(i32 1) nounwind" [../GenerationGenerator/GenerationGenerator.cpp:12]   --->   Operation 35 'wait' <Predicate = true> <Delay = 0.00>
ST_3 : Operation 36 [1/1] (0.00ns)   --->   "%GenerationGenerator_s = call i24 @_ssdm_op_Read.ap_auto.i24P(i24* %GenerationGenerator_randomNumberIndex_V)" [../GenerationGenerator/GenerationGenerator.cpp:13]   --->   Operation 36 'read' 'GenerationGenerator_s' <Predicate = true> <Delay = 0.00>
ST_3 : Operation 37 [1/1] (0.00ns)   --->   "%tmp = zext i24 %GenerationGenerator_s to i64" [../GenerationGenerator/GenerationGenerator.cpp:13]   --->   Operation 37 'zext' 'tmp' <Predicate = true> <Delay = 0.00>
ST_3 : Operation 38 [1/1] (0.00ns)   --->   "%GenerationGenerator_1 = getelementptr [160 x i24]* %GenerationGenerator_randomNumbers_V, i64 0, i64 %tmp" [../GenerationGenerator/GenerationGenerator.cpp:13]   --->   Operation 38 'getelementptr' 'GenerationGenerator_1' <Predicate = true> <Delay = 0.00>
ST_3 : Operation 39 [1/1] (3.25ns)   --->   "store i24 %val_V, i24* %GenerationGenerator_1, align 4" [../GenerationGenerator/GenerationGenerator.cpp:13]   --->   Operation 39 'store' <Predicate = true> <Delay = 3.25> <Core = "RAM">   --->   Core 37 'RAM' <Latency = 1> <II = 1> <Delay = 3.25> <Storage> <Opcode : 'load' 'store'> <Ports = 2> <Width = 24> <Depth = 160> <RAM>
ST_3 : Operation 40 [1/1] (2.45ns)   --->   "%tmp_1 = icmp eq i24 %GenerationGenerator_s, 23" [../GenerationGenerator/GenerationGenerator.cpp:14]   --->   Operation 40 'icmp' 'tmp_1' <Predicate = true> <Delay = 2.45> <Core = "Cmp">   --->   Core 25 'Cmp' <Latency = 0> <II = 1> <Delay = 2.45> <FuncUnit> <Opcode : 'icmp'> <InPorts = 2> <OutPorts = 1>
ST_3 : Operation 41 [1/1] (2.31ns)   --->   "%tmp_2 = add i24 %GenerationGenerator_s, 1" [../GenerationGenerator/GenerationGenerator.cpp:17]   --->   Operation 41 'add' 'tmp_2' <Predicate = true> <Delay = 2.31> <Core = "AddSub">   --->   Core 14 'AddSub' <Latency = 0> <II = 1> <Delay = 2.31> <FuncUnit> <Opcode : 'add' 'sub'> <InPorts = 2> <OutPorts = 1>
ST_3 : Operation 42 [1/1] (0.69ns)   --->   "%storemerge = select i1 %tmp_1, i24 0, i24 %tmp_2" [../GenerationGenerator/GenerationGenerator.cpp:14]   --->   Operation 42 'select' 'storemerge' <Predicate = true> <Delay = 0.69> <Core = "Sel">   --->   Core 26 'Sel' <Latency = 0> <II = 1> <Delay = 0.69> <FuncUnit> <Opcode : 'select'> <InPorts = 3> <OutPorts = 1>
ST_3 : Operation 43 [1/1] (0.00ns)   --->   "call void @_ssdm_op_Write.ap_auto.i24P(i24* %GenerationGenerator_randomNumberIndex_V, i24 %storemerge)" [../GenerationGenerator/GenerationGenerator.cpp:15]   --->   Operation 43 'write' <Predicate = true> <Delay = 0.00>
ST_3 : Operation 44 [1/1] (0.00ns)   --->   "br label %_ZN7_ap_sc_7sc_core4waitEi.exit" [../GenerationGenerator/GenerationGenerator.cpp:19]   --->   Operation 44 'br' <Predicate = true> <Delay = 0.00>


============================================================
+ Verbose Summary: Binding
============================================================
STG Binding: 
---------------- STG Properties BEGIN ----------------
- Is combinational: 0
- Is one-state seq: 0
- Is datapath-only: 0
- Is pipelined: 0
- Is top level: 0
Port [ Return ] is wired: 1; IO mode=ap_ctrl_hs:ce=0
Port [ clk]:  wired=1; compound=0; hidden=1; nouse=1; global=0; static=0; extern=0; dir=0; type=0; pingpong=0; private_global=0; IO mode=ap_none:ce=0
Port [ reset]:  wired=1; compound=0; hidden=1; nouse=1; global=0; static=0; extern=0; dir=0; type=0; pingpong=0; private_global=0; IO mode=ap_none:ce=0
Port [ startGenerating]:  wired=1; compound=0; hidden=1; nouse=1; global=0; static=0; extern=0; dir=0; type=0; pingpong=0; private_global=0; IO mode=ap_none:ce=0
Port [ generatingDone]:  wired=1; compound=0; hidden=1; nouse=1; global=0; static=0; extern=0; dir=1; type=0; pingpong=0; private_global=0; IO mode=ap_vld:ce=0
Port [ generation_parent1]:  wired=1; compound=0; hidden=1; nouse=1; global=0; static=0; extern=0; dir=0; type=0; pingpong=0; private_global=0; IO mode=ap_none:ce=0
Port [ generation_parent2]:  wired=1; compound=0; hidden=1; nouse=1; global=0; static=0; extern=0; dir=0; type=0; pingpong=0; private_global=0; IO mode=ap_none:ce=0
Port [ generation_child1]:  wired=1; compound=0; hidden=1; nouse=1; global=0; static=0; extern=0; dir=1; type=0; pingpong=0; private_global=0; IO mode=ap_vld:ce=0
Port [ generation_child2]:  wired=1; compound=0; hidden=1; nouse=1; global=0; static=0; extern=0; dir=1; type=0; pingpong=0; private_global=0; IO mode=ap_vld:ce=0
Port [ mutation_probability]:  wired=1; compound=0; hidden=1; nouse=1; global=0; static=0; extern=0; dir=0; type=0; pingpong=0; private_global=0; IO mode=ap_none:ce=0
Port [ random]:  wired=1; compound=0; hidden=0; nouse=0; global=0; static=0; extern=0; dir=0; type=0; pingpong=0; private_global=0; IO mode=ap_none:ce=0
Port [ GenerationGenerator_randomNumberIndex_V]:  wired=1; compound=0; hidden=0; nouse=0; global=0; static=0; extern=0; dir=2; type=0; pingpong=0; private_global=0; IO mode=ap_ovld:ce=0
Port [ GenerationGenerator_trueRandomIndex_V]:  wired=1; compound=0; hidden=1; nouse=1; global=0; static=0; extern=0; dir=0; type=0; pingpong=0; private_global=0; IO mode=ap_none:ce=0
Port [ GenerationGenerator_randomNumbers_V]:  wired=1; compound=1; hidden=0; nouse=0; global=0; static=0; extern=0; dir=1; type=1; pingpong=0; private_global=0; MemPort=[03]; IO mode=ap_memory:ce=0
---------------- STG Properties END ------------------

---------------- Datapath Model BEGIN ----------------

<LifeTime>
<method=bitvector/>
StgValue_4            (specbitsmap    ) [ 0000]
StgValue_5            (specbitsmap    ) [ 0000]
StgValue_6            (specbitsmap    ) [ 0000]
StgValue_7            (specbitsmap    ) [ 0000]
StgValue_8            (specbitsmap    ) [ 0000]
StgValue_9            (specbitsmap    ) [ 0000]
StgValue_10           (specbitsmap    ) [ 0000]
StgValue_11           (specbitsmap    ) [ 0000]
StgValue_12           (specbitsmap    ) [ 0000]
StgValue_13           (specbitsmap    ) [ 0000]
StgValue_14           (specbitsmap    ) [ 0000]
StgValue_15           (specbitsmap    ) [ 0000]
StgValue_16           (specbitsmap    ) [ 0000]
StgValue_17           (specport       ) [ 0000]
StgValue_18           (specport       ) [ 0000]
StgValue_19           (specport       ) [ 0000]
StgValue_20           (specport       ) [ 0000]
StgValue_21           (specport       ) [ 0000]
StgValue_22           (specport       ) [ 0000]
StgValue_23           (specport       ) [ 0000]
StgValue_24           (specport       ) [ 0000]
StgValue_25           (specport       ) [ 0000]
StgValue_26           (specport       ) [ 0000]
StgValue_27           (specprocessdef ) [ 0000]
tmp_3                 (specregionbegin) [ 0000]
StgValue_29           (specprotocol   ) [ 0000]
p_ssdm_reset_v        (specstatebegin ) [ 0000]
empty                 (specstateend   ) [ 0000]
empty_2               (specregionend  ) [ 0000]
StgValue_33           (br             ) [ 0000]
val_V                 (read           ) [ 0001]
StgValue_35           (wait           ) [ 0000]
GenerationGenerator_s (read           ) [ 0000]
tmp                   (zext           ) [ 0000]
GenerationGenerator_1 (getelementptr  ) [ 0000]
StgValue_39           (store          ) [ 0000]
tmp_1                 (icmp           ) [ 0000]
tmp_2                 (add            ) [ 0000]
storemerge            (select         ) [ 0000]
StgValue_43           (write          ) [ 0000]
StgValue_44           (br             ) [ 0000]
</LifeTime>

<model>

<comp_list>
<comp id="0" class="1000" name="clk">
<pin_list>
<pin id="1" dir="1" index="0" bw="1" slack="2147483647"/>
</pin_list>
<bind>
<StgValue><ssdm name="clk"/></StgValue>
</bind>
</comp>

<comp id="2" class="1000" name="reset">
<pin_list>
<pin id="3" dir="1" index="0" bw="1" slack="2147483647"/>
</pin_list>
<bind>
<StgValue><ssdm name="reset"/></StgValue>
</bind>
</comp>

<comp id="4" class="1000" name="startGenerating">
<pin_list>
<pin id="5" dir="1" index="0" bw="1" slack="2147483647"/>
</pin_list>
<bind>
<StgValue><ssdm name="startGenerating"/></StgValue>
</bind>
</comp>

<comp id="6" class="1000" name="generatingDone">
<pin_list>
<pin id="7" dir="1" index="0" bw="1" slack="2147483647"/>
</pin_list>
<bind>
<StgValue><ssdm name="generatingDone"/></StgValue>
</bind>
</comp>

<comp id="8" class="1000" name="generation_parent1">
<pin_list>
<pin id="9" dir="1" index="0" bw="1" slack="2147483647"/>
</pin_list>
<bind>
<StgValue><ssdm name="generation_parent1"/></StgValue>
</bind>
</comp>

<comp id="10" class="1000" name="generation_parent2">
<pin_list>
<pin id="11" dir="1" index="0" bw="1" slack="2147483647"/>
</pin_list>
<bind>
<StgValue><ssdm name="generation_parent2"/></StgValue>
</bind>
</comp>

<comp id="12" class="1000" name="generation_child1">
<pin_list>
<pin id="13" dir="1" index="0" bw="1" slack="2147483647"/>
</pin_list>
<bind>
<StgValue><ssdm name="generation_child1"/></StgValue>
</bind>
</comp>

<comp id="14" class="1000" name="generation_child2">
<pin_list>
<pin id="15" dir="1" index="0" bw="1" slack="2147483647"/>
</pin_list>
<bind>
<StgValue><ssdm name="generation_child2"/></StgValue>
</bind>
</comp>

<comp id="16" class="1000" name="mutation_probability">
<pin_list>
<pin id="17" dir="1" index="0" bw="1" slack="2147483647"/>
</pin_list>
<bind>
<StgValue><ssdm name="mutation_probability"/></StgValue>
</bind>
</comp>

<comp id="18" class="1000" name="random">
<pin_list>
<pin id="19" dir="1" index="0" bw="1" slack="0"/>
</pin_list>
<bind>
<StgValue><ssdm name="random"/></StgValue>
</bind>
</comp>

<comp id="20" class="1000" name="GenerationGenerator_randomNumberIndex_V">
<pin_list>
<pin id="21" dir="1" index="0" bw="1" slack="0"/>
</pin_list>
<bind>
<StgValue><ssdm name="GenerationGenerator_randomNumberIndex_V"/></StgValue>
</bind>
</comp>

<comp id="22" class="1000" name="GenerationGenerator_trueRandomIndex_V">
<pin_list>
<pin id="23" dir="1" index="0" bw="1" slack="2147483647"/>
</pin_list>
<bind>
<StgValue><ssdm name="GenerationGenerator_trueRandomIndex_V"/></StgValue>
</bind>
</comp>

<comp id="24" class="1000" name="GenerationGenerator_randomNumbers_V">
<pin_list>
<pin id="25" dir="1" index="0" bw="1" slack="0"/>
</pin_list>
<bind>
<StgValue><ssdm name="GenerationGenerator_randomNumbers_V"/><MemPortTyVec>0 3 </MemPortTyVec>
</StgValue>
</bind>
</comp>

<comp id="26" class="1001" name="const_26">
<pin_list>
<pin id="27" dir="1" index="0" bw="1" slack="2147483647"/>
</pin_list>
<bind>
<StgValue><ssdm name="_ssdm_op_SpecBitsMap"/></StgValue>
</bind>
</comp>

<comp id="28" class="1001" name="const_28">
<pin_list>
<pin id="29" dir="1" index="0" bw="1" slack="2147483647"/>
</pin_list>
<bind>
<StgValue><ssdm name="_ssdm_op_SpecPort"/></StgValue>
</bind>
</comp>

<comp id="30" class="1001" name="const_30">
<pin_list>
<pin id="31" dir="1" index="0" bw="1" slack="2147483647"/>
</pin_list>
<bind>
<StgValue><ssdm name="p_str"/></StgValue>
</bind>
</comp>

<comp id="32" class="1001" name="const_32">
<pin_list>
<pin id="33" dir="1" index="0" bw="1" slack="2147483647"/>
</pin_list>
<bind>
<StgValue><ssdm name=""/></StgValue>
</bind>
</comp>

<comp id="34" class="1001" name="const_34">
<pin_list>
<pin id="35" dir="1" index="0" bw="1" slack="2147483647"/>
</pin_list>
<bind>
<StgValue><ssdm name="p_str1"/></StgValue>
</bind>
</comp>

<comp id="36" class="1001" name="const_36">
<pin_list>
<pin id="37" dir="1" index="0" bw="1" slack="2147483647"/>
</pin_list>
<bind>
<StgValue><ssdm name="p_str2"/></StgValue>
</bind>
</comp>

<comp id="38" class="1001" name="const_38">
<pin_list>
<pin id="39" dir="1" index="0" bw="1" slack="2147483647"/>
</pin_list>
<bind>
<StgValue><ssdm name="p_str3"/></StgValue>
</bind>
</comp>

<comp id="40" class="1001" name="const_40">
<pin_list>
<pin id="41" dir="1" index="0" bw="1" slack="2147483647"/>
</pin_list>
<bind>
<StgValue><ssdm name="p_str4"/></StgValue>
</bind>
</comp>

<comp id="42" class="1001" name="const_42">
<pin_list>
<pin id="43" dir="1" index="0" bw="1" slack="2147483647"/>
</pin_list>
<bind>
<StgValue><ssdm name=""/></StgValue>
</bind>
</comp>

<comp id="44" class="1001" name="const_44">
<pin_list>
<pin id="45" dir="1" index="0" bw="1" slack="2147483647"/>
</pin_list>
<bind>
<StgValue><ssdm name="p_str5"/></StgValue>
</bind>
</comp>

<comp id="46" class="1001" name="const_46">
<pin_list>
<pin id="47" dir="1" index="0" bw="1" slack="2147483647"/>
</pin_list>
<bind>
<StgValue><ssdm name="p_str6"/></StgValue>
</bind>
</comp>

<comp id="48" class="1001" name="const_48">
<pin_list>
<pin id="49" dir="1" index="0" bw="1" slack="2147483647"/>
</pin_list>
<bind>
<StgValue><ssdm name="p_str7"/></StgValue>
</bind>
</comp>

<comp id="50" class="1001" name="const_50">
<pin_list>
<pin id="51" dir="1" index="0" bw="1" slack="2147483647"/>
</pin_list>
<bind>
<StgValue><ssdm name="p_str8"/></StgValue>
</bind>
</comp>

<comp id="52" class="1001" name="const_52">
<pin_list>
<pin id="53" dir="1" index="0" bw="1" slack="2147483647"/>
</pin_list>
<bind>
<StgValue><ssdm name="p_str9"/></StgValue>
</bind>
</comp>

<comp id="54" class="1001" name="const_54">
<pin_list>
<pin id="55" dir="1" index="0" bw="1" slack="2147483647"/>
</pin_list>
<bind>
<StgValue><ssdm name="p_str10"/></StgValue>
</bind>
</comp>

<comp id="56" class="1001" name="const_56">
<pin_list>
<pin id="57" dir="1" index="0" bw="1" slack="2147483647"/>
</pin_list>
<bind>
<StgValue><ssdm name="p_str11"/></StgValue>
</bind>
</comp>

<comp id="58" class="1001" name="const_58">
<pin_list>
<pin id="59" dir="1" index="0" bw="1" slack="2147483647"/>
</pin_list>
<bind>
<StgValue><ssdm name="p_str12"/></StgValue>
</bind>
</comp>

<comp id="60" class="1001" name="const_60">
<pin_list>
<pin id="61" dir="1" index="0" bw="1" slack="2147483647"/>
</pin_list>
<bind>
<StgValue><ssdm name="p_str13"/></StgValue>
</bind>
</comp>

<comp id="62" class="1001" name="const_62">
<pin_list>
<pin id="63" dir="1" index="0" bw="1" slack="2147483647"/>
</pin_list>
<bind>
<StgValue><ssdm name="_ssdm_op_SpecProcessDef"/></StgValue>
</bind>
</comp>

<comp id="64" class="1001" name="const_64">
<pin_list>
<pin id="65" dir="1" index="0" bw="1" slack="2147483647"/>
</pin_list>
<bind>
<StgValue><ssdm name=""/></StgValue>
</bind>
</comp>

<comp id="66" class="1001" name="const_66">
<pin_list>
<pin id="67" dir="1" index="0" bw="1" slack="2147483647"/>
</pin_list>
<bind>
<StgValue><ssdm name="p_str14"/></StgValue>
</bind>
</comp>

<comp id="68" class="1001" name="const_68">
<pin_list>
<pin id="69" dir="1" index="0" bw="1" slack="2147483647"/>
</pin_list>
<bind>
<StgValue><ssdm name="_ssdm_op_SpecRegionBegin"/></StgValue>
</bind>
</comp>

<comp id="70" class="1001" name="const_70">
<pin_list>
<pin id="71" dir="1" index="0" bw="1" slack="2147483647"/>
</pin_list>
<bind>
<StgValue><ssdm name="p_str15"/></StgValue>
</bind>
</comp>

<comp id="72" class="1001" name="const_72">
<pin_list>
<pin id="73" dir="1" index="0" bw="1" slack="2147483647"/>
</pin_list>
<bind>
<StgValue><ssdm name="_ssdm_op_SpecProtocol"/></StgValue>
</bind>
</comp>

<comp id="74" class="1001" name="const_74">
<pin_list>
<pin id="75" dir="1" index="0" bw="1" slack="2147483647"/>
</pin_list>
<bind>
<StgValue><ssdm name="p_str16"/></StgValue>
</bind>
</comp>

<comp id="76" class="1001" name="const_76">
<pin_list>
<pin id="77" dir="1" index="0" bw="1" slack="2147483647"/>
</pin_list>
<bind>
<StgValue><ssdm name="_ssdm_op_SpecStateBegin"/></StgValue>
</bind>
</comp>

<comp id="78" class="1001" name="const_78">
<pin_list>
<pin id="79" dir="1" index="0" bw="1" slack="2147483647"/>
</pin_list>
<bind>
<StgValue><ssdm name="_ssdm_op_SpecStateEnd"/></StgValue>
</bind>
</comp>

<comp id="80" class="1001" name="const_80">
<pin_list>
<pin id="81" dir="1" index="0" bw="1" slack="2147483647"/>
</pin_list>
<bind>
<StgValue><ssdm name="_ssdm_op_SpecRegionEnd"/></StgValue>
</bind>
</comp>

<comp id="82" class="1001" name="const_82">
<pin_list>
<pin id="83" dir="1" index="0" bw="1" slack="0"/>
</pin_list>
<bind>
<StgValue><ssdm name="_ssdm_op_Read.ap_auto.volatile.i24P"/></StgValue>
</bind>
</comp>

<comp id="84" class="1001" name="const_84">
<pin_list>
<pin id="85" dir="1" index="0" bw="1" slack="2147483647"/>
</pin_list>
<bind>
<StgValue><ssdm name="_ssdm_op_Wait"/></StgValue>
</bind>
</comp>

<comp id="86" class="1001" name="const_86">
<pin_list>
<pin id="87" dir="1" index="0" bw="1" slack="0"/>
</pin_list>
<bind>
<StgValue><ssdm name="_ssdm_op_Read.ap_auto.i24P"/></StgValue>
</bind>
</comp>

<comp id="88" class="1001" name="const_88">
<pin_list>
<pin id="89" dir="1" index="0" bw="1" slack="0"/>
</pin_list>
<bind>
<StgValue><ssdm name=""/></StgValue>
</bind>
</comp>

<comp id="90" class="1001" name="const_90">
<pin_list>
<pin id="91" dir="1" index="0" bw="1" slack="0"/>
</pin_list>
<bind>
<StgValue><ssdm name=""/></StgValue>
</bind>
</comp>

<comp id="92" class="1001" name="const_92">
<pin_list>
<pin id="93" dir="1" index="0" bw="1" slack="0"/>
</pin_list>
<bind>
<StgValue><ssdm name=""/></StgValue>
</bind>
</comp>

<comp id="94" class="1001" name="const_94">
<pin_list>
<pin id="95" dir="1" index="0" bw="1" slack="0"/>
</pin_list>
<bind>
<StgValue><ssdm name=""/></StgValue>
</bind>
</comp>

<comp id="96" class="1001" name="const_96">
<pin_list>
<pin id="97" dir="1" index="0" bw="1" slack="0"/>
</pin_list>
<bind>
<StgValue><ssdm name="_ssdm_op_Write.ap_auto.i24P"/></StgValue>
</bind>
</comp>

<comp id="98" class="1004" name="val_V_read_fu_98">
<pin_list>
<pin id="99" dir="0" index="0" bw="24" slack="0"/>
<pin id="100" dir="0" index="1" bw="24" slack="0"/>
<pin id="101" dir="1" index="2" bw="24" slack="1"/>
</pin_list>
<bind>
<opcode="read(1150) " fcode="read"/>
<opset="val_V/2 "/>
</bind>
</comp>

<comp id="104" class="1004" name="GenerationGenerator_s_read_fu_104">
<pin_list>
<pin id="105" dir="0" index="0" bw="24" slack="0"/>
<pin id="106" dir="0" index="1" bw="24" slack="0"/>
<pin id="107" dir="1" index="2" bw="24" slack="0"/>
</pin_list>
<bind>
<opcode="read(1150) " fcode="read"/>
<opset="GenerationGenerator_s/3 "/>
</bind>
</comp>

<comp id="110" class="1004" name="StgValue_43_write_fu_110">
<pin_list>
<pin id="111" dir="0" index="0" bw="0" slack="0"/>
<pin id="112" dir="0" index="1" bw="24" slack="0"/>
<pin id="113" dir="0" index="2" bw="24" slack="0"/>
<pin id="114" dir="1" index="3" bw="0" slack="2147483647"/>
</pin_list>
<bind>
<opcode="write(1151) " fcode="write"/>
<opset="StgValue_43/3 "/>
</bind>
</comp>

<comp id="117" class="1004" name="GenerationGenerator_1_gep_fu_117">
<pin_list>
<pin id="118" dir="0" index="0" bw="24" slack="0"/>
<pin id="119" dir="0" index="1" bw="1" slack="0"/>
<pin id="120" dir="0" index="2" bw="24" slack="0"/>
<pin id="121" dir="1" index="3" bw="8" slack="0"/>
</pin_list>
<bind>
<opcode="getelementptr(29) " fcode="getelementptr"/>
<opset="GenerationGenerator_1/3 "/>
</bind>
</comp>

<comp id="124" class="1004" name="StgValue_39_access_fu_124">
<pin_list>
<pin id="125" dir="0" index="0" bw="8" slack="0"/>
<pin id="126" dir="0" index="1" bw="24" slack="1"/>
<pin id="127" dir="0" index="2" bw="0" slack="2147483647"/>
<pin id="128" dir="1" index="3" bw="24" slack="2147483647"/>
</pin_list>
<bind>
<opcode="store(28) " fcode="store"/>
<opset="StgValue_39/3 "/>
</bind>
</comp>

<comp id="130" class="1004" name="tmp_fu_130">
<pin_list>
<pin id="131" dir="0" index="0" bw="24" slack="0"/>
<pin id="132" dir="1" index="1" bw="64" slack="0"/>
</pin_list>
<bind>
<opcode="zext(34) " fcode="zext"/>
<opset="tmp/3 "/>
</bind>
</comp>

<comp id="135" class="1004" name="tmp_1_fu_135">
<pin_list>
<pin id="136" dir="0" index="0" bw="24" slack="0"/>
<pin id="137" dir="0" index="1" bw="24" slack="0"/>
<pin id="138" dir="1" index="2" bw="1" slack="0"/>
</pin_list>
<bind>
<opcode="icmp(45) " fcode="icmp"/>
<opset="tmp_1/3 "/>
</bind>
</comp>

<comp id="141" class="1004" name="tmp_2_fu_141">
<pin_list>
<pin id="142" dir="0" index="0" bw="24" slack="0"/>
<pin id="143" dir="0" index="1" bw="1" slack="0"/>
<pin id="144" dir="1" index="2" bw="24" slack="0"/>
</pin_list>
<bind>
<opcode="add(8) " fcode="add"/>
<opset="tmp_2/3 "/>
</bind>
</comp>

<comp id="147" class="1004" name="storemerge_fu_147">
<pin_list>
<pin id="148" dir="0" index="0" bw="1" slack="0"/>
<pin id="149" dir="0" index="1" bw="24" slack="0"/>
<pin id="150" dir="0" index="2" bw="24" slack="0"/>
<pin id="151" dir="1" index="3" bw="24" slack="0"/>
</pin_list>
<bind>
<opcode="select(49) " fcode="select"/>
<opset="storemerge/3 "/>
</bind>
</comp>

<comp id="156" class="1005" name="val_V_reg_156">
<pin_list>
<pin id="157" dir="0" index="0" bw="24" slack="1"/>
<pin id="158" dir="1" index="1" bw="24" slack="1"/>
</pin_list>
<bind>
<opset="val_V "/>
</bind>
</comp>

</comp_list>

<net_list>
<net id="102"><net_src comp="82" pin="0"/><net_sink comp="98" pin=0"/></net>

<net id="103"><net_src comp="18" pin="0"/><net_sink comp="98" pin=1"/></net>

<net id="108"><net_src comp="86" pin="0"/><net_sink comp="104" pin=0"/></net>

<net id="109"><net_src comp="20" pin="0"/><net_sink comp="104" pin=1"/></net>

<net id="115"><net_src comp="96" pin="0"/><net_sink comp="110" pin=0"/></net>

<net id="116"><net_src comp="20" pin="0"/><net_sink comp="110" pin=1"/></net>

<net id="122"><net_src comp="24" pin="0"/><net_sink comp="117" pin=0"/></net>

<net id="123"><net_src comp="88" pin="0"/><net_sink comp="117" pin=1"/></net>

<net id="129"><net_src comp="117" pin="3"/><net_sink comp="124" pin=0"/></net>

<net id="133"><net_src comp="104" pin="2"/><net_sink comp="130" pin=0"/></net>

<net id="134"><net_src comp="130" pin="1"/><net_sink comp="117" pin=2"/></net>

<net id="139"><net_src comp="104" pin="2"/><net_sink comp="135" pin=0"/></net>

<net id="140"><net_src comp="90" pin="0"/><net_sink comp="135" pin=1"/></net>

<net id="145"><net_src comp="104" pin="2"/><net_sink comp="141" pin=0"/></net>

<net id="146"><net_src comp="92" pin="0"/><net_sink comp="141" pin=1"/></net>

<net id="152"><net_src comp="135" pin="2"/><net_sink comp="147" pin=0"/></net>

<net id="153"><net_src comp="94" pin="0"/><net_sink comp="147" pin=1"/></net>

<net id="154"><net_src comp="141" pin="2"/><net_sink comp="147" pin=2"/></net>

<net id="155"><net_src comp="147" pin="3"/><net_sink comp="110" pin=2"/></net>

<net id="159"><net_src comp="98" pin="2"/><net_sink comp="156" pin=0"/></net>

<net id="160"><net_src comp="156" pin="1"/><net_sink comp="124" pin=1"/></net>

</net_list>

</model> 
---------------- Datapath Model END ------------------

* FSMD analyzer results:
  - Output states:
	Port: GenerationGenerator_randomNumberIndex_V | {3 }
	Port: GenerationGenerator_randomNumbers_V | {3 }
 - Input state : 
	Port: GenerationGenerator::produceRandom : random | {2 }
	Port: GenerationGenerator::produceRandom : GenerationGenerator_randomNumberIndex_V | {3 }
  - Chain level:
	State 1
		empty : 1
		empty_2 : 1
	State 2
	State 3
		GenerationGenerator_1 : 1
		StgValue_39 : 2
		storemerge : 1
		StgValue_43 : 2


============================================================
+ Verbose Summary: Datapath Resource usage 
============================================================

* Functional unit list:
|----------|-----------------------------------|---------|---------|
| Operation|          Functional Unit          |    FF   |   LUT   |
|----------|-----------------------------------|---------|---------|
|    add   |            tmp_2_fu_141           |    0    |    31   |
|----------|-----------------------------------|---------|---------|
|  select  |         storemerge_fu_147         |    0    |    24   |
|----------|-----------------------------------|---------|---------|
|   icmp   |            tmp_1_fu_135           |    0    |    18   |
|----------|-----------------------------------|---------|---------|
|   read   |          val_V_read_fu_98         |    0    |    0    |
|          | GenerationGenerator_s_read_fu_104 |    0    |    0    |
|----------|-----------------------------------|---------|---------|
|   write  |      StgValue_43_write_fu_110     |    0    |    0    |
|----------|-----------------------------------|---------|---------|
|   zext   |             tmp_fu_130            |    0    |    0    |
|----------|-----------------------------------|---------|---------|
|   Total  |                                   |    0    |    73   |
|----------|-----------------------------------|---------|---------|

Memories:
N/A

* Register list:
+-------------+--------+
|             |   FF   |
+-------------+--------+
|val_V_reg_156|   24   |
+-------------+--------+
|    Total    |   24   |
+-------------+--------+

* Multiplexer (MUX) list: 
|--------|------|------|------|--------|
|  Comp  |  Pin | Size |  BW  | S x BW |
|--------|------|------|------|--------|
|  Total |      |      |      |    0   |
|--------|------|------|------|--------|



* Summary:
+-----------+--------+--------+
|           |   FF   |   LUT  |
+-----------+--------+--------+
|  Function |    0   |   73   |
|   Memory  |    -   |    -   |
|Multiplexer|    -   |    -   |
|  Register |   24   |    -   |
+-----------+--------+--------+
|   Total   |   24   |   73   |
+-----------+--------+--------+
