

================================================================
== Vivado HLS Report for 'GenerationGenerator_generateGeneration'
================================================================
* Date:           Thu Dec 20 13:11:05 2018

* Version:        2017.2 (Build 1909853 on Thu Jun 15 18:55:24 MDT 2017)
* Project:        GeneticAlgoHls
* Solution:       solution1
* Product family: zynq
* Target device:  xc7z010clg400-1


================================================================
== Performance Estimates
================================================================
+ Timing (ns): 
    * Summary: 
    +--------+-------+----------+------------+
    |  Clock | Target| Estimated| Uncertainty|
    +--------+-------+----------+------------+
    |ap_clk  |  20.00|     10.59|        2.50|
    +--------+-------+----------+------------+

+ Latency (clock cycles): 
    * Summary: 
    +-----+-----+-----+-----+---------+
    |  Latency  |  Interval | Pipeline|
    | min | max | min | max |   Type  |
    +-----+-----+-----+-----+---------+
    |  269|  269|  269|  269|   none  |
    +-----+-----+-----+-----+---------+

    + Detail: 
        * Instance: 
        N/A

        * Loop: 
        +-----------------+-----+-----+----------+-----------+-----------+------+----------+
        |                 |  Latency  | Iteration|  Initiation Interval  | Trip |          |
        |    Loop Name    | min | max |  Latency |  achieved |   target  | Count| Pipelined|
        +-----------------+-----+-----+----------+-----------+-----------+------+----------+
        |- Loop 1         |  268|  268|       268|          -|          -|  inf |    no    |
        | + mutateChild1  |  128|  128|         2|          2|          2|    64|    yes   |
        | + mutateChild2  |  128|  128|         2|          2|          2|    64|    yes   |
        +-----------------+-----+-----+----------+-----------+-----------+------+----------+

============================================================
+ Verbose Summary: Synthesis Manager
============================================================
InlineROM: 1
ExposeGlobal: 0
============================================================
+ Verbose Summary: CDFG Model
============================================================
IsTopModel: 0
ResetActiveHigh: 1
IsCombinational: 0
IsDatapathOnly: 0
HasWiredReturn: 0
HasMFsm: 0
HasVarLatency: 1
IsPipeline: 0
IsRtlPipelined: 0
IsInstanceOverlapped: 0
IsDontTouch: 0
HasImplIP: 0
IsGatedGlobalClock: 0

+ Individual pipeline summary: 
  * Pipeline-0: initiation interval (II) = 2, depth = 2
  * Pipeline-1: initiation interval (II) = 2, depth = 2


============================================================
+ Verbose Summary: Schedule
============================================================
* Number of FSM states: 15
* Pipeline: 2
  Pipeline-0: II = 2, D = 2, States = { 7 8 }
  Pipeline-1: II = 2, D = 2, States = { 10 11 }
* Dataflow Pipeline: 0

* FSM state transitions: 
1 --> 
	2  / true
2 --> 
	3  / true
3 --> 
	4  / true
4 --> 
	5  / true
5 --> 
	6  / true
6 --> 
	7  / true
7 --> 
	9  / (exitcond1)
	8  / (!exitcond1)
8 --> 
	7  / true
9 --> 
	10  / true
10 --> 
	12  / (exitcond)
	11  / (!exitcond)
11 --> 
	10  / true
12 --> 
	13  / true
13 --> 
	14  / true
14 --> 
	15  / true
15 --> 
	2  / true
* FSM state operations: 

 <State 1>: 0.00ns
ST_1: StgValue_16 (14)  [1/1] 0.00ns
:0  call void (...)* @_ssdm_op_SpecBitsMap(i1* %clk), !map !4081

ST_1: StgValue_17 (15)  [1/1] 0.00ns
:1  call void (...)* @_ssdm_op_SpecBitsMap(i1* %reset), !map !4085

ST_1: StgValue_18 (16)  [1/1] 0.00ns
:2  call void (...)* @_ssdm_op_SpecBitsMap(i1* %startGenerating), !map !4089

ST_1: StgValue_19 (17)  [1/1] 0.00ns
:3  call void (...)* @_ssdm_op_SpecBitsMap(i1* %generatingDone), !map !4093

ST_1: StgValue_20 (18)  [1/1] 0.00ns
:4  call void (...)* @_ssdm_op_SpecBitsMap(i64* %generation_parent1), !map !4097

ST_1: StgValue_21 (19)  [1/1] 0.00ns
:5  call void (...)* @_ssdm_op_SpecBitsMap(i64* %generation_parent2), !map !4101

ST_1: StgValue_22 (20)  [1/1] 0.00ns
:6  call void (...)* @_ssdm_op_SpecBitsMap(i64* %generation_child1), !map !4105

ST_1: StgValue_23 (21)  [1/1] 0.00ns
:7  call void (...)* @_ssdm_op_SpecBitsMap(i64* %generation_child2), !map !4109

ST_1: StgValue_24 (22)  [1/1] 0.00ns
:8  call void (...)* @_ssdm_op_SpecBitsMap(i24* %mutation_probability), !map !4113

ST_1: StgValue_25 (23)  [1/1] 0.00ns
:9  call void (...)* @_ssdm_op_SpecBitsMap(i24* %random), !map !4117

ST_1: StgValue_26 (24)  [1/1] 0.00ns
:10  call void (...)* @_ssdm_op_SpecBitsMap(i24* %GenerationGenerator_randomNumberIndex_V), !map !4121

ST_1: StgValue_27 (25)  [1/1] 0.00ns
:11  call void (...)* @_ssdm_op_SpecBitsMap(i24* %GenerationGenerator_trueRandomIndex_V), !map !4125

ST_1: StgValue_28 (26)  [1/1] 0.00ns
:12  call void (...)* @_ssdm_op_SpecBitsMap([160 x i24]* %GenerationGenerator_randomNumbers_V), !map !4129

ST_1: StgValue_29 (27)  [1/1] 0.00ns  loc: ../GenerationGenerator/GenerationGenerator.cpp:34
:13  call void (...)* @_ssdm_op_SpecPort([20 x i8]* @p_str, i32 0, [7 x i8]* @p_str1, [4 x i8]* @p_str2, i32 0, i32 0, i1* %clk) nounwind

ST_1: StgValue_30 (28)  [1/1] 0.00ns  loc: ../GenerationGenerator/GenerationGenerator.cpp:35
:14  call void (...)* @_ssdm_op_SpecPort([20 x i8]* @p_str, i32 0, [7 x i8]* @p_str1, [6 x i8]* @p_str3, i32 0, i32 0, i1* %reset) nounwind

ST_1: StgValue_31 (29)  [1/1] 0.00ns  loc: ../GenerationGenerator/GenerationGenerator.cpp:36
:15  call void (...)* @_ssdm_op_SpecPort([20 x i8]* @p_str, i32 0, [7 x i8]* @p_str1, [16 x i8]* @p_str4, i32 0, i32 0, i1* %startGenerating) nounwind

ST_1: StgValue_32 (30)  [1/1] 0.00ns  loc: ../GenerationGenerator/GenerationGenerator.cpp:37
:16  call void (...)* @_ssdm_op_SpecPort([20 x i8]* @p_str, i32 1, [7 x i8]* @p_str1, [15 x i8]* @p_str5, i32 0, i32 0, i1* %generatingDone) nounwind

ST_1: StgValue_33 (31)  [1/1] 0.00ns  loc: ../GenerationGenerator/GenerationGenerator.cpp:38
:17  call void (...)* @_ssdm_op_SpecPort([20 x i8]* @p_str, i32 0, [14 x i8]* @p_str6, [19 x i8]* @p_str7, i32 0, i32 0, i64* %generation_parent1) nounwind

ST_1: StgValue_34 (32)  [1/1] 0.00ns  loc: ../GenerationGenerator/GenerationGenerator.cpp:39
:18  call void (...)* @_ssdm_op_SpecPort([20 x i8]* @p_str, i32 0, [14 x i8]* @p_str6, [19 x i8]* @p_str8, i32 0, i32 0, i64* %generation_parent2) nounwind

ST_1: StgValue_35 (33)  [1/1] 0.00ns  loc: ../GenerationGenerator/GenerationGenerator.cpp:40
:19  call void (...)* @_ssdm_op_SpecPort([20 x i8]* @p_str, i32 1, [14 x i8]* @p_str6, [18 x i8]* @p_str9, i32 0, i32 0, i64* %generation_child1) nounwind

ST_1: StgValue_36 (34)  [1/1] 0.00ns  loc: ../GenerationGenerator/GenerationGenerator.cpp:41
:20  call void (...)* @_ssdm_op_SpecPort([20 x i8]* @p_str, i32 1, [14 x i8]* @p_str6, [18 x i8]* @p_str10, i32 0, i32 0, i64* %generation_child2) nounwind

ST_1: StgValue_37 (35)  [1/1] 0.00ns  loc: ../GenerationGenerator/GenerationGenerator.cpp:42
:21  call void (...)* @_ssdm_op_SpecPort([20 x i8]* @p_str, i32 0, [14 x i8]* @p_str11, [21 x i8]* @p_str12, i32 0, i32 0, i24* %mutation_probability) nounwind

ST_1: StgValue_38 (36)  [1/1] 0.00ns  loc: ../GenerationGenerator/GenerationGenerator.cpp:43
:22  call void (...)* @_ssdm_op_SpecPort([20 x i8]* @p_str, i32 0, [14 x i8]* @p_str11, [7 x i8]* @p_str13, i32 0, i32 0, i24* %random) nounwind

ST_1: StgValue_39 (37)  [1/1] 0.00ns  loc: ../GenerationGenerator/GenerationGenerator.cpp:44
:23  call void (...)* @_ssdm_op_SpecProcessDef([20 x i8]* @p_str, i32 2, [19 x i8]* @p_str21) nounwind

ST_1: tmp_4 (38)  [1/1] 0.00ns  loc: ../GenerationGenerator/GenerationGenerator.cpp:44
:24  %tmp_4 = call i32 (...)* @_ssdm_op_SpecRegionBegin([15 x i8]* @p_str15)

ST_1: StgValue_41 (39)  [1/1] 0.00ns  loc: ../GenerationGenerator/GenerationGenerator.cpp:44
:25  call void (...)* @_ssdm_op_SpecProtocol(i32 1, [1 x i8]* @p_str16) nounwind

ST_1: p_ssdm_reset_v (40)  [1/1] 0.00ns  loc: ../GenerationGenerator/GenerationGenerator.cpp:44
:26  %p_ssdm_reset_v = call i32 (...)* @_ssdm_op_SpecStateBegin(i32 0, i32 0, i32 1) nounwind

ST_1: empty (41)  [1/1] 0.00ns  loc: ../GenerationGenerator/GenerationGenerator.cpp:58
:27  %empty = call i32 (...)* @_ssdm_op_SpecStateEnd(i32 %p_ssdm_reset_v) nounwind

ST_1: empty_3 (42)  [1/1] 0.00ns  loc: ../GenerationGenerator/GenerationGenerator.cpp:58
:28  %empty_3 = call i32 (...)* @_ssdm_op_SpecRegionEnd([15 x i8]* @p_str15, i32 %tmp_4)

ST_1: StgValue_45 (43)  [1/1] 0.00ns  loc: ../GenerationGenerator/GenerationGenerator.cpp:58
:29  br label %_ZN7_ap_sc_7sc_core4waitEi.exit7


 <State 2>: 0.00ns
ST_2: StgValue_46 (46)  [1/1] 0.00ns  loc: ../GenerationGenerator/GenerationGenerator.cpp:44
_ZN7_ap_sc_7sc_core4waitEi.exit7:1  call void (...)* @_ssdm_op_Wait(i32 1) nounwind

ST_2: tmp (47)  [1/1] 0.00ns  loc: ../GenerationGenerator/GenerationGenerator.cpp:44
_ZN7_ap_sc_7sc_core4waitEi.exit7:2  %tmp = call i1 @_ssdm_op_Read.ap_auto.volatile.i1P(i1* %startGenerating)

ST_2: StgValue_48 (48)  [1/1] 0.00ns  loc: ../GenerationGenerator/GenerationGenerator.cpp:44
_ZN7_ap_sc_7sc_core4waitEi.exit7:3  call void (...)* @_ssdm_op_Poll(i1 %tmp)

ST_2: StgValue_49 (49)  [1/1] 0.00ns  loc: ../GenerationGenerator/GenerationGenerator.cpp:45
_ZN7_ap_sc_7sc_core4waitEi.exit7:4  call void @_ssdm_op_Write.ap_auto.volatile.i1P(i1* %generatingDone, i1 false)


 <State 3>: 0.00ns
ST_3: StgValue_50 (50)  [1/1] 0.00ns  loc: ../GenerationGenerator/GenerationGenerator.cpp:46
_ZN7_ap_sc_7sc_core4waitEi.exit7:5  call void (...)* @_ssdm_op_Wait(i32 1) nounwind

ST_3: val_V_3 (51)  [1/1] 0.00ns  loc: ../GenerationGenerator/GenerationGenerator.cpp:49
_ZN7_ap_sc_7sc_core4waitEi.exit7:6  %val_V_3 = call i64 @_ssdm_op_Read.ap_auto.volatile.i64P(i64* %generation_parent1)


 <State 4>: 0.00ns
ST_4: StgValue_52 (52)  [1/1] 0.00ns  loc: ../GenerationGenerator/GenerationGenerator.cpp:50
_ZN7_ap_sc_7sc_core4waitEi.exit7:7  call void (...)* @_ssdm_op_Wait(i32 1) nounwind

ST_4: val_V_4 (53)  [1/1] 0.00ns  loc: ../GenerationGenerator/GenerationGenerator.cpp:51
_ZN7_ap_sc_7sc_core4waitEi.exit7:8  %val_V_4 = call i64 @_ssdm_op_Read.ap_auto.volatile.i64P(i64* %generation_parent2)


 <State 5>: 10.59ns
ST_5: StgValue_54 (54)  [1/1] 0.00ns  loc: ../GenerationGenerator/GenerationGenerator.cpp:52
_ZN7_ap_sc_7sc_core4waitEi.exit7:9  call void (...)* @_ssdm_op_Wait(i32 1) nounwind

ST_5: GenerationGenerator_s (55)  [1/1] 0.00ns  loc: ../GenerationGenerator/GenerationGenerator.cpp:23->../GenerationGenerator/GenerationGenerator.cpp:62
_ZN7_ap_sc_7sc_core4waitEi.exit7:10  %GenerationGenerator_s = call i24 @_ssdm_op_Read.ap_auto.i24P(i24* %GenerationGenerator_trueRandomIndex_V)

ST_5: tmp_2 (56)  [1/1] 3.23ns  loc: ../GenerationGenerator/GenerationGenerator.cpp:24->../GenerationGenerator/GenerationGenerator.cpp:62
_ZN7_ap_sc_7sc_core4waitEi.exit7:11  %tmp_2 = icmp eq i24 %GenerationGenerator_s, 23

ST_5: tmp_3 (57)  [1/1] 2.60ns  loc: ../GenerationGenerator/GenerationGenerator.cpp:28->../GenerationGenerator/GenerationGenerator.cpp:62
_ZN7_ap_sc_7sc_core4waitEi.exit7:12  %tmp_3 = add i24 %GenerationGenerator_s, 1

ST_5: storemerge_i (58)  [1/1] 2.07ns  loc: ../GenerationGenerator/GenerationGenerator.cpp:24->../GenerationGenerator/GenerationGenerator.cpp:62
_ZN7_ap_sc_7sc_core4waitEi.exit7:13  %storemerge_i = select i1 %tmp_2, i24 0, i24 %tmp_3

ST_5: tmp_6 (59)  [1/1] 3.23ns  loc: ../GenerationGenerator/GenerationGenerator.cpp:24->../GenerationGenerator/GenerationGenerator.cpp:63
_ZN7_ap_sc_7sc_core4waitEi.exit7:14  %tmp_6 = icmp eq i24 %storemerge_i, 23

ST_5: tmp_7 (60)  [1/1] 2.60ns  loc: ../GenerationGenerator/GenerationGenerator.cpp:28->../GenerationGenerator/GenerationGenerator.cpp:63
_ZN7_ap_sc_7sc_core4waitEi.exit7:15  %tmp_7 = add i24 %storemerge_i, 1

ST_5: p_tmp_s (61)  [1/1] 2.07ns  loc: ../GenerationGenerator/GenerationGenerator.cpp:24->../GenerationGenerator/GenerationGenerator.cpp:63
_ZN7_ap_sc_7sc_core4waitEi.exit7:16  %p_tmp_s = select i1 %tmp_6, i24 0, i24 %tmp_7

ST_5: StgValue_62 (62)  [1/1] 0.00ns  loc: ../GenerationGenerator/GenerationGenerator.cpp:25->../GenerationGenerator/GenerationGenerator.cpp:63
_ZN7_ap_sc_7sc_core4waitEi.exit7:17  call void @_ssdm_op_Write.ap_auto.i24P(i24* %GenerationGenerator_trueRandomIndex_V, i24 %p_tmp_s)

ST_5: val_V (63)  [1/1] 0.00ns  loc: ../GenerationGenerator/GenerationGenerator.cpp:92
_ZN7_ap_sc_7sc_core4waitEi.exit7:18  %val_V = call i24 @_ssdm_op_Read.ap_auto.volatile.i24P(i24* %mutation_probability)


 <State 6>: 1.59ns
ST_6: loop_begin (45)  [1/1] 0.00ns
_ZN7_ap_sc_7sc_core4waitEi.exit7:0  %loop_begin = call i32 (...)* @_ssdm_op_SpecLoopBegin() nounwind

ST_6: StgValue_65 (64)  [1/1] 0.00ns  loc: ../GenerationGenerator/GenerationGenerator.cpp:93
_ZN7_ap_sc_7sc_core4waitEi.exit7:19  call void (...)* @_ssdm_op_Wait(i32 1) nounwind

ST_6: StgValue_66 (65)  [1/1] 1.59ns  loc: ../GenerationGenerator/GenerationGenerator.cpp:96
_ZN7_ap_sc_7sc_core4waitEi.exit7:20  br label %1


 <State 7>: 4.98ns
ST_7: GenerationGenerator_2 (67)  [1/1] 0.00ns  loc: ../GenerationGenerator/GenerationGenerator.cpp:24->../GenerationGenerator/GenerationGenerator.cpp:63
:0  %GenerationGenerator_2 = phi i24 [ %p_tmp_s, %_ZN7_ap_sc_7sc_core4waitEi.exit7 ], [ %p_tmp_1, %trueRandom.exit451_ifconv ]

ST_7: v_V (68)  [1/1] 0.00ns
:1  %v_V = phi i64 [ %val_V_4, %_ZN7_ap_sc_7sc_core4waitEi.exit7 ], [ %child1_V_2, %trueRandom.exit451_ifconv ]

ST_7: j (69)  [1/1] 0.00ns
:2  %j = phi i7 [ 0, %_ZN7_ap_sc_7sc_core4waitEi.exit7 ], [ %j_1, %trueRandom.exit451_ifconv ]

ST_7: exitcond1 (70)  [1/1] 2.91ns  loc: ../GenerationGenerator/GenerationGenerator.cpp:96
:3  %exitcond1 = icmp eq i7 %j, -64

ST_7: j_1 (71)  [1/1] 2.32ns  loc: ../GenerationGenerator/GenerationGenerator.cpp:96
:4  %j_1 = add i7 %j, 1

ST_7: StgValue_72 (72)  [1/1] 0.00ns  loc: ../GenerationGenerator/GenerationGenerator.cpp:96
:5  br i1 %exitcond1, label %.preheader.preheader, label %trueRandom.exit451_ifconv

ST_7: tmp_9 (79)  [1/1] 0.00ns  loc: ../GenerationGenerator/GenerationGenerator.cpp:23->../GenerationGenerator/GenerationGenerator.cpp:98
trueRandom.exit451_ifconv:5  %tmp_9 = zext i24 %GenerationGenerator_2 to i32

ST_7: GenerationGenerator_3 (80)  [1/1] 0.00ns  loc: ../GenerationGenerator/GenerationGenerator.cpp:23->../GenerationGenerator/GenerationGenerator.cpp:98
trueRandom.exit451_ifconv:6  %GenerationGenerator_3 = getelementptr [160 x i24]* %GenerationGenerator_randomNumbers_V, i32 0, i32 %tmp_9

ST_7: GenerationGenerator_4 (81)  [2/2] 3.25ns  loc: ../GenerationGenerator/GenerationGenerator.cpp:23->../GenerationGenerator/GenerationGenerator.cpp:98
trueRandom.exit451_ifconv:7  %GenerationGenerator_4 = load i24* %GenerationGenerator_3, align 4


 <State 8>: 9.53ns
ST_8: j_cast2 (74)  [1/1] 0.00ns  loc: ../GenerationGenerator/GenerationGenerator.cpp:96 (grouped into LUT with out node child1_V_2)
trueRandom.exit451_ifconv:0  %j_cast2 = zext i7 %j to i32

ST_8: empty_4 (75)  [1/1] 0.00ns
trueRandom.exit451_ifconv:1  %empty_4 = call i32 (...)* @_ssdm_op_SpecLoopTripCount(i64 64, i64 64, i64 64)

ST_8: StgValue_78 (76)  [1/1] 0.00ns  loc: ../GenerationGenerator/GenerationGenerator.cpp:96
trueRandom.exit451_ifconv:2  call void (...)* @_ssdm_op_SpecLoopName([13 x i8]* @p_str23) nounwind

ST_8: tmp_8 (77)  [1/1] 0.00ns  loc: ../GenerationGenerator/GenerationGenerator.cpp:96
trueRandom.exit451_ifconv:3  %tmp_8 = call i32 (...)* @_ssdm_op_SpecRegionBegin([13 x i8]* @p_str23)

ST_8: StgValue_80 (78)  [1/1] 0.00ns  loc: ../GenerationGenerator/GenerationGenerator.cpp:97
trueRandom.exit451_ifconv:4  call void (...)* @_ssdm_op_SpecPipeline(i32 2, i32 1, i32 1, i32 0, [1 x i8]* @p_str16) nounwind

ST_8: GenerationGenerator_4 (81)  [1/2] 3.25ns  loc: ../GenerationGenerator/GenerationGenerator.cpp:23->../GenerationGenerator/GenerationGenerator.cpp:98
trueRandom.exit451_ifconv:7  %GenerationGenerator_4 = load i24* %GenerationGenerator_3, align 4

ST_8: tmp_s (82)  [1/1] 3.23ns  loc: ../GenerationGenerator/GenerationGenerator.cpp:24->../GenerationGenerator/GenerationGenerator.cpp:98
trueRandom.exit451_ifconv:8  %tmp_s = icmp eq i24 %GenerationGenerator_2, 23

ST_8: tmp_1 (83)  [1/1] 2.60ns  loc: ../GenerationGenerator/GenerationGenerator.cpp:28->../GenerationGenerator/GenerationGenerator.cpp:98
trueRandom.exit451_ifconv:9  %tmp_1 = add i24 %GenerationGenerator_2, 1

ST_8: p_tmp_1 (84)  [1/1] 2.07ns  loc: ../GenerationGenerator/GenerationGenerator.cpp:24->../GenerationGenerator/GenerationGenerator.cpp:98
trueRandom.exit451_ifconv:10  %p_tmp_1 = select i1 %tmp_s, i24 0, i24 %tmp_1

ST_8: StgValue_85 (85)  [1/1] 0.00ns  loc: ../GenerationGenerator/GenerationGenerator.cpp:25->../GenerationGenerator/GenerationGenerator.cpp:98
trueRandom.exit451_ifconv:11  call void @_ssdm_op_Write.ap_auto.i24P(i24* %GenerationGenerator_trueRandomIndex_V, i24 %p_tmp_1)

ST_8: tmp_5 (86)  [1/1] 3.23ns  loc: ../GenerationGenerator/GenerationGenerator.cpp:98
trueRandom.exit451_ifconv:12  %tmp_5 = icmp ult i24 %GenerationGenerator_4, %val_V

ST_8: op2_assign (87)  [1/1] 0.00ns  loc: ../GenerationGenerator/GenerationGenerator.cpp:99 (grouped into LUT with out node child1_V_2)
trueRandom.exit451_ifconv:13  %op2_assign = shl i32 1, %j_cast2

ST_8: child1_V_1 (88)  [1/1] 0.00ns  loc: ../GenerationGenerator/GenerationGenerator.cpp:98 (grouped into LUT with out node child1_V_2)
trueRandom.exit451_ifconv:14  %child1_V_1 = select i1 %tmp_5, i32 %op2_assign, i32 0

ST_8: child1_V_1_cast (89)  [1/1] 0.00ns  loc: ../GenerationGenerator/GenerationGenerator.cpp:98 (grouped into LUT with out node child1_V_2)
trueRandom.exit451_ifconv:15  %child1_V_1_cast = sext i32 %child1_V_1 to i64

ST_8: child1_V_2 (90)  [1/1] 3.04ns  loc: ../GenerationGenerator/GenerationGenerator.cpp:98 (out node of the LUT)
trueRandom.exit451_ifconv:16  %child1_V_2 = xor i64 %child1_V_1_cast, %v_V

ST_8: empty_5 (91)  [1/1] 0.00ns  loc: ../GenerationGenerator/GenerationGenerator.cpp:101
trueRandom.exit451_ifconv:17  %empty_5 = call i32 (...)* @_ssdm_op_SpecRegionEnd([13 x i8]* @p_str23, i32 %tmp_8)

ST_8: StgValue_92 (92)  [1/1] 0.00ns  loc: ../GenerationGenerator/GenerationGenerator.cpp:96
trueRandom.exit451_ifconv:18  br label %1


 <State 9>: 1.59ns
ST_9: StgValue_93 (94)  [1/1] 1.59ns  loc: ../GenerationGenerator/GenerationGenerator.cpp:104
.preheader.preheader:0  br label %.preheader


 <State 10>: 5.30ns
ST_10: GenerationGenerator_5 (96)  [1/1] 0.00ns  loc: ../GenerationGenerator/GenerationGenerator.cpp:24->../GenerationGenerator/GenerationGenerator.cpp:106
.preheader:0  %GenerationGenerator_5 = phi i24 [ %p_tmp_2, %trueRandom.exit453_ifconv ], [ %GenerationGenerator_2, %.preheader.preheader ]

ST_10: v_V_1 (97)  [1/1] 0.00ns
.preheader:1  %v_V_1 = phi i64 [ %child2_V_2, %trueRandom.exit453_ifconv ], [ %val_V_3, %.preheader.preheader ]

ST_10: j1 (98)  [1/1] 0.00ns
.preheader:2  %j1 = phi i7 [ %j_2, %trueRandom.exit453_ifconv ], [ 0, %.preheader.preheader ]

ST_10: exitcond (99)  [1/1] 2.91ns  loc: ../GenerationGenerator/GenerationGenerator.cpp:104
.preheader:3  %exitcond = icmp eq i7 %j1, -64

ST_10: j_2 (100)  [1/1] 2.32ns  loc: ../GenerationGenerator/GenerationGenerator.cpp:104
.preheader:4  %j_2 = add i7 %j1, 1

ST_10: StgValue_99 (101)  [1/1] 0.00ns  loc: ../GenerationGenerator/GenerationGenerator.cpp:104
.preheader:5  br i1 %exitcond, label %_ZN7_ap_sc_7sc_core4waitEi.exit5, label %trueRandom.exit453_ifconv

ST_10: tmp_13 (108)  [1/1] 0.00ns  loc: ../GenerationGenerator/GenerationGenerator.cpp:23->../GenerationGenerator/GenerationGenerator.cpp:106
trueRandom.exit453_ifconv:5  %tmp_13 = zext i24 %GenerationGenerator_5 to i32

ST_10: GenerationGenerator_6 (109)  [1/1] 0.00ns  loc: ../GenerationGenerator/GenerationGenerator.cpp:23->../GenerationGenerator/GenerationGenerator.cpp:106
trueRandom.exit453_ifconv:6  %GenerationGenerator_6 = getelementptr [160 x i24]* %GenerationGenerator_randomNumbers_V, i32 0, i32 %tmp_13

ST_10: GenerationGenerator_7 (110)  [2/2] 3.25ns  loc: ../GenerationGenerator/GenerationGenerator.cpp:23->../GenerationGenerator/GenerationGenerator.cpp:106
trueRandom.exit453_ifconv:7  %GenerationGenerator_7 = load i24* %GenerationGenerator_6, align 4

ST_10: tmp_14 (111)  [1/1] 3.23ns  loc: ../GenerationGenerator/GenerationGenerator.cpp:24->../GenerationGenerator/GenerationGenerator.cpp:106
trueRandom.exit453_ifconv:8  %tmp_14 = icmp eq i24 %GenerationGenerator_5, 23

ST_10: tmp_15 (112)  [1/1] 2.60ns  loc: ../GenerationGenerator/GenerationGenerator.cpp:28->../GenerationGenerator/GenerationGenerator.cpp:106
trueRandom.exit453_ifconv:9  %tmp_15 = add i24 %GenerationGenerator_5, 1

ST_10: p_tmp_2 (113)  [1/1] 2.07ns  loc: ../GenerationGenerator/GenerationGenerator.cpp:24->../GenerationGenerator/GenerationGenerator.cpp:106
trueRandom.exit453_ifconv:10  %p_tmp_2 = select i1 %tmp_14, i24 0, i24 %tmp_15

ST_10: StgValue_106 (114)  [1/1] 0.00ns  loc: ../GenerationGenerator/GenerationGenerator.cpp:25->../GenerationGenerator/GenerationGenerator.cpp:106
trueRandom.exit453_ifconv:11  call void @_ssdm_op_Write.ap_auto.i24P(i24* %GenerationGenerator_trueRandomIndex_V, i24 %p_tmp_2)


 <State 11>: 9.53ns
ST_11: j1_cast1 (103)  [1/1] 0.00ns  loc: ../GenerationGenerator/GenerationGenerator.cpp:104 (grouped into LUT with out node child2_V_2)
trueRandom.exit453_ifconv:0  %j1_cast1 = zext i7 %j1 to i32

ST_11: empty_6 (104)  [1/1] 0.00ns
trueRandom.exit453_ifconv:1  %empty_6 = call i32 (...)* @_ssdm_op_SpecLoopTripCount(i64 64, i64 64, i64 64)

ST_11: StgValue_109 (105)  [1/1] 0.00ns  loc: ../GenerationGenerator/GenerationGenerator.cpp:104
trueRandom.exit453_ifconv:2  call void (...)* @_ssdm_op_SpecLoopName([13 x i8]* @p_str24) nounwind

ST_11: tmp_12 (106)  [1/1] 0.00ns  loc: ../GenerationGenerator/GenerationGenerator.cpp:104
trueRandom.exit453_ifconv:3  %tmp_12 = call i32 (...)* @_ssdm_op_SpecRegionBegin([13 x i8]* @p_str24)

ST_11: StgValue_111 (107)  [1/1] 0.00ns  loc: ../GenerationGenerator/GenerationGenerator.cpp:105
trueRandom.exit453_ifconv:4  call void (...)* @_ssdm_op_SpecPipeline(i32 2, i32 1, i32 1, i32 0, [1 x i8]* @p_str16) nounwind

ST_11: GenerationGenerator_7 (110)  [1/2] 3.25ns  loc: ../GenerationGenerator/GenerationGenerator.cpp:23->../GenerationGenerator/GenerationGenerator.cpp:106
trueRandom.exit453_ifconv:7  %GenerationGenerator_7 = load i24* %GenerationGenerator_6, align 4

ST_11: tmp_16 (115)  [1/1] 3.23ns  loc: ../GenerationGenerator/GenerationGenerator.cpp:106
trueRandom.exit453_ifconv:12  %tmp_16 = icmp ult i24 %GenerationGenerator_7, %val_V

ST_11: op2_assign_1 (116)  [1/1] 0.00ns  loc: ../GenerationGenerator/GenerationGenerator.cpp:107 (grouped into LUT with out node child2_V_2)
trueRandom.exit453_ifconv:13  %op2_assign_1 = shl i32 1, %j1_cast1

ST_11: child2_V_1 (117)  [1/1] 0.00ns  loc: ../GenerationGenerator/GenerationGenerator.cpp:106 (grouped into LUT with out node child2_V_2)
trueRandom.exit453_ifconv:14  %child2_V_1 = select i1 %tmp_16, i32 %op2_assign_1, i32 0

ST_11: child2_V_1_cast (118)  [1/1] 0.00ns  loc: ../GenerationGenerator/GenerationGenerator.cpp:106 (grouped into LUT with out node child2_V_2)
trueRandom.exit453_ifconv:15  %child2_V_1_cast = sext i32 %child2_V_1 to i64

ST_11: child2_V_2 (119)  [1/1] 3.04ns  loc: ../GenerationGenerator/GenerationGenerator.cpp:106 (out node of the LUT)
trueRandom.exit453_ifconv:16  %child2_V_2 = xor i64 %child2_V_1_cast, %v_V_1

ST_11: empty_7 (120)  [1/1] 0.00ns  loc: ../GenerationGenerator/GenerationGenerator.cpp:109
trueRandom.exit453_ifconv:17  %empty_7 = call i32 (...)* @_ssdm_op_SpecRegionEnd([13 x i8]* @p_str24, i32 %tmp_12)

ST_11: StgValue_119 (121)  [1/1] 0.00ns  loc: ../GenerationGenerator/GenerationGenerator.cpp:104
trueRandom.exit453_ifconv:18  br label %.preheader


 <State 12>: 0.00ns
ST_12: StgValue_120 (123)  [1/1] 0.00ns  loc: ../GenerationGenerator/GenerationGenerator.cpp:112
_ZN7_ap_sc_7sc_core4waitEi.exit5:0  call void @_ssdm_op_Write.ap_auto.volatile.i64P(i64* %generation_child1, i64 %v_V)


 <State 13>: 0.00ns
ST_13: StgValue_121 (124)  [1/1] 0.00ns  loc: ../GenerationGenerator/GenerationGenerator.cpp:113
_ZN7_ap_sc_7sc_core4waitEi.exit5:1  call void (...)* @_ssdm_op_Wait(i32 1) nounwind

ST_13: StgValue_122 (125)  [1/1] 0.00ns  loc: ../GenerationGenerator/GenerationGenerator.cpp:114
_ZN7_ap_sc_7sc_core4waitEi.exit5:2  call void @_ssdm_op_Write.ap_auto.volatile.i64P(i64* %generation_child2, i64 %v_V_1)


 <State 14>: 0.00ns
ST_14: StgValue_123 (126)  [1/1] 0.00ns  loc: ../GenerationGenerator/GenerationGenerator.cpp:115
_ZN7_ap_sc_7sc_core4waitEi.exit5:3  call void (...)* @_ssdm_op_Wait(i32 1) nounwind

ST_14: StgValue_124 (127)  [1/1] 0.00ns  loc: ../GenerationGenerator/GenerationGenerator.cpp:116
_ZN7_ap_sc_7sc_core4waitEi.exit5:4  call void @_ssdm_op_Write.ap_auto.volatile.i1P(i1* %generatingDone, i1 true)


 <State 15>: 2.07ns
ST_15: StgValue_125 (128)  [1/1] 0.00ns  loc: ../GenerationGenerator/GenerationGenerator.cpp:118
_ZN7_ap_sc_7sc_core4waitEi.exit5:5  call void (...)* @_ssdm_op_Wait(i32 1) nounwind

ST_15: tmp_10 (129)  [1/1] 0.00ns  loc: ../GenerationGenerator/GenerationGenerator.cpp:118
_ZN7_ap_sc_7sc_core4waitEi.exit5:6  %tmp_10 = call i1 @_ssdm_op_Read.ap_auto.volatile.i1P(i1* %startGenerating)

ST_15: tmp_11 (130)  [1/1] 2.07ns  loc: ../GenerationGenerator/GenerationGenerator.cpp:118
_ZN7_ap_sc_7sc_core4waitEi.exit5:7  %tmp_11 = xor i1 %tmp_10, true

ST_15: StgValue_128 (131)  [1/1] 0.00ns  loc: ../GenerationGenerator/GenerationGenerator.cpp:118
_ZN7_ap_sc_7sc_core4waitEi.exit5:8  call void (...)* @_ssdm_op_Poll(i1 %tmp_11)

ST_15: StgValue_129 (132)  [1/1] 0.00ns  loc: ../GenerationGenerator/GenerationGenerator.cpp:119
_ZN7_ap_sc_7sc_core4waitEi.exit5:9  br label %_ZN7_ap_sc_7sc_core4waitEi.exit7



============================================================
+ Verbose Summary: Timing violations
============================================================
Target clock period: 20ns, clock uncertainty: 2.5ns.

 <State 1>: 0ns
The critical path consists of the following:

 <State 2>: 0ns
The critical path consists of the following:

 <State 3>: 0ns
The critical path consists of the following:

 <State 4>: 0ns
The critical path consists of the following:

 <State 5>: 10.6ns
The critical path consists of the following:
	wire read on port 'GenerationGenerator_trueRandomIndex_V' (../GenerationGenerator/GenerationGenerator.cpp:23->../GenerationGenerator/GenerationGenerator.cpp:62) [55]  (0 ns)
	'icmp' operation ('tmp_2', ../GenerationGenerator/GenerationGenerator.cpp:24->../GenerationGenerator/GenerationGenerator.cpp:62) [56]  (3.23 ns)
	'select' operation ('storemerge_i', ../GenerationGenerator/GenerationGenerator.cpp:24->../GenerationGenerator/GenerationGenerator.cpp:62) [58]  (2.07 ns)
	'icmp' operation ('tmp_6', ../GenerationGenerator/GenerationGenerator.cpp:24->../GenerationGenerator/GenerationGenerator.cpp:63) [59]  (3.23 ns)
	'select' operation ('p_tmp_s', ../GenerationGenerator/GenerationGenerator.cpp:24->../GenerationGenerator/GenerationGenerator.cpp:63) [61]  (2.07 ns)
	wire write on port 'GenerationGenerator_trueRandomIndex_V' (../GenerationGenerator/GenerationGenerator.cpp:25->../GenerationGenerator/GenerationGenerator.cpp:63) [62]  (0 ns)

 <State 6>: 1.59ns
The critical path consists of the following:
	multiplexor before 'phi' operation ('GenerationGenerator_2', ../GenerationGenerator/GenerationGenerator.cpp:24->../GenerationGenerator/GenerationGenerator.cpp:63) with incoming values : ('p_tmp_s', ../GenerationGenerator/GenerationGenerator.cpp:24->../GenerationGenerator/GenerationGenerator.cpp:63) ('p_tmp_1', ../GenerationGenerator/GenerationGenerator.cpp:24->../GenerationGenerator/GenerationGenerator.cpp:98) [67]  (1.59 ns)

 <State 7>: 4.98ns
The critical path consists of the following:
	'icmp' operation ('exitcond1', ../GenerationGenerator/GenerationGenerator.cpp:96) [70]  (2.91 ns)
	blocking operation 2.07 ns on control path)

 <State 8>: 9.53ns
The critical path consists of the following:
	'load' operation ('GenerationGenerator_4', ../GenerationGenerator/GenerationGenerator.cpp:23->../GenerationGenerator/GenerationGenerator.cpp:98) on array 'GenerationGenerator_randomNumbers_V' [81]  (3.25 ns)
	'icmp' operation ('tmp_5', ../GenerationGenerator/GenerationGenerator.cpp:98) [86]  (3.23 ns)
	'select' operation ('child1_V_1', ../GenerationGenerator/GenerationGenerator.cpp:98) [88]  (0 ns)
	'xor' operation ('child1.V', ../GenerationGenerator/GenerationGenerator.cpp:98) [90]  (3.04 ns)

 <State 9>: 1.59ns
The critical path consists of the following:
	multiplexor before 'phi' operation ('GenerationGenerator_5', ../GenerationGenerator/GenerationGenerator.cpp:24->../GenerationGenerator/GenerationGenerator.cpp:106) with incoming values : ('p_tmp_s', ../GenerationGenerator/GenerationGenerator.cpp:24->../GenerationGenerator/GenerationGenerator.cpp:63) ('p_tmp_1', ../GenerationGenerator/GenerationGenerator.cpp:24->../GenerationGenerator/GenerationGenerator.cpp:98) ('p_tmp_2', ../GenerationGenerator/GenerationGenerator.cpp:24->../GenerationGenerator/GenerationGenerator.cpp:106) [96]  (1.59 ns)

 <State 10>: 5.3ns
The critical path consists of the following:
	'phi' operation ('GenerationGenerator_5', ../GenerationGenerator/GenerationGenerator.cpp:24->../GenerationGenerator/GenerationGenerator.cpp:106) with incoming values : ('p_tmp_s', ../GenerationGenerator/GenerationGenerator.cpp:24->../GenerationGenerator/GenerationGenerator.cpp:63) ('p_tmp_1', ../GenerationGenerator/GenerationGenerator.cpp:24->../GenerationGenerator/GenerationGenerator.cpp:98) ('p_tmp_2', ../GenerationGenerator/GenerationGenerator.cpp:24->../GenerationGenerator/GenerationGenerator.cpp:106) [96]  (0 ns)
	'icmp' operation ('tmp_14', ../GenerationGenerator/GenerationGenerator.cpp:24->../GenerationGenerator/GenerationGenerator.cpp:106) [111]  (3.23 ns)
	'select' operation ('p_tmp_2', ../GenerationGenerator/GenerationGenerator.cpp:24->../GenerationGenerator/GenerationGenerator.cpp:106) [113]  (2.07 ns)

 <State 11>: 9.53ns
The critical path consists of the following:
	'load' operation ('GenerationGenerator_7', ../GenerationGenerator/GenerationGenerator.cpp:23->../GenerationGenerator/GenerationGenerator.cpp:106) on array 'GenerationGenerator_randomNumbers_V' [110]  (3.25 ns)
	'icmp' operation ('tmp_16', ../GenerationGenerator/GenerationGenerator.cpp:106) [115]  (3.23 ns)
	'select' operation ('child2_V_1', ../GenerationGenerator/GenerationGenerator.cpp:106) [117]  (0 ns)
	'xor' operation ('child2.V', ../GenerationGenerator/GenerationGenerator.cpp:106) [119]  (3.04 ns)

 <State 12>: 0ns
The critical path consists of the following:

 <State 13>: 0ns
The critical path consists of the following:

 <State 14>: 0ns
The critical path consists of the following:

 <State 15>: 2.07ns
The critical path consists of the following:
	wire read on port 'startGenerating' (../GenerationGenerator/GenerationGenerator.cpp:118) [129]  (0 ns)
	'xor' operation ('tmp_11', ../GenerationGenerator/GenerationGenerator.cpp:118) [130]  (2.07 ns)
	'poll' operation (../GenerationGenerator/GenerationGenerator.cpp:118) [131]  (0 ns)


============================================================
+ Verbose Summary: Binding
============================================================
N/A
* FSMD analyzer results:
  - Output states:
 - Input state : 
  - Chain level:
	State 1
	State 2
	State 3
	State 4
	State 5
	State 6
	State 7
	State 8
	State 9
	State 10
	State 11
	State 12
	State 13
	State 14
	State 15


============================================================
+ Verbose Summary: Datapath Resource usage 
============================================================
N/A
