

================================================================
== Vivado HLS Report for 'GenerationGenerator_generateGeneration'
================================================================
* Date:           Thu Dec 20 13:11:07 2018

* Version:        2017.2 (Build 1909853 on Thu Jun 15 18:55:24 MDT 2017)
* Project:        GeneticAlgoHls
* Solution:       solution1
* Product family: zynq
* Target device:  xc7z010clg400-1


================================================================
== Performance Estimates
================================================================
+ Timing (ns): 
    * Summary: 
    +--------+-------+----------+------------+
    |  Clock | Target| Estimated| Uncertainty|
    +--------+-------+----------+------------+
    |ap_clk  |  20.00|     10.59|        2.50|
    +--------+-------+----------+------------+

+ Latency (clock cycles): 
    * Summary: 
    +-----+-----+-----+-----+---------+
    |  Latency  |  Interval | Pipeline|
    | min | max | min | max |   Type  |
    +-----+-----+-----+-----+---------+
    |  269|  269|  269|  269|   none  |
    +-----+-----+-----+-----+---------+

    + Detail: 
        * Instance: 
        N/A

        * Loop: 
        +-----------------+-----+-----+----------+-----------+-----------+------+----------+
        |                 |  Latency  | Iteration|  Initiation Interval  | Trip |          |
        |    Loop Name    | min | max |  Latency |  achieved |   target  | Count| Pipelined|
        +-----------------+-----+-----+----------+-----------+-----------+------+----------+
        |- Loop 1         |  268|  268|       268|          -|          -|  inf |    no    |
        | + mutateChild1  |  128|  128|         2|          2|          2|    64|    yes   |
        | + mutateChild2  |  128|  128|         2|          2|          2|    64|    yes   |
        +-----------------+-----+-----+----------+-----------+-----------+------+----------+

============================================================
+ Verbose Summary: Synthesis Manager
============================================================
InlineROM: 1
ExposeGlobal: 0
============================================================
+ Verbose Summary: CDFG Model
============================================================
IsTopModel: 0
ResetActiveHigh: 1
IsCombinational: 0
IsDatapathOnly: 0
HasWiredReturn: 0
HasMFsm: 0
HasVarLatency: 1
IsPipeline: 0
IsRtlPipelined: 0
IsInstanceOverlapped: 0
IsDontTouch: 0
HasImplIP: 0
IsGatedGlobalClock: 0

+ Individual pipeline summary: 
  * Pipeline-0: initiation interval (II) = 2, depth = 2
  * Pipeline-1: initiation interval (II) = 2, depth = 2


============================================================
+ Verbose Summary: Schedule
============================================================
* Number of FSM states: 15
* Pipeline: 2
  Pipeline-0: II = 2, D = 2, States = { 7 8 }
  Pipeline-1: II = 2, D = 2, States = { 10 11 }
* Dataflow Pipeline: 0

* FSM state transitions: 
1 --> 
	2  / true
2 --> 
	3  / true
3 --> 
	4  / true
4 --> 
	5  / true
5 --> 
	6  / true
6 --> 
	7  / true
7 --> 
	9  / (exitcond1)
	8  / (!exitcond1)
8 --> 
	7  / true
9 --> 
	10  / true
10 --> 
	12  / (exitcond)
	11  / (!exitcond)
11 --> 
	10  / true
12 --> 
	13  / true
13 --> 
	14  / true
14 --> 
	15  / true
15 --> 
	2  / true
* FSM state operations: 

 <State 1>: 0.00ns
ST_1: StgValue_16 (14)  [1/1] 0.00ns
:0  call void (...)* @_ssdm_op_SpecBitsMap(i1* %clk), !map !4081

ST_1: StgValue_17 (15)  [1/1] 0.00ns
:1  call void (...)* @_ssdm_op_SpecBitsMap(i1* %reset), !map !4085

ST_1: StgValue_18 (16)  [1/1] 0.00ns
:2  call void (...)* @_ssdm_op_SpecBitsMap(i1* %startGenerating), !map !4089

ST_1: StgValue_19 (17)  [1/1] 0.00ns
:3  call void (...)* @_ssdm_op_SpecBitsMap(i1* %generatingDone), !map !4093

ST_1: StgValue_20 (18)  [1/1] 0.00ns
:4  call void (...)* @_ssdm_op_SpecBitsMap(i64* %generation_parent1), !map !4097

ST_1: StgValue_21 (19)  [1/1] 0.00ns
:5  call void (...)* @_ssdm_op_SpecBitsMap(i64* %generation_parent2), !map !4101

ST_1: StgValue_22 (20)  [1/1] 0.00ns
:6  call void (...)* @_ssdm_op_SpecBitsMap(i64* %generation_child1), !map !4105

ST_1: StgValue_23 (21)  [1/1] 0.00ns
:7  call void (...)* @_ssdm_op_SpecBitsMap(i64* %generation_child2), !map !4109

ST_1: StgValue_24 (22)  [1/1] 0.00ns
:8  call void (...)* @_ssdm_op_SpecBitsMap(i24* %mutation_probability), !map !4113

ST_1: StgValue_25 (23)  [1/1] 0.00ns
:9  call void (...)* @_ssdm_op_SpecBitsMap(i24* %random), !map !4117

ST_1: StgValue_26 (24)  [1/1] 0.00ns
:10  call void (...)* @_ssdm_op_SpecBitsMap(i24* %GenerationGenerator_randomNumberIndex_V), !map !4121

ST_1: StgValue_27 (25)  [1/1] 0.00ns
:11  call void (...)* @_ssdm_op_SpecBitsMap(i24* %GenerationGenerator_trueRandomIndex_V), !map !4125

ST_1: StgValue_28 (26)  [1/1] 0.00ns
:12  call void (...)* @_ssdm_op_SpecBitsMap([160 x i24]* %GenerationGenerator_randomNumbers_V), !map !4129

ST_1: StgValue_29 (27)  [1/1] 0.00ns  loc: ../GenerationGenerator/GenerationGenerator.cpp:34
:13  call void (...)* @_ssdm_op_SpecPort([20 x i8]* @p_str, i32 0, [7 x i8]* @p_str1, [4 x i8]* @p_str2, i32 0, i32 0, i1* %clk) nounwind

ST_1: StgValue_30 (28)  [1/1] 0.00ns  loc: ../GenerationGenerator/GenerationGenerator.cpp:35
:14  call void (...)* @_ssdm_op_SpecPort([20 x i8]* @p_str, i32 0, [7 x i8]* @p_str1, [6 x i8]* @p_str3, i32 0, i32 0, i1* %reset) nounwind

ST_1: StgValue_31 (29)  [1/1] 0.00ns  loc: ../GenerationGenerator/GenerationGenerator.cpp:36
:15  call void (...)* @_ssdm_op_SpecPort([20 x i8]* @p_str, i32 0, [7 x i8]* @p_str1, [16 x i8]* @p_str4, i32 0, i32 0, i1* %startGenerating) nounwind

ST_1: StgValue_32 (30)  [1/1] 0.00ns  loc: ../GenerationGenerator/GenerationGenerator.cpp:37
:16  call void (...)* @_ssdm_op_SpecPort([20 x i8]* @p_str, i32 1, [7 x i8]* @p_str1, [15 x i8]* @p_str5, i32 0, i32 0, i1* %generatingDone) nounwind

ST_1: StgValue_33 (31)  [1/1] 0.00ns  loc: ../GenerationGenerator/GenerationGenerator.cpp:38
:17  call void (...)* @_ssdm_op_SpecPort([20 x i8]* @p_str, i32 0, [14 x i8]* @p_str6, [19 x i8]* @p_str7, i32 0, i32 0, i64* %generation_parent1) nounwind

ST_1: StgValue_34 (32)  [1/1] 0.00ns  loc: ../GenerationGenerator/GenerationGenerator.cpp:39
:18  call void (...)* @_ssdm_op_SpecPort([20 x i8]* @p_str, i32 0, [14 x i8]* @p_str6, [19 x i8]* @p_str8, i32 0, i32 0, i64* %generation_parent2) nounwind

ST_1: StgValue_35 (33)  [1/1] 0.00ns  loc: ../GenerationGenerator/GenerationGenerator.cpp:40
:19  call void (...)* @_ssdm_op_SpecPort([20 x i8]* @p_str, i32 1, [14 x i8]* @p_str6, [18 x i8]* @p_str9, i32 0, i32 0, i64* %generation_child1) nounwind

ST_1: StgValue_36 (34)  [1/1] 0.00ns  loc: ../GenerationGenerator/GenerationGenerator.cpp:41
:20  call void (...)* @_ssdm_op_SpecPort([20 x i8]* @p_str, i32 1, [14 x i8]* @p_str6, [18 x i8]* @p_str10, i32 0, i32 0, i64* %generation_child2) nounwind

ST_1: StgValue_37 (35)  [1/1] 0.00ns  loc: ../GenerationGenerator/GenerationGenerator.cpp:42
:21  call void (...)* @_ssdm_op_SpecPort([20 x i8]* @p_str, i32 0, [14 x i8]* @p_str11, [21 x i8]* @p_str12, i32 0, i32 0, i24* %mutation_probability) nounwind

ST_1: StgValue_38 (36)  [1/1] 0.00ns  loc: ../GenerationGenerator/GenerationGenerator.cpp:43
:22  call void (...)* @_ssdm_op_SpecPort([20 x i8]* @p_str, i32 0, [14 x i8]* @p_str11, [7 x i8]* @p_str13, i32 0, i32 0, i24* %random) nounwind

ST_1: StgValue_39 (37)  [1/1] 0.00ns  loc: ../GenerationGenerator/GenerationGenerator.cpp:44
:23  call void (...)* @_ssdm_op_SpecProcessDef([20 x i8]* @p_str, i32 2, [19 x i8]* @p_str21) nounwind

ST_1: tmp_4 (38)  [1/1] 0.00ns  loc: ../GenerationGenerator/GenerationGenerator.cpp:44
:24  %tmp_4 = call i32 (...)* @_ssdm_op_SpecRegionBegin([15 x i8]* @p_str15)

ST_1: StgValue_41 (39)  [1/1] 0.00ns  loc: ../GenerationGenerator/GenerationGenerator.cpp:44
:25  call void (...)* @_ssdm_op_SpecProtocol(i32 1, [1 x i8]* @p_str16) nounwind

ST_1: p_ssdm_reset_v (40)  [1/1] 0.00ns  loc: ../GenerationGenerator/GenerationGenerator.cpp:44
:26  %p_ssdm_reset_v = call i32 (...)* @_ssdm_op_SpecStateBegin(i32 0, i32 0, i32 1) nounwind

ST_1: empty (41)  [1/1] 0.00ns  loc: ../GenerationGenerator/GenerationGenerator.cpp:58
:27  %empty = call i32 (...)* @_ssdm_op_SpecStateEnd(i32 %p_ssdm_reset_v) nounwind

ST_1: empty_3 (42)  [1/1] 0.00ns  loc: ../GenerationGenerator/GenerationGenerator.cpp:58
:28  %empty_3 = call i32 (...)* @_ssdm_op_SpecRegionEnd([15 x i8]* @p_str15, i32 %tmp_4)

ST_1: StgValue_45 (43)  [1/1] 0.00ns  loc: ../GenerationGenerator/GenerationGenerator.cpp:58
:29  br label %_ZN7_ap_sc_7sc_core4waitEi.exit7


 <State 2>: 0.00ns
ST_2: StgValue_46 (46)  [1/1] 0.00ns  loc: ../GenerationGenerator/GenerationGenerator.cpp:44
_ZN7_ap_sc_7sc_core4waitEi.exit7:1  call void (...)* @_ssdm_op_Wait(i32 1) nounwind

ST_2: tmp (47)  [1/1] 0.00ns  loc: ../GenerationGenerator/GenerationGenerator.cpp:44
_ZN7_ap_sc_7sc_core4waitEi.exit7:2  %tmp = call i1 @_ssdm_op_Read.ap_auto.volatile.i1P(i1* %startGenerating)

ST_2: StgValue_48 (48)  [1/1] 0.00ns  loc: ../GenerationGenerator/GenerationGenerator.cpp:44
_ZN7_ap_sc_7sc_core4waitEi.exit7:3  call void (...)* @_ssdm_op_Poll(i1 %tmp)

ST_2: StgValue_49 (49)  [1/1] 0.00ns  loc: ../GenerationGenerator/GenerationGenerator.cpp:45
_ZN7_ap_sc_7sc_core4waitEi.exit7:4  call void @_ssdm_op_Write.ap_auto.volatile.i1P(i1* %generatingDone, i1 false)


 <State 3>: 0.00ns
ST_3: StgValue_50 (50)  [1/1] 0.00ns  loc: ../GenerationGenerator/GenerationGenerator.cpp:46
_ZN7_ap_sc_7sc_core4waitEi.exit7:5  call void (...)* @_ssdm_op_Wait(i32 1) nounwind

ST_3: val_V_3 (51)  [1/1] 0.00ns  loc: ../GenerationGenerator/GenerationGenerator.cpp:49
_ZN7_ap_sc_7sc_core4waitEi.exit7:6  %val_V_3 = call i64 @_ssdm_op_Read.ap_auto.volatile.i64P(i64* %generation_parent1)


 <State 4>: 0.00ns
ST_4: StgValue_52 (52)  [1/1] 0.00ns  loc: ../GenerationGenerator/GenerationGenerator.cpp:50
_ZN7_ap_sc_7sc_core4waitEi.exit7:7  call void (...)* @_ssdm_op_Wait(i32 1) nounwind

ST_4: val_V_4 (53)  [1/1] 0.00ns  loc: ../GenerationGenerator/GenerationGenerator.cpp:51
_ZN7_ap_sc_7sc_core4waitEi.exit7:8  %val_V_4 = call i64 @_ssdm_op_Read.ap_auto.volatile.i64P(i64* %generation_parent2)


 <State 5>: 10.59ns
ST_5: StgValue_54 (54)  [1/1] 0.00ns  loc: ../GenerationGenerator/GenerationGenerator.cpp:52
_ZN7_ap_sc_7sc_core4waitEi.exit7:9  call void (...)* @_ssdm_op_Wait(i32 1) nounwind

ST_5: GenerationGenerator_s (55)  [1/1] 0.00ns  loc: ../GenerationGenerator/GenerationGenerator.cpp:23->../GenerationGenerator/GenerationGenerator.cpp:62
_ZN7_ap_sc_7sc_core4waitEi.exit7:10  %GenerationGenerator_s = call i24 @_ssdm_op_Read.ap_auto.i24P(i24* %GenerationGenerator_trueRandomIndex_V)

ST_5: tmp_2 (56)  [1/1] 3.23ns  loc: ../GenerationGenerator/GenerationGenerator.cpp:24->../GenerationGenerator/GenerationGenerator.cpp:62
_ZN7_ap_sc_7sc_core4waitEi.exit7:11  %tmp_2 = icmp eq i24 %GenerationGenerator_s, 23

ST_5: tmp_3 (57)  [1/1] 2.60ns  loc: ../GenerationGenerator/GenerationGenerator.cpp:28->../GenerationGenerator/GenerationGenerator.cpp:62
_ZN7_ap_sc_7sc_core4waitEi.exit7:12  %tmp_3 = add i24 %GenerationGenerator_s, 1

ST_5: storemerge_i (58)  [1/1] 2.07ns  loc: ../GenerationGenerator/GenerationGenerator.cpp:24->../GenerationGenerator/GenerationGenerator.cpp:62
_ZN7_ap_sc_7sc_core4waitEi.exit7:13  %storemerge_i = select i1 %tmp_2, i24 0, i24 %tmp_3

ST_5: tmp_6 (59)  [1/1] 3.23ns  loc: ../GenerationGenerator/GenerationGenerator.cpp:24->../GenerationGenerator/GenerationGenerator.cpp:63
_ZN7_ap_sc_7sc_core4waitEi.exit7:14  %tmp_6 = icmp eq i24 %storemerge_i, 23

ST_5: tmp_7 (60)  [1/1] 2.60ns  loc: ../GenerationGenerator/GenerationGenerator.cpp:28->../GenerationGenerator/GenerationGenerator.cpp:63
_ZN7_ap_sc_7sc_core4waitEi.exit7:15  %tmp_7 = add i24 %storemerge_i, 1

ST_5: p_tmp_s (61)  [1/1] 2.07ns  loc: ../GenerationGenerator/GenerationGenerator.cpp:24->../GenerationGenerator/GenerationGenerator.cpp:63
_ZN7_ap_sc_7sc_core4waitEi.exit7:16  %p_tmp_s = select i1 %tmp_6, i24 0, i24 %tmp_7

ST_5: StgValue_62 (62)  [1/1] 0.00ns  loc: ../GenerationGenerator/GenerationGenerator.cpp:25->../GenerationGenerator/GenerationGenerator.cpp:63
_ZN7_ap_sc_7sc_core4waitEi.exit7:17  call void @_ssdm_op_Write.ap_auto.i24P(i24* %GenerationGenerator_trueRandomIndex_V, i24 %p_tmp_s)

ST_5: val_V (63)  [1/1] 0.00ns  loc: ../GenerationGenerator/GenerationGenerator.cpp:92
_ZN7_ap_sc_7sc_core4waitEi.exit7:18  %val_V = call i24 @_ssdm_op_Read.ap_auto.volatile.i24P(i24* %mutation_probability)


 <State 6>: 1.59ns
ST_6: loop_begin (45)  [1/1] 0.00ns
_ZN7_ap_sc_7sc_core4waitEi.exit7:0  %loop_begin = call i32 (...)* @_ssdm_op_SpecLoopBegin() nounwind

ST_6: StgValue_65 (64)  [1/1] 0.00ns  loc: ../GenerationGenerator/GenerationGenerator.cpp:93
_ZN7_ap_sc_7sc_core4waitEi.exit7:19  call void (...)* @_ssdm_op_Wait(i32 1) nounwind

ST_6: StgValue_66 (65)  [1/1] 1.59ns  loc: ../GenerationGenerator/GenerationGenerator.cpp:96
_ZN7_ap_sc_7sc_core4waitEi.exit7:20  br label %1


 <State 7>: 4.98ns
ST_7: GenerationGenerator_2 (67)  [1/1] 0.00ns  loc: ../GenerationGenerator/GenerationGenerator.cpp:24->../GenerationGenerator/GenerationGenerator.cpp:63
:0  %GenerationGenerator_2 = phi i24 [ %p_tmp_s, %_ZN7_ap_sc_7sc_core4waitEi.exit7 ], [ %p_tmp_1, %trueRandom.exit451_ifconv ]

ST_7: v_V (68)  [1/1] 0.00ns
:1  %v_V = phi i64 [ %val_V_4, %_ZN7_ap_sc_7sc_core4waitEi.exit7 ], [ %child1_V_2, %trueRandom.exit451_ifconv ]

ST_7: j (69)  [1/1] 0.00ns
:2  %j = phi i7 [ 0, %_ZN7_ap_sc_7sc_core4waitEi.exit7 ], [ %j_1, %trueRandom.exit451_ifconv ]

ST_7: exitcond1 (70)  [1/1] 2.91ns  loc: ../GenerationGenerator/GenerationGenerator.cpp:96
:3  %exitcond1 = icmp eq i7 %j, -64

ST_7: j_1 (71)  [1/1] 2.32ns  loc: ../GenerationGenerator/GenerationGenerator.cpp:96
:4  %j_1 = add i7 %j, 1

ST_7: StgValue_72 (72)  [1/1] 0.00ns  loc: ../GenerationGenerator/GenerationGenerator.cpp:96
:5  br i1 %exitcond1, label %.preheader.preheader, label %trueRandom.exit451_ifconv

ST_7: tmp_9 (79)  [1/1] 0.00ns  loc: ../GenerationGenerator/GenerationGenerator.cpp:23->../GenerationGenerator/GenerationGenerator.cpp:98
trueRandom.exit451_ifconv:5  %tmp_9 = zext i24 %GenerationGenerator_2 to i32

ST_7: GenerationGenerator_3 (80)  [1/1] 0.00ns  loc: ../GenerationGenerator/GenerationGenerator.cpp:23->../GenerationGenerator/GenerationGenerator.cpp:98
trueRandom.exit451_ifconv:6  %GenerationGenerator_3 = getelementptr [160 x i24]* %GenerationGenerator_randomNumbers_V, i32 0, i32 %tmp_9

ST_7: GenerationGenerator_4 (81)  [2/2] 3.25ns  loc: ../GenerationGenerator/GenerationGenerator.cpp:23->../GenerationGenerator/GenerationGenerator.cpp:98
trueRandom.exit451_ifconv:7  %GenerationGenerator_4 = load i24* %GenerationGenerator_3, align 4


 <State 8>: 9.53ns
ST_8: j_cast2 (74)  [1/1] 0.00ns  loc: ../GenerationGenerator/GenerationGenerator.cpp:96 (grouped into LUT with out node child1_V_2)
trueRandom.exit451_ifconv:0  %j_cast2 = zext i7 %j to i32

ST_8: empty_4 (75)  [1/1] 0.00ns
trueRandom.exit451_ifconv:1  %empty_4 = call i32 (...)* @_ssdm_op_SpecLoopTripCount(i64 64, i64 64, i64 64)

ST_8: StgValue_78 (76)  [1/1] 0.00ns  loc: ../GenerationGenerator/GenerationGenerator.cpp:96
trueRandom.exit451_ifconv:2  call void (...)* @_ssdm_op_SpecLoopName([13 x i8]* @p_str23) nounwind

ST_8: tmp_8 (77)  [1/1] 0.00ns  loc: ../GenerationGenerator/GenerationGenerator.cpp:96
trueRandom.exit451_ifconv:3  %tmp_8 = call i32 (...)* @_ssdm_op_SpecRegionBegin([13 x i8]* @p_str23)

ST_8: StgValue_80 (78)  [1/1] 0.00ns  loc: ../GenerationGenerator/GenerationGenerator.cpp:97
trueRandom.exit451_ifconv:4  call void (...)* @_ssdm_op_SpecPipeline(i32 2, i32 1, i32 1, i32 0, [1 x i8]* @p_str16) nounwind

ST_8: GenerationGenerator_4 (81)  [1/2] 3.25ns  loc: ../GenerationGenerator/GenerationGenerator.cpp:23->../GenerationGenerator/GenerationGenerator.cpp:98
trueRandom.exit451_ifconv:7  %GenerationGenerator_4 = load i24* %GenerationGenerator_3, align 4

ST_8: tmp_s (82)  [1/1] 3.23ns  loc: ../GenerationGenerator/GenerationGenerator.cpp:24->../GenerationGenerator/GenerationGenerator.cpp:98
trueRandom.exit451_ifconv:8  %tmp_s = icmp eq i24 %GenerationGenerator_2, 23

ST_8: tmp_1 (83)  [1/1] 2.60ns  loc: ../GenerationGenerator/GenerationGenerator.cpp:28->../GenerationGenerator/GenerationGenerator.cpp:98
trueRandom.exit451_ifconv:9  %tmp_1 = add i24 %GenerationGenerator_2, 1

ST_8: p_tmp_1 (84)  [1/1] 2.07ns  loc: ../GenerationGenerator/GenerationGenerator.cpp:24->../GenerationGenerator/GenerationGenerator.cpp:98
trueRandom.exit451_ifconv:10  %p_tmp_1 = select i1 %tmp_s, i24 0, i24 %tmp_1

ST_8: StgValue_85 (85)  [1/1] 0.00ns  loc: ../GenerationGenerator/GenerationGenerator.cpp:25->../GenerationGenerator/GenerationGenerator.cpp:98
trueRandom.exit451_ifconv:11  call void @_ssdm_op_Write.ap_auto.i24P(i24* %GenerationGenerator_trueRandomIndex_V, i24 %p_tmp_1)

ST_8: tmp_5 (86)  [1/1] 3.23ns  loc: ../GenerationGenerator/GenerationGenerator.cpp:98
trueRandom.exit451_ifconv:12  %tmp_5 = icmp ult i24 %GenerationGenerator_4, %val_V

ST_8: op2_assign (87)  [1/1] 0.00ns  loc: ../GenerationGenerator/GenerationGenerator.cpp:99 (grouped into LUT with out node child1_V_2)
trueRandom.exit451_ifconv:13  %op2_assign = shl i32 1, %j_cast2

ST_8: child1_V_1 (88)  [1/1] 0.00ns  loc: ../GenerationGenerator/GenerationGenerator.cpp:98 (grouped into LUT with out node child1_V_2)
trueRandom.exit451_ifconv:14  %child1_V_1 = select i1 %tmp_5, i32 %op2_assign, i32 0

ST_8: child1_V_1_cast (89)  [1/1] 0.00ns  loc: ../GenerationGenerator/GenerationGenerator.cpp:98 (grouped into LUT with out node child1_V_2)
trueRandom.exit451_ifconv:15  %child1_V_1_cast = sext i32 %child1_V_1 to i64

ST_8: child1_V_2 (90)  [1/1] 3.04ns  loc: ../GenerationGenerator/GenerationGenerator.cpp:98 (out node of the LUT)
trueRandom.exit451_ifconv:16  %child1_V_2 = xor i64 %child1_V_1_cast, %v_V

ST_8: empty_5 (91)  [1/1] 0.00ns  loc: ../GenerationGenerator/GenerationGenerator.cpp:101
trueRandom.exit451_ifconv:17  %empty_5 = call i32 (...)* @_ssdm_op_SpecRegionEnd([13 x i8]* @p_str23, i32 %tmp_8)

ST_8: StgValue_92 (92)  [1/1] 0.00ns  loc: ../GenerationGenerator/GenerationGenerator.cpp:96
trueRandom.exit451_ifconv:18  br label %1


 <State 9>: 1.59ns
ST_9: StgValue_93 (94)  [1/1] 1.59ns  loc: ../GenerationGenerator/GenerationGenerator.cpp:104
.preheader.preheader:0  br label %.preheader


 <State 10>: 5.30ns
ST_10: GenerationGenerator_5 (96)  [1/1] 0.00ns  loc: ../GenerationGenerator/GenerationGenerator.cpp:24->../GenerationGenerator/GenerationGenerator.cpp:106
.preheader:0  %GenerationGenerator_5 = phi i24 [ %p_tmp_2, %trueRandom.exit453_ifconv ], [ %GenerationGenerator_2, %.preheader.preheader ]

ST_10: v_V_1 (97)  [1/1] 0.00ns
.preheader:1  %v_V_1 = phi i64 [ %child2_V_2, %trueRandom.exit453_ifconv ], [ %val_V_3, %.preheader.preheader ]

ST_10: j1 (98)  [1/1] 0.00ns
.preheader:2  %j1 = phi i7 [ %j_2, %trueRandom.exit453_ifconv ], [ 0, %.preheader.preheader ]

ST_10: exitcond (99)  [1/1] 2.91ns  loc: ../GenerationGenerator/GenerationGenerator.cpp:104
.preheader:3  %exitcond = icmp eq i7 %j1, -64

ST_10: j_2 (100)  [1/1] 2.32ns  loc: ../GenerationGenerator/GenerationGenerator.cpp:104
.preheader:4  %j_2 = add i7 %j1, 1

ST_10: StgValue_99 (101)  [1/1] 0.00ns  loc: ../GenerationGenerator/GenerationGenerator.cpp:104
.preheader:5  br i1 %exitcond, label %_ZN7_ap_sc_7sc_core4waitEi.exit5, label %trueRandom.exit453_ifconv

ST_10: tmp_13 (108)  [1/1] 0.00ns  loc: ../GenerationGenerator/GenerationGenerator.cpp:23->../GenerationGenerator/GenerationGenerator.cpp:106
trueRandom.exit453_ifconv:5  %tmp_13 = zext i24 %GenerationGenerator_5 to i32

ST_10: GenerationGenerator_6 (109)  [1/1] 0.00ns  loc: ../GenerationGenerator/GenerationGenerator.cpp:23->../GenerationGenerator/GenerationGenerator.cpp:106
trueRandom.exit453_ifconv:6  %GenerationGenerator_6 = getelementptr [160 x i24]* %GenerationGenerator_randomNumbers_V, i32 0, i32 %tmp_13

ST_10: GenerationGenerator_7 (110)  [2/2] 3.25ns  loc: ../GenerationGenerator/GenerationGenerator.cpp:23->../GenerationGenerator/GenerationGenerator.cpp:106
trueRandom.exit453_ifconv:7  %GenerationGenerator_7 = load i24* %GenerationGenerator_6, align 4

ST_10: tmp_14 (111)  [1/1] 3.23ns  loc: ../GenerationGenerator/GenerationGenerator.cpp:24->../GenerationGenerator/GenerationGenerator.cpp:106
trueRandom.exit453_ifconv:8  %tmp_14 = icmp eq i24 %GenerationGenerator_5, 23

ST_10: tmp_15 (112)  [1/1] 2.60ns  loc: ../GenerationGenerator/GenerationGenerator.cpp:28->../GenerationGenerator/GenerationGenerator.cpp:106
trueRandom.exit453_ifconv:9  %tmp_15 = add i24 %GenerationGenerator_5, 1

ST_10: p_tmp_2 (113)  [1/1] 2.07ns  loc: ../GenerationGenerator/GenerationGenerator.cpp:24->../GenerationGenerator/GenerationGenerator.cpp:106
trueRandom.exit453_ifconv:10  %p_tmp_2 = select i1 %tmp_14, i24 0, i24 %tmp_15

ST_10: StgValue_106 (114)  [1/1] 0.00ns  loc: ../GenerationGenerator/GenerationGenerator.cpp:25->../GenerationGenerator/GenerationGenerator.cpp:106
trueRandom.exit453_ifconv:11  call void @_ssdm_op_Write.ap_auto.i24P(i24* %GenerationGenerator_trueRandomIndex_V, i24 %p_tmp_2)


 <State 11>: 9.53ns
ST_11: j1_cast1 (103)  [1/1] 0.00ns  loc: ../GenerationGenerator/GenerationGenerator.cpp:104 (grouped into LUT with out node child2_V_2)
trueRandom.exit453_ifconv:0  %j1_cast1 = zext i7 %j1 to i32

ST_11: empty_6 (104)  [1/1] 0.00ns
trueRandom.exit453_ifconv:1  %empty_6 = call i32 (...)* @_ssdm_op_SpecLoopTripCount(i64 64, i64 64, i64 64)

ST_11: StgValue_109 (105)  [1/1] 0.00ns  loc: ../GenerationGenerator/GenerationGenerator.cpp:104
trueRandom.exit453_ifconv:2  call void (...)* @_ssdm_op_SpecLoopName([13 x i8]* @p_str24) nounwind

ST_11: tmp_12 (106)  [1/1] 0.00ns  loc: ../GenerationGenerator/GenerationGenerator.cpp:104
trueRandom.exit453_ifconv:3  %tmp_12 = call i32 (...)* @_ssdm_op_SpecRegionBegin([13 x i8]* @p_str24)

ST_11: StgValue_111 (107)  [1/1] 0.00ns  loc: ../GenerationGenerator/GenerationGenerator.cpp:105
trueRandom.exit453_ifconv:4  call void (...)* @_ssdm_op_SpecPipeline(i32 2, i32 1, i32 1, i32 0, [1 x i8]* @p_str16) nounwind

ST_11: GenerationGenerator_7 (110)  [1/2] 3.25ns  loc: ../GenerationGenerator/GenerationGenerator.cpp:23->../GenerationGenerator/GenerationGenerator.cpp:106
trueRandom.exit453_ifconv:7  %GenerationGenerator_7 = load i24* %GenerationGenerator_6, align 4

ST_11: tmp_16 (115)  [1/1] 3.23ns  loc: ../GenerationGenerator/GenerationGenerator.cpp:106
trueRandom.exit453_ifconv:12  %tmp_16 = icmp ult i24 %GenerationGenerator_7, %val_V

ST_11: op2_assign_1 (116)  [1/1] 0.00ns  loc: ../GenerationGenerator/GenerationGenerator.cpp:107 (grouped into LUT with out node child2_V_2)
trueRandom.exit453_ifconv:13  %op2_assign_1 = shl i32 1, %j1_cast1

ST_11: child2_V_1 (117)  [1/1] 0.00ns  loc: ../GenerationGenerator/GenerationGenerator.cpp:106 (grouped into LUT with out node child2_V_2)
trueRandom.exit453_ifconv:14  %child2_V_1 = select i1 %tmp_16, i32 %op2_assign_1, i32 0

ST_11: child2_V_1_cast (118)  [1/1] 0.00ns  loc: ../GenerationGenerator/GenerationGenerator.cpp:106 (grouped into LUT with out node child2_V_2)
trueRandom.exit453_ifconv:15  %child2_V_1_cast = sext i32 %child2_V_1 to i64

ST_11: child2_V_2 (119)  [1/1] 3.04ns  loc: ../GenerationGenerator/GenerationGenerator.cpp:106 (out node of the LUT)
trueRandom.exit453_ifconv:16  %child2_V_2 = xor i64 %child2_V_1_cast, %v_V_1

ST_11: empty_7 (120)  [1/1] 0.00ns  loc: ../GenerationGenerator/GenerationGenerator.cpp:109
trueRandom.exit453_ifconv:17  %empty_7 = call i32 (...)* @_ssdm_op_SpecRegionEnd([13 x i8]* @p_str24, i32 %tmp_12)

ST_11: StgValue_119 (121)  [1/1] 0.00ns  loc: ../GenerationGenerator/GenerationGenerator.cpp:104
trueRandom.exit453_ifconv:18  br label %.preheader


 <State 12>: 0.00ns
ST_12: StgValue_120 (123)  [1/1] 0.00ns  loc: ../GenerationGenerator/GenerationGenerator.cpp:112
_ZN7_ap_sc_7sc_core4waitEi.exit5:0  call void @_ssdm_op_Write.ap_auto.volatile.i64P(i64* %generation_child1, i64 %v_V)


 <State 13>: 0.00ns
ST_13: StgValue_121 (124)  [1/1] 0.00ns  loc: ../GenerationGenerator/GenerationGenerator.cpp:113
_ZN7_ap_sc_7sc_core4waitEi.exit5:1  call void (...)* @_ssdm_op_Wait(i32 1) nounwind

ST_13: StgValue_122 (125)  [1/1] 0.00ns  loc: ../GenerationGenerator/GenerationGenerator.cpp:114
_ZN7_ap_sc_7sc_core4waitEi.exit5:2  call void @_ssdm_op_Write.ap_auto.volatile.i64P(i64* %generation_child2, i64 %v_V_1)


 <State 14>: 0.00ns
ST_14: StgValue_123 (126)  [1/1] 0.00ns  loc: ../GenerationGenerator/GenerationGenerator.cpp:115
_ZN7_ap_sc_7sc_core4waitEi.exit5:3  call void (...)* @_ssdm_op_Wait(i32 1) nounwind

ST_14: StgValue_124 (127)  [1/1] 0.00ns  loc: ../GenerationGenerator/GenerationGenerator.cpp:116
_ZN7_ap_sc_7sc_core4waitEi.exit5:4  call void @_ssdm_op_Write.ap_auto.volatile.i1P(i1* %generatingDone, i1 true)


 <State 15>: 2.07ns
ST_15: StgValue_125 (128)  [1/1] 0.00ns  loc: ../GenerationGenerator/GenerationGenerator.cpp:118
_ZN7_ap_sc_7sc_core4waitEi.exit5:5  call void (...)* @_ssdm_op_Wait(i32 1) nounwind

ST_15: tmp_10 (129)  [1/1] 0.00ns  loc: ../GenerationGenerator/GenerationGenerator.cpp:118
_ZN7_ap_sc_7sc_core4waitEi.exit5:6  %tmp_10 = call i1 @_ssdm_op_Read.ap_auto.volatile.i1P(i1* %startGenerating)

ST_15: tmp_11 (130)  [1/1] 2.07ns  loc: ../GenerationGenerator/GenerationGenerator.cpp:118
_ZN7_ap_sc_7sc_core4waitEi.exit5:7  %tmp_11 = xor i1 %tmp_10, true

ST_15: StgValue_128 (131)  [1/1] 0.00ns  loc: ../GenerationGenerator/GenerationGenerator.cpp:118
_ZN7_ap_sc_7sc_core4waitEi.exit5:8  call void (...)* @_ssdm_op_Poll(i1 %tmp_11)

ST_15: StgValue_129 (132)  [1/1] 0.00ns  loc: ../GenerationGenerator/GenerationGenerator.cpp:119
_ZN7_ap_sc_7sc_core4waitEi.exit5:9  br label %_ZN7_ap_sc_7sc_core4waitEi.exit7



============================================================
+ Verbose Summary: Binding
============================================================
STG Binding: 
---------------- STG Properties BEGIN ----------------
- Is combinational: 0
- Is one-state seq: 0
- Is datapath-only: 0
- Is pipelined: 0
- Is top level: 0
Port [ Return ] is wired: 1; IO mode=ap_ctrl_hs:ce=0
Port [ clk]:  wired=1; compound=0; hidden=1; nouse=1; global=0; static=0; extern=0; dir=0; type=0; pingpong=0; private_global=0; IO mode=ap_none:ce=0
Port [ reset]:  wired=1; compound=0; hidden=1; nouse=1; global=0; static=0; extern=0; dir=0; type=0; pingpong=0; private_global=0; IO mode=ap_none:ce=0
Port [ startGenerating]:  wired=1; compound=0; hidden=0; nouse=0; global=0; static=0; extern=0; dir=0; type=0; pingpong=0; private_global=0; IO mode=ap_none:ce=0
Port [ generatingDone]:  wired=1; compound=0; hidden=0; nouse=0; global=0; static=0; extern=0; dir=1; type=0; pingpong=0; private_global=0; IO mode=ap_vld:ce=0
Port [ generation_parent1]:  wired=1; compound=0; hidden=0; nouse=0; global=0; static=0; extern=0; dir=0; type=0; pingpong=0; private_global=0; IO mode=ap_none:ce=0
Port [ generation_parent2]:  wired=1; compound=0; hidden=0; nouse=0; global=0; static=0; extern=0; dir=0; type=0; pingpong=0; private_global=0; IO mode=ap_none:ce=0
Port [ generation_child1]:  wired=1; compound=0; hidden=0; nouse=0; global=0; static=0; extern=0; dir=1; type=0; pingpong=0; private_global=0; IO mode=ap_vld:ce=0
Port [ generation_child2]:  wired=1; compound=0; hidden=0; nouse=0; global=0; static=0; extern=0; dir=1; type=0; pingpong=0; private_global=0; IO mode=ap_vld:ce=0
Port [ mutation_probability]:  wired=1; compound=0; hidden=0; nouse=0; global=0; static=0; extern=0; dir=0; type=0; pingpong=0; private_global=0; IO mode=ap_none:ce=0
Port [ random]:  wired=1; compound=0; hidden=1; nouse=1; global=0; static=0; extern=0; dir=0; type=0; pingpong=0; private_global=0; IO mode=ap_none:ce=0
Port [ GenerationGenerator_randomNumberIndex_V]:  wired=1; compound=0; hidden=1; nouse=1; global=0; static=0; extern=0; dir=0; type=0; pingpong=0; private_global=0; IO mode=ap_none:ce=0
Port [ GenerationGenerator_trueRandomIndex_V]:  wired=1; compound=0; hidden=0; nouse=0; global=0; static=0; extern=0; dir=2; type=0; pingpong=0; private_global=0; IO mode=ap_ovld:ce=0
Port [ GenerationGenerator_randomNumbers_V]:  wired=1; compound=1; hidden=0; nouse=0; global=0; static=0; extern=0; dir=0; type=1; pingpong=0; private_global=0; MemPort=[13]; IO mode=ap_memory:ce=0
---------------- STG Properties END ------------------

---------------- Datapath Model BEGIN ----------------

<LifeTime>
<method=bitvector/>
StgValue_16           (specbitsmap      ) [ 0000000000000000]
StgValue_17           (specbitsmap      ) [ 0000000000000000]
StgValue_18           (specbitsmap      ) [ 0000000000000000]
StgValue_19           (specbitsmap      ) [ 0000000000000000]
StgValue_20           (specbitsmap      ) [ 0000000000000000]
StgValue_21           (specbitsmap      ) [ 0000000000000000]
StgValue_22           (specbitsmap      ) [ 0000000000000000]
StgValue_23           (specbitsmap      ) [ 0000000000000000]
StgValue_24           (specbitsmap      ) [ 0000000000000000]
StgValue_25           (specbitsmap      ) [ 0000000000000000]
StgValue_26           (specbitsmap      ) [ 0000000000000000]
StgValue_27           (specbitsmap      ) [ 0000000000000000]
StgValue_28           (specbitsmap      ) [ 0000000000000000]
StgValue_29           (specport         ) [ 0000000000000000]
StgValue_30           (specport         ) [ 0000000000000000]
StgValue_31           (specport         ) [ 0000000000000000]
StgValue_32           (specport         ) [ 0000000000000000]
StgValue_33           (specport         ) [ 0000000000000000]
StgValue_34           (specport         ) [ 0000000000000000]
StgValue_35           (specport         ) [ 0000000000000000]
StgValue_36           (specport         ) [ 0000000000000000]
StgValue_37           (specport         ) [ 0000000000000000]
StgValue_38           (specport         ) [ 0000000000000000]
StgValue_39           (specprocessdef   ) [ 0000000000000000]
tmp_4                 (specregionbegin  ) [ 0000000000000000]
StgValue_41           (specprotocol     ) [ 0000000000000000]
p_ssdm_reset_v        (specstatebegin   ) [ 0000000000000000]
empty                 (specstateend     ) [ 0000000000000000]
empty_3               (specregionend    ) [ 0000000000000000]
StgValue_45           (br               ) [ 0000000000000000]
StgValue_46           (wait             ) [ 0000000000000000]
tmp                   (read             ) [ 0000000000000000]
StgValue_48           (poll             ) [ 0000000000000000]
StgValue_49           (write            ) [ 0000000000000000]
StgValue_50           (wait             ) [ 0000000000000000]
val_V_3               (read             ) [ 0000111111110000]
StgValue_52           (wait             ) [ 0000000000000000]
val_V_4               (read             ) [ 0000011110000000]
StgValue_54           (wait             ) [ 0000000000000000]
GenerationGenerator_s (read             ) [ 0000000000000000]
tmp_2                 (icmp             ) [ 0000000000000000]
tmp_3                 (add              ) [ 0000000000000000]
storemerge_i          (select           ) [ 0000000000000000]
tmp_6                 (icmp             ) [ 0000000000000000]
tmp_7                 (add              ) [ 0000000000000000]
p_tmp_s               (select           ) [ 0000001110000000]
StgValue_62           (write            ) [ 0000000000000000]
val_V                 (read             ) [ 0000001111110000]
loop_begin            (specloopbegin    ) [ 0000000000000000]
StgValue_65           (wait             ) [ 0000000000000000]
StgValue_66           (br               ) [ 0011111111111111]
GenerationGenerator_2 (phi              ) [ 0000000111110000]
v_V                   (phi              ) [ 0000000111111000]
j                     (phi              ) [ 0000000110000000]
exitcond1             (icmp             ) [ 0011111111111111]
j_1                   (add              ) [ 0011111111111111]
StgValue_72           (br               ) [ 0000000000000000]
tmp_9                 (zext             ) [ 0000000000000000]
GenerationGenerator_3 (getelementptr    ) [ 0000000010000000]
j_cast2               (zext             ) [ 0000000000000000]
empty_4               (speclooptripcount) [ 0000000000000000]
StgValue_78           (specloopname     ) [ 0000000000000000]
tmp_8                 (specregionbegin  ) [ 0000000000000000]
StgValue_80           (specpipeline     ) [ 0000000000000000]
GenerationGenerator_4 (load             ) [ 0000000000000000]
tmp_s                 (icmp             ) [ 0000000000000000]
tmp_1                 (add              ) [ 0000000000000000]
p_tmp_1               (select           ) [ 0011111111111111]
StgValue_85           (write            ) [ 0000000000000000]
tmp_5                 (icmp             ) [ 0000000000000000]
op2_assign            (shl              ) [ 0000000000000000]
child1_V_1            (select           ) [ 0000000000000000]
child1_V_1_cast       (sext             ) [ 0000000000000000]
child1_V_2            (xor              ) [ 0011111111111111]
empty_5               (specregionend    ) [ 0000000000000000]
StgValue_92           (br               ) [ 0011111111111111]
StgValue_93           (br               ) [ 0011111111111111]
GenerationGenerator_5 (phi              ) [ 0000000000100000]
v_V_1                 (phi              ) [ 0000000000111100]
j1                    (phi              ) [ 0000000000110000]
exitcond              (icmp             ) [ 0011111111111111]
j_2                   (add              ) [ 0011111111111111]
StgValue_99           (br               ) [ 0000000000000000]
tmp_13                (zext             ) [ 0000000000000000]
GenerationGenerator_6 (getelementptr    ) [ 0000000000010000]
tmp_14                (icmp             ) [ 0000000000000000]
tmp_15                (add              ) [ 0000000000000000]
p_tmp_2               (select           ) [ 0011111111111111]
StgValue_106          (write            ) [ 0000000000000000]
j1_cast1              (zext             ) [ 0000000000000000]
empty_6               (speclooptripcount) [ 0000000000000000]
StgValue_109          (specloopname     ) [ 0000000000000000]
tmp_12                (specregionbegin  ) [ 0000000000000000]
StgValue_111          (specpipeline     ) [ 0000000000000000]
GenerationGenerator_7 (load             ) [ 0000000000000000]
tmp_16                (icmp             ) [ 0000000000000000]
op2_assign_1          (shl              ) [ 0000000000000000]
child2_V_1            (select           ) [ 0000000000000000]
child2_V_1_cast       (sext             ) [ 0000000000000000]
child2_V_2            (xor              ) [ 0011111111111111]
empty_7               (specregionend    ) [ 0000000000000000]
StgValue_119          (br               ) [ 0011111111111111]
StgValue_120          (write            ) [ 0000000000000000]
StgValue_121          (wait             ) [ 0000000000000000]
StgValue_122          (write            ) [ 0000000000000000]
StgValue_123          (wait             ) [ 0000000000000000]
StgValue_124          (write            ) [ 0000000000000000]
StgValue_125          (wait             ) [ 0000000000000000]
tmp_10                (read             ) [ 0000000000000000]
tmp_11                (xor              ) [ 0000000000000000]
StgValue_128          (poll             ) [ 0000000000000000]
StgValue_129          (br               ) [ 0000000000000000]
</LifeTime>

<model>

<comp_list>
<comp id="0" class="1000" name="clk">
<pin_list>
<pin id="1" dir="1" index="0" bw="1" slack="2147483647"/>
</pin_list>
<bind>
<StgValue><ssdm name="clk"/></StgValue>
</bind>
</comp>

<comp id="2" class="1000" name="reset">
<pin_list>
<pin id="3" dir="1" index="0" bw="1" slack="2147483647"/>
</pin_list>
<bind>
<StgValue><ssdm name="reset"/></StgValue>
</bind>
</comp>

<comp id="4" class="1000" name="startGenerating">
<pin_list>
<pin id="5" dir="1" index="0" bw="1" slack="0"/>
</pin_list>
<bind>
<StgValue><ssdm name="startGenerating"/></StgValue>
</bind>
</comp>

<comp id="6" class="1000" name="generatingDone">
<pin_list>
<pin id="7" dir="1" index="0" bw="1" slack="0"/>
</pin_list>
<bind>
<StgValue><ssdm name="generatingDone"/></StgValue>
</bind>
</comp>

<comp id="8" class="1000" name="generation_parent1">
<pin_list>
<pin id="9" dir="1" index="0" bw="1" slack="0"/>
</pin_list>
<bind>
<StgValue><ssdm name="generation_parent1"/></StgValue>
</bind>
</comp>

<comp id="10" class="1000" name="generation_parent2">
<pin_list>
<pin id="11" dir="1" index="0" bw="1" slack="0"/>
</pin_list>
<bind>
<StgValue><ssdm name="generation_parent2"/></StgValue>
</bind>
</comp>

<comp id="12" class="1000" name="generation_child1">
<pin_list>
<pin id="13" dir="1" index="0" bw="1" slack="0"/>
</pin_list>
<bind>
<StgValue><ssdm name="generation_child1"/></StgValue>
</bind>
</comp>

<comp id="14" class="1000" name="generation_child2">
<pin_list>
<pin id="15" dir="1" index="0" bw="1" slack="0"/>
</pin_list>
<bind>
<StgValue><ssdm name="generation_child2"/></StgValue>
</bind>
</comp>

<comp id="16" class="1000" name="mutation_probability">
<pin_list>
<pin id="17" dir="1" index="0" bw="1" slack="0"/>
</pin_list>
<bind>
<StgValue><ssdm name="mutation_probability"/></StgValue>
</bind>
</comp>

<comp id="18" class="1000" name="random">
<pin_list>
<pin id="19" dir="1" index="0" bw="1" slack="2147483647"/>
</pin_list>
<bind>
<StgValue><ssdm name="random"/></StgValue>
</bind>
</comp>

<comp id="20" class="1000" name="GenerationGenerator_randomNumberIndex_V">
<pin_list>
<pin id="21" dir="1" index="0" bw="1" slack="2147483647"/>
</pin_list>
<bind>
<StgValue><ssdm name="GenerationGenerator_randomNumberIndex_V"/></StgValue>
</bind>
</comp>

<comp id="22" class="1000" name="GenerationGenerator_trueRandomIndex_V">
<pin_list>
<pin id="23" dir="1" index="0" bw="1" slack="0"/>
</pin_list>
<bind>
<StgValue><ssdm name="GenerationGenerator_trueRandomIndex_V"/></StgValue>
</bind>
</comp>

<comp id="24" class="1000" name="GenerationGenerator_randomNumbers_V">
<pin_list>
<pin id="25" dir="1" index="0" bw="1" slack="0"/>
</pin_list>
<bind>
<StgValue><ssdm name="GenerationGenerator_randomNumbers_V"/><MemPortTyVec>1 3 </MemPortTyVec>
</StgValue>
</bind>
</comp>

<comp id="26" class="1001" name="const_26">
<pin_list>
<pin id="27" dir="1" index="0" bw="1" slack="2147483647"/>
</pin_list>
<bind>
<StgValue><ssdm name="_ssdm_op_SpecBitsMap"/></StgValue>
</bind>
</comp>

<comp id="28" class="1001" name="const_28">
<pin_list>
<pin id="29" dir="1" index="0" bw="1" slack="2147483647"/>
</pin_list>
<bind>
<StgValue><ssdm name="_ssdm_op_SpecPort"/></StgValue>
</bind>
</comp>

<comp id="30" class="1001" name="const_30">
<pin_list>
<pin id="31" dir="1" index="0" bw="1" slack="2147483647"/>
</pin_list>
<bind>
<StgValue><ssdm name="p_str"/></StgValue>
</bind>
</comp>

<comp id="32" class="1001" name="const_32">
<pin_list>
<pin id="33" dir="1" index="0" bw="1" slack="0"/>
</pin_list>
<bind>
<StgValue><ssdm name=""/></StgValue>
</bind>
</comp>

<comp id="34" class="1001" name="const_34">
<pin_list>
<pin id="35" dir="1" index="0" bw="1" slack="2147483647"/>
</pin_list>
<bind>
<StgValue><ssdm name="p_str1"/></StgValue>
</bind>
</comp>

<comp id="36" class="1001" name="const_36">
<pin_list>
<pin id="37" dir="1" index="0" bw="1" slack="2147483647"/>
</pin_list>
<bind>
<StgValue><ssdm name="p_str2"/></StgValue>
</bind>
</comp>

<comp id="38" class="1001" name="const_38">
<pin_list>
<pin id="39" dir="1" index="0" bw="1" slack="2147483647"/>
</pin_list>
<bind>
<StgValue><ssdm name="p_str3"/></StgValue>
</bind>
</comp>

<comp id="40" class="1001" name="const_40">
<pin_list>
<pin id="41" dir="1" index="0" bw="1" slack="2147483647"/>
</pin_list>
<bind>
<StgValue><ssdm name="p_str4"/></StgValue>
</bind>
</comp>

<comp id="42" class="1001" name="const_42">
<pin_list>
<pin id="43" dir="1" index="0" bw="1" slack="0"/>
</pin_list>
<bind>
<StgValue><ssdm name=""/></StgValue>
</bind>
</comp>

<comp id="44" class="1001" name="const_44">
<pin_list>
<pin id="45" dir="1" index="0" bw="1" slack="2147483647"/>
</pin_list>
<bind>
<StgValue><ssdm name="p_str5"/></StgValue>
</bind>
</comp>

<comp id="46" class="1001" name="const_46">
<pin_list>
<pin id="47" dir="1" index="0" bw="1" slack="2147483647"/>
</pin_list>
<bind>
<StgValue><ssdm name="p_str6"/></StgValue>
</bind>
</comp>

<comp id="48" class="1001" name="const_48">
<pin_list>
<pin id="49" dir="1" index="0" bw="1" slack="2147483647"/>
</pin_list>
<bind>
<StgValue><ssdm name="p_str7"/></StgValue>
</bind>
</comp>

<comp id="50" class="1001" name="const_50">
<pin_list>
<pin id="51" dir="1" index="0" bw="1" slack="2147483647"/>
</pin_list>
<bind>
<StgValue><ssdm name="p_str8"/></StgValue>
</bind>
</comp>

<comp id="52" class="1001" name="const_52">
<pin_list>
<pin id="53" dir="1" index="0" bw="1" slack="2147483647"/>
</pin_list>
<bind>
<StgValue><ssdm name="p_str9"/></StgValue>
</bind>
</comp>

<comp id="54" class="1001" name="const_54">
<pin_list>
<pin id="55" dir="1" index="0" bw="1" slack="2147483647"/>
</pin_list>
<bind>
<StgValue><ssdm name="p_str10"/></StgValue>
</bind>
</comp>

<comp id="56" class="1001" name="const_56">
<pin_list>
<pin id="57" dir="1" index="0" bw="1" slack="2147483647"/>
</pin_list>
<bind>
<StgValue><ssdm name="p_str11"/></StgValue>
</bind>
</comp>

<comp id="58" class="1001" name="const_58">
<pin_list>
<pin id="59" dir="1" index="0" bw="1" slack="2147483647"/>
</pin_list>
<bind>
<StgValue><ssdm name="p_str12"/></StgValue>
</bind>
</comp>

<comp id="60" class="1001" name="const_60">
<pin_list>
<pin id="61" dir="1" index="0" bw="1" slack="2147483647"/>
</pin_list>
<bind>
<StgValue><ssdm name="p_str13"/></StgValue>
</bind>
</comp>

<comp id="62" class="1001" name="const_62">
<pin_list>
<pin id="63" dir="1" index="0" bw="1" slack="2147483647"/>
</pin_list>
<bind>
<StgValue><ssdm name="_ssdm_op_SpecProcessDef"/></StgValue>
</bind>
</comp>

<comp id="64" class="1001" name="const_64">
<pin_list>
<pin id="65" dir="1" index="0" bw="1" slack="2147483647"/>
</pin_list>
<bind>
<StgValue><ssdm name=""/></StgValue>
</bind>
</comp>

<comp id="66" class="1001" name="const_66">
<pin_list>
<pin id="67" dir="1" index="0" bw="1" slack="2147483647"/>
</pin_list>
<bind>
<StgValue><ssdm name="p_str21"/></StgValue>
</bind>
</comp>

<comp id="68" class="1001" name="const_68">
<pin_list>
<pin id="69" dir="1" index="0" bw="1" slack="2147483647"/>
</pin_list>
<bind>
<StgValue><ssdm name="_ssdm_op_SpecRegionBegin"/></StgValue>
</bind>
</comp>

<comp id="70" class="1001" name="const_70">
<pin_list>
<pin id="71" dir="1" index="0" bw="1" slack="2147483647"/>
</pin_list>
<bind>
<StgValue><ssdm name="p_str15"/></StgValue>
</bind>
</comp>

<comp id="72" class="1001" name="const_72">
<pin_list>
<pin id="73" dir="1" index="0" bw="1" slack="2147483647"/>
</pin_list>
<bind>
<StgValue><ssdm name="_ssdm_op_SpecProtocol"/></StgValue>
</bind>
</comp>

<comp id="74" class="1001" name="const_74">
<pin_list>
<pin id="75" dir="1" index="0" bw="1" slack="2147483647"/>
</pin_list>
<bind>
<StgValue><ssdm name="p_str16"/></StgValue>
</bind>
</comp>

<comp id="76" class="1001" name="const_76">
<pin_list>
<pin id="77" dir="1" index="0" bw="1" slack="2147483647"/>
</pin_list>
<bind>
<StgValue><ssdm name="_ssdm_op_SpecStateBegin"/></StgValue>
</bind>
</comp>

<comp id="78" class="1001" name="const_78">
<pin_list>
<pin id="79" dir="1" index="0" bw="1" slack="2147483647"/>
</pin_list>
<bind>
<StgValue><ssdm name="_ssdm_op_SpecStateEnd"/></StgValue>
</bind>
</comp>

<comp id="80" class="1001" name="const_80">
<pin_list>
<pin id="81" dir="1" index="0" bw="1" slack="2147483647"/>
</pin_list>
<bind>
<StgValue><ssdm name="_ssdm_op_SpecRegionEnd"/></StgValue>
</bind>
</comp>

<comp id="82" class="1001" name="const_82">
<pin_list>
<pin id="83" dir="1" index="0" bw="1" slack="2147483647"/>
</pin_list>
<bind>
<StgValue><ssdm name="_ssdm_op_Wait"/></StgValue>
</bind>
</comp>

<comp id="84" class="1001" name="const_84">
<pin_list>
<pin id="85" dir="1" index="0" bw="1" slack="0"/>
</pin_list>
<bind>
<StgValue><ssdm name="_ssdm_op_Read.ap_auto.volatile.i1P"/></StgValue>
</bind>
</comp>

<comp id="86" class="1001" name="const_86">
<pin_list>
<pin id="87" dir="1" index="0" bw="1" slack="0"/>
</pin_list>
<bind>
<StgValue><ssdm name="_ssdm_op_Poll"/></StgValue>
</bind>
</comp>

<comp id="88" class="1001" name="const_88">
<pin_list>
<pin id="89" dir="1" index="0" bw="1" slack="0"/>
</pin_list>
<bind>
<StgValue><ssdm name="_ssdm_op_Write.ap_auto.volatile.i1P"/></StgValue>
</bind>
</comp>

<comp id="90" class="1001" name="const_90">
<pin_list>
<pin id="91" dir="1" index="0" bw="1" slack="0"/>
</pin_list>
<bind>
<StgValue><ssdm name=""/></StgValue>
</bind>
</comp>

<comp id="92" class="1001" name="const_92">
<pin_list>
<pin id="93" dir="1" index="0" bw="1" slack="0"/>
</pin_list>
<bind>
<StgValue><ssdm name="_ssdm_op_Read.ap_auto.volatile.i64P"/></StgValue>
</bind>
</comp>

<comp id="94" class="1001" name="const_94">
<pin_list>
<pin id="95" dir="1" index="0" bw="1" slack="0"/>
</pin_list>
<bind>
<StgValue><ssdm name="_ssdm_op_Read.ap_auto.i24P"/></StgValue>
</bind>
</comp>

<comp id="96" class="1001" name="const_96">
<pin_list>
<pin id="97" dir="1" index="0" bw="1" slack="0"/>
</pin_list>
<bind>
<StgValue><ssdm name=""/></StgValue>
</bind>
</comp>

<comp id="98" class="1001" name="const_98">
<pin_list>
<pin id="99" dir="1" index="0" bw="1" slack="0"/>
</pin_list>
<bind>
<StgValue><ssdm name=""/></StgValue>
</bind>
</comp>

<comp id="100" class="1001" name="const_100">
<pin_list>
<pin id="101" dir="1" index="0" bw="1" slack="0"/>
</pin_list>
<bind>
<StgValue><ssdm name=""/></StgValue>
</bind>
</comp>

<comp id="102" class="1001" name="const_102">
<pin_list>
<pin id="103" dir="1" index="0" bw="1" slack="0"/>
</pin_list>
<bind>
<StgValue><ssdm name="_ssdm_op_Write.ap_auto.i24P"/></StgValue>
</bind>
</comp>

<comp id="104" class="1001" name="const_104">
<pin_list>
<pin id="105" dir="1" index="0" bw="1" slack="0"/>
</pin_list>
<bind>
<StgValue><ssdm name="_ssdm_op_Read.ap_auto.volatile.i24P"/></StgValue>
</bind>
</comp>

<comp id="106" class="1001" name="const_106">
<pin_list>
<pin id="107" dir="1" index="0" bw="1" slack="2147483647"/>
</pin_list>
<bind>
<StgValue><ssdm name="_ssdm_op_SpecLoopBegin"/></StgValue>
</bind>
</comp>

<comp id="108" class="1001" name="const_108">
<pin_list>
<pin id="109" dir="1" index="0" bw="1" slack="1"/>
</pin_list>
<bind>
<StgValue><ssdm name=""/></StgValue>
</bind>
</comp>

<comp id="110" class="1001" name="const_110">
<pin_list>
<pin id="111" dir="1" index="0" bw="1" slack="0"/>
</pin_list>
<bind>
<StgValue><ssdm name=""/></StgValue>
</bind>
</comp>

<comp id="112" class="1001" name="const_112">
<pin_list>
<pin id="113" dir="1" index="0" bw="1" slack="0"/>
</pin_list>
<bind>
<StgValue><ssdm name=""/></StgValue>
</bind>
</comp>

<comp id="114" class="1001" name="const_114">
<pin_list>
<pin id="115" dir="1" index="0" bw="1" slack="2147483647"/>
</pin_list>
<bind>
<StgValue><ssdm name="_ssdm_op_SpecLoopTripCount"/></StgValue>
</bind>
</comp>

<comp id="116" class="1001" name="const_116">
<pin_list>
<pin id="117" dir="1" index="0" bw="1" slack="2147483647"/>
</pin_list>
<bind>
<StgValue><ssdm name=""/></StgValue>
</bind>
</comp>

<comp id="118" class="1001" name="const_118">
<pin_list>
<pin id="119" dir="1" index="0" bw="1" slack="2147483647"/>
</pin_list>
<bind>
<StgValue><ssdm name="_ssdm_op_SpecLoopName"/></StgValue>
</bind>
</comp>

<comp id="120" class="1001" name="const_120">
<pin_list>
<pin id="121" dir="1" index="0" bw="1" slack="2147483647"/>
</pin_list>
<bind>
<StgValue><ssdm name="p_str23"/></StgValue>
</bind>
</comp>

<comp id="122" class="1001" name="const_122">
<pin_list>
<pin id="123" dir="1" index="0" bw="1" slack="2147483647"/>
</pin_list>
<bind>
<StgValue><ssdm name="_ssdm_op_SpecPipeline"/></StgValue>
</bind>
</comp>

<comp id="124" class="1001" name="const_124">
<pin_list>
<pin id="125" dir="1" index="0" bw="1" slack="2147483647"/>
</pin_list>
<bind>
<StgValue><ssdm name="p_str24"/></StgValue>
</bind>
</comp>

<comp id="126" class="1001" name="const_126">
<pin_list>
<pin id="127" dir="1" index="0" bw="1" slack="0"/>
</pin_list>
<bind>
<StgValue><ssdm name="_ssdm_op_Write.ap_auto.volatile.i64P"/></StgValue>
</bind>
</comp>

<comp id="128" class="1001" name="const_128">
<pin_list>
<pin id="129" dir="1" index="0" bw="1" slack="0"/>
</pin_list>
<bind>
<StgValue><ssdm name=""/></StgValue>
</bind>
</comp>

<comp id="130" class="1004" name="grp_read_fu_130">
<pin_list>
<pin id="131" dir="0" index="0" bw="1" slack="0"/>
<pin id="132" dir="0" index="1" bw="1" slack="0"/>
<pin id="133" dir="1" index="2" bw="1" slack="0"/>
</pin_list>
<bind>
<opcode="read(1150) " fcode="read"/>
<opset="tmp/2 tmp_10/15 "/>
</bind>
</comp>

<comp id="136" class="1004" name="grp_write_fu_136">
<pin_list>
<pin id="137" dir="0" index="0" bw="0" slack="0"/>
<pin id="138" dir="0" index="1" bw="1" slack="0"/>
<pin id="139" dir="0" index="2" bw="1" slack="0"/>
<pin id="140" dir="1" index="3" bw="0" slack="2147483647"/>
</pin_list>
<bind>
<opcode="write(1151) " fcode="write"/>
<opset="StgValue_49/2 StgValue_124/14 "/>
</bind>
</comp>

<comp id="144" class="1004" name="val_V_3_read_fu_144">
<pin_list>
<pin id="145" dir="0" index="0" bw="64" slack="0"/>
<pin id="146" dir="0" index="1" bw="64" slack="0"/>
<pin id="147" dir="1" index="2" bw="64" slack="6"/>
</pin_list>
<bind>
<opcode="read(1150) " fcode="read"/>
<opset="val_V_3/3 "/>
</bind>
</comp>

<comp id="150" class="1004" name="val_V_4_read_fu_150">
<pin_list>
<pin id="151" dir="0" index="0" bw="64" slack="0"/>
<pin id="152" dir="0" index="1" bw="64" slack="0"/>
<pin id="153" dir="1" index="2" bw="64" slack="3"/>
</pin_list>
<bind>
<opcode="read(1150) " fcode="read"/>
<opset="val_V_4/4 "/>
</bind>
</comp>

<comp id="156" class="1004" name="GenerationGenerator_s_read_fu_156">
<pin_list>
<pin id="157" dir="0" index="0" bw="24" slack="0"/>
<pin id="158" dir="0" index="1" bw="24" slack="0"/>
<pin id="159" dir="1" index="2" bw="24" slack="0"/>
</pin_list>
<bind>
<opcode="read(1150) " fcode="read"/>
<opset="GenerationGenerator_s/5 "/>
</bind>
</comp>

<comp id="162" class="1004" name="grp_write_fu_162">
<pin_list>
<pin id="163" dir="0" index="0" bw="0" slack="0"/>
<pin id="164" dir="0" index="1" bw="24" slack="0"/>
<pin id="165" dir="0" index="2" bw="24" slack="0"/>
<pin id="166" dir="1" index="3" bw="0" slack="2147483647"/>
</pin_list>
<bind>
<opcode="write(1151) " fcode="write"/>
<opset="StgValue_62/5 StgValue_85/8 StgValue_106/10 "/>
</bind>
</comp>

<comp id="169" class="1004" name="val_V_read_fu_169">
<pin_list>
<pin id="170" dir="0" index="0" bw="24" slack="0"/>
<pin id="171" dir="0" index="1" bw="24" slack="0"/>
<pin id="172" dir="1" index="2" bw="24" slack="3"/>
</pin_list>
<bind>
<opcode="read(1150) " fcode="read"/>
<opset="val_V/5 "/>
</bind>
</comp>

<comp id="175" class="1004" name="StgValue_120_write_fu_175">
<pin_list>
<pin id="176" dir="0" index="0" bw="0" slack="0"/>
<pin id="177" dir="0" index="1" bw="64" slack="0"/>
<pin id="178" dir="0" index="2" bw="64" slack="3"/>
<pin id="179" dir="1" index="3" bw="0" slack="2147483647"/>
</pin_list>
<bind>
<opcode="write(1151) " fcode="write"/>
<opset="StgValue_120/12 "/>
</bind>
</comp>

<comp id="182" class="1004" name="StgValue_122_write_fu_182">
<pin_list>
<pin id="183" dir="0" index="0" bw="0" slack="0"/>
<pin id="184" dir="0" index="1" bw="64" slack="0"/>
<pin id="185" dir="0" index="2" bw="64" slack="2"/>
<pin id="186" dir="1" index="3" bw="0" slack="2147483647"/>
</pin_list>
<bind>
<opcode="write(1151) " fcode="write"/>
<opset="StgValue_122/13 "/>
</bind>
</comp>

<comp id="190" class="1004" name="GenerationGenerator_3_gep_fu_190">
<pin_list>
<pin id="191" dir="0" index="0" bw="24" slack="0"/>
<pin id="192" dir="0" index="1" bw="1" slack="0"/>
<pin id="193" dir="0" index="2" bw="24" slack="0"/>
<pin id="194" dir="1" index="3" bw="8" slack="0"/>
</pin_list>
<bind>
<opcode="getelementptr(29) " fcode="getelementptr"/>
<opset="GenerationGenerator_3/7 "/>
</bind>
</comp>

<comp id="197" class="1004" name="grp_access_fu_197">
<pin_list>
<pin id="198" dir="0" index="0" bw="8" slack="0"/>
<pin id="199" dir="0" index="1" bw="24" slack="2147483647"/>
<pin id="200" dir="1" index="2" bw="24" slack="0"/>
</pin_list>
<bind>
<opcode="load(27) " fcode="load"/>
<opset="GenerationGenerator_4/7 GenerationGenerator_7/10 "/>
</bind>
</comp>

<comp id="202" class="1004" name="GenerationGenerator_6_gep_fu_202">
<pin_list>
<pin id="203" dir="0" index="0" bw="24" slack="0"/>
<pin id="204" dir="0" index="1" bw="1" slack="0"/>
<pin id="205" dir="0" index="2" bw="24" slack="0"/>
<pin id="206" dir="1" index="3" bw="8" slack="0"/>
</pin_list>
<bind>
<opcode="getelementptr(29) " fcode="getelementptr"/>
<opset="GenerationGenerator_6/10 "/>
</bind>
</comp>

<comp id="210" class="1005" name="GenerationGenerator_2_reg_210">
<pin_list>
<pin id="211" dir="0" index="0" bw="24" slack="1"/>
<pin id="212" dir="1" index="1" bw="24" slack="1"/>
</pin_list>
<bind>
<opset="GenerationGenerator_2 (phireg) "/>
</bind>
</comp>

<comp id="213" class="1004" name="GenerationGenerator_2_phi_fu_213">
<pin_list>
<pin id="214" dir="0" index="0" bw="24" slack="2"/>
<pin id="215" dir="0" index="1" bw="0" slack="2147483647"/>
<pin id="216" dir="0" index="2" bw="24" slack="1"/>
<pin id="217" dir="0" index="3" bw="0" slack="2147483647"/>
<pin id="218" dir="1" index="4" bw="24" slack="0"/>
</pin_list>
<bind>
<opcode="phi(47) " fcode="phi"/>
<opset="GenerationGenerator_2/7 "/>
</bind>
</comp>

<comp id="220" class="1005" name="v_V_reg_220">
<pin_list>
<pin id="221" dir="0" index="0" bw="64" slack="1"/>
<pin id="222" dir="1" index="1" bw="64" slack="1"/>
</pin_list>
<bind>
<opset="v_V (phireg) "/>
</bind>
</comp>

<comp id="224" class="1004" name="v_V_phi_fu_224">
<pin_list>
<pin id="225" dir="0" index="0" bw="64" slack="3"/>
<pin id="226" dir="0" index="1" bw="0" slack="2147483647"/>
<pin id="227" dir="0" index="2" bw="64" slack="1"/>
<pin id="228" dir="0" index="3" bw="0" slack="2147483647"/>
<pin id="229" dir="1" index="4" bw="64" slack="1"/>
</pin_list>
<bind>
<opcode="phi(47) " fcode="phi"/>
<opset="v_V/7 "/>
</bind>
</comp>

<comp id="231" class="1005" name="j_reg_231">
<pin_list>
<pin id="232" dir="0" index="0" bw="7" slack="1"/>
<pin id="233" dir="1" index="1" bw="7" slack="1"/>
</pin_list>
<bind>
<opset="j (phireg) "/>
</bind>
</comp>

<comp id="235" class="1004" name="j_phi_fu_235">
<pin_list>
<pin id="236" dir="0" index="0" bw="1" slack="1"/>
<pin id="237" dir="0" index="1" bw="0" slack="2147483647"/>
<pin id="238" dir="0" index="2" bw="7" slack="0"/>
<pin id="239" dir="0" index="3" bw="0" slack="2147483647"/>
<pin id="240" dir="1" index="4" bw="7" slack="0"/>
</pin_list>
<bind>
<opcode="phi(47) " fcode="phi"/>
<opset="j/7 "/>
</bind>
</comp>

<comp id="243" class="1005" name="GenerationGenerator_5_reg_243">
<pin_list>
<pin id="244" dir="0" index="0" bw="24" slack="2147483647"/>
<pin id="245" dir="1" index="1" bw="24" slack="2147483647"/>
</pin_list>
<bind>
<opset="GenerationGenerator_5 (phireg) "/>
</bind>
</comp>

<comp id="246" class="1004" name="GenerationGenerator_5_phi_fu_246">
<pin_list>
<pin id="247" dir="0" index="0" bw="24" slack="0"/>
<pin id="248" dir="0" index="1" bw="0" slack="2147483647"/>
<pin id="249" dir="0" index="2" bw="24" slack="2"/>
<pin id="250" dir="0" index="3" bw="0" slack="2147483647"/>
<pin id="251" dir="1" index="4" bw="24" slack="0"/>
</pin_list>
<bind>
<opcode="phi(47) " fcode="phi"/>
<opset="GenerationGenerator_5/10 "/>
</bind>
</comp>

<comp id="253" class="1005" name="v_V_1_reg_253">
<pin_list>
<pin id="254" dir="0" index="0" bw="64" slack="1"/>
<pin id="255" dir="1" index="1" bw="64" slack="1"/>
</pin_list>
<bind>
<opset="v_V_1 (phireg) "/>
</bind>
</comp>

<comp id="257" class="1004" name="v_V_1_phi_fu_257">
<pin_list>
<pin id="258" dir="0" index="0" bw="64" slack="1"/>
<pin id="259" dir="0" index="1" bw="0" slack="2147483647"/>
<pin id="260" dir="0" index="2" bw="64" slack="6"/>
<pin id="261" dir="0" index="3" bw="0" slack="2147483647"/>
<pin id="262" dir="1" index="4" bw="64" slack="1"/>
</pin_list>
<bind>
<opcode="phi(47) " fcode="phi"/>
<opset="v_V_1/10 "/>
</bind>
</comp>

<comp id="264" class="1005" name="j1_reg_264">
<pin_list>
<pin id="265" dir="0" index="0" bw="7" slack="1"/>
<pin id="266" dir="1" index="1" bw="7" slack="1"/>
</pin_list>
<bind>
<opset="j1 (phireg) "/>
</bind>
</comp>

<comp id="268" class="1004" name="j1_phi_fu_268">
<pin_list>
<pin id="269" dir="0" index="0" bw="7" slack="0"/>
<pin id="270" dir="0" index="1" bw="0" slack="2147483647"/>
<pin id="271" dir="0" index="2" bw="1" slack="1"/>
<pin id="272" dir="0" index="3" bw="0" slack="2147483647"/>
<pin id="273" dir="1" index="4" bw="7" slack="0"/>
</pin_list>
<bind>
<opcode="phi(47) " fcode="phi"/>
<opset="j1/10 "/>
</bind>
</comp>

<comp id="276" class="1004" name="grp_fu_276">
<pin_list>
<pin id="277" dir="0" index="0" bw="24" slack="0"/>
<pin id="278" dir="0" index="1" bw="24" slack="3"/>
<pin id="279" dir="1" index="2" bw="1" slack="0"/>
</pin_list>
<bind>
<opcode="icmp(45) " fcode="icmp"/>
<opset="tmp_5/8 tmp_16/11 "/>
</bind>
</comp>

<comp id="281" class="1004" name="StgValue_48_fu_281">
<pin_list>
<pin id="282" dir="0" index="0" bw="0" slack="0"/>
<pin id="283" dir="0" index="1" bw="1" slack="0"/>
<pin id="284" dir="1" index="2" bw="0" slack="2147483647"/>
</pin_list>
<bind>
<opcode="poll(1202) " fcode="poll"/>
<opset="StgValue_48/2 "/>
</bind>
</comp>

<comp id="287" class="1004" name="tmp_2_fu_287">
<pin_list>
<pin id="288" dir="0" index="0" bw="24" slack="0"/>
<pin id="289" dir="0" index="1" bw="6" slack="0"/>
<pin id="290" dir="1" index="2" bw="1" slack="0"/>
</pin_list>
<bind>
<opcode="icmp(45) " fcode="icmp"/>
<opset="tmp_2/5 "/>
</bind>
</comp>

<comp id="293" class="1004" name="tmp_3_fu_293">
<pin_list>
<pin id="294" dir="0" index="0" bw="24" slack="0"/>
<pin id="295" dir="0" index="1" bw="1" slack="0"/>
<pin id="296" dir="1" index="2" bw="24" slack="0"/>
</pin_list>
<bind>
<opcode="add(8) " fcode="add"/>
<opset="tmp_3/5 "/>
</bind>
</comp>

<comp id="299" class="1004" name="storemerge_i_fu_299">
<pin_list>
<pin id="300" dir="0" index="0" bw="1" slack="0"/>
<pin id="301" dir="0" index="1" bw="1" slack="0"/>
<pin id="302" dir="0" index="2" bw="24" slack="0"/>
<pin id="303" dir="1" index="3" bw="24" slack="0"/>
</pin_list>
<bind>
<opcode="select(49) " fcode="select"/>
<opset="storemerge_i/5 "/>
</bind>
</comp>

<comp id="307" class="1004" name="tmp_6_fu_307">
<pin_list>
<pin id="308" dir="0" index="0" bw="24" slack="0"/>
<pin id="309" dir="0" index="1" bw="6" slack="0"/>
<pin id="310" dir="1" index="2" bw="1" slack="0"/>
</pin_list>
<bind>
<opcode="icmp(45) " fcode="icmp"/>
<opset="tmp_6/5 "/>
</bind>
</comp>

<comp id="313" class="1004" name="tmp_7_fu_313">
<pin_list>
<pin id="314" dir="0" index="0" bw="24" slack="0"/>
<pin id="315" dir="0" index="1" bw="1" slack="0"/>
<pin id="316" dir="1" index="2" bw="24" slack="0"/>
</pin_list>
<bind>
<opcode="add(8) " fcode="add"/>
<opset="tmp_7/5 "/>
</bind>
</comp>

<comp id="319" class="1004" name="p_tmp_s_fu_319">
<pin_list>
<pin id="320" dir="0" index="0" bw="1" slack="0"/>
<pin id="321" dir="0" index="1" bw="1" slack="0"/>
<pin id="322" dir="0" index="2" bw="24" slack="0"/>
<pin id="323" dir="1" index="3" bw="24" slack="0"/>
</pin_list>
<bind>
<opcode="select(49) " fcode="select"/>
<opset="p_tmp_s/5 "/>
</bind>
</comp>

<comp id="328" class="1004" name="exitcond1_fu_328">
<pin_list>
<pin id="329" dir="0" index="0" bw="7" slack="0"/>
<pin id="330" dir="0" index="1" bw="7" slack="0"/>
<pin id="331" dir="1" index="2" bw="1" slack="2147483647"/>
</pin_list>
<bind>
<opcode="icmp(45) " fcode="icmp"/>
<opset="exitcond1/7 "/>
</bind>
</comp>

<comp id="334" class="1004" name="j_1_fu_334">
<pin_list>
<pin id="335" dir="0" index="0" bw="7" slack="0"/>
<pin id="336" dir="0" index="1" bw="1" slack="0"/>
<pin id="337" dir="1" index="2" bw="7" slack="0"/>
</pin_list>
<bind>
<opcode="add(8) " fcode="add"/>
<opset="j_1/7 "/>
</bind>
</comp>

<comp id="340" class="1004" name="tmp_9_fu_340">
<pin_list>
<pin id="341" dir="0" index="0" bw="24" slack="0"/>
<pin id="342" dir="1" index="1" bw="32" slack="0"/>
</pin_list>
<bind>
<opcode="zext(34) " fcode="zext"/>
<opset="tmp_9/7 "/>
</bind>
</comp>

<comp id="345" class="1004" name="j_cast2_fu_345">
<pin_list>
<pin id="346" dir="0" index="0" bw="7" slack="1"/>
<pin id="347" dir="1" index="1" bw="32" slack="0"/>
</pin_list>
<bind>
<opcode="zext(34) " fcode="zext"/>
<opset="j_cast2/8 "/>
</bind>
</comp>

<comp id="349" class="1004" name="tmp_s_fu_349">
<pin_list>
<pin id="350" dir="0" index="0" bw="24" slack="1"/>
<pin id="351" dir="0" index="1" bw="6" slack="0"/>
<pin id="352" dir="1" index="2" bw="1" slack="0"/>
</pin_list>
<bind>
<opcode="icmp(45) " fcode="icmp"/>
<opset="tmp_s/8 "/>
</bind>
</comp>

<comp id="355" class="1004" name="tmp_1_fu_355">
<pin_list>
<pin id="356" dir="0" index="0" bw="24" slack="1"/>
<pin id="357" dir="0" index="1" bw="1" slack="0"/>
<pin id="358" dir="1" index="2" bw="24" slack="0"/>
</pin_list>
<bind>
<opcode="add(8) " fcode="add"/>
<opset="tmp_1/8 "/>
</bind>
</comp>

<comp id="361" class="1004" name="p_tmp_1_fu_361">
<pin_list>
<pin id="362" dir="0" index="0" bw="1" slack="0"/>
<pin id="363" dir="0" index="1" bw="1" slack="0"/>
<pin id="364" dir="0" index="2" bw="24" slack="0"/>
<pin id="365" dir="1" index="3" bw="24" slack="0"/>
</pin_list>
<bind>
<opcode="select(49) " fcode="select"/>
<opset="p_tmp_1/8 "/>
</bind>
</comp>

<comp id="370" class="1004" name="op2_assign_fu_370">
<pin_list>
<pin id="371" dir="0" index="0" bw="1" slack="0"/>
<pin id="372" dir="0" index="1" bw="7" slack="0"/>
<pin id="373" dir="1" index="2" bw="32" slack="0"/>
</pin_list>
<bind>
<opcode="shl(20) " fcode="shl"/>
<opset="op2_assign/8 "/>
</bind>
</comp>

<comp id="376" class="1004" name="child1_V_1_fu_376">
<pin_list>
<pin id="377" dir="0" index="0" bw="1" slack="0"/>
<pin id="378" dir="0" index="1" bw="32" slack="0"/>
<pin id="379" dir="0" index="2" bw="1" slack="0"/>
<pin id="380" dir="1" index="3" bw="32" slack="0"/>
</pin_list>
<bind>
<opcode="select(49) " fcode="select"/>
<opset="child1_V_1/8 "/>
</bind>
</comp>

<comp id="384" class="1004" name="child1_V_1_cast_fu_384">
<pin_list>
<pin id="385" dir="0" index="0" bw="32" slack="0"/>
<pin id="386" dir="1" index="1" bw="64" slack="0"/>
</pin_list>
<bind>
<opcode="sext(35) " fcode="sext"/>
<opset="child1_V_1_cast/8 "/>
</bind>
</comp>

<comp id="388" class="1004" name="child1_V_2_fu_388">
<pin_list>
<pin id="389" dir="0" index="0" bw="32" slack="0"/>
<pin id="390" dir="0" index="1" bw="64" slack="1"/>
<pin id="391" dir="1" index="2" bw="64" slack="1"/>
</pin_list>
<bind>
<opcode="xor(25) " fcode="xor"/>
<opset="child1_V_2/8 "/>
</bind>
</comp>

<comp id="394" class="1004" name="exitcond_fu_394">
<pin_list>
<pin id="395" dir="0" index="0" bw="7" slack="0"/>
<pin id="396" dir="0" index="1" bw="7" slack="0"/>
<pin id="397" dir="1" index="2" bw="1" slack="2147483647"/>
</pin_list>
<bind>
<opcode="icmp(45) " fcode="icmp"/>
<opset="exitcond/10 "/>
</bind>
</comp>

<comp id="400" class="1004" name="j_2_fu_400">
<pin_list>
<pin id="401" dir="0" index="0" bw="7" slack="0"/>
<pin id="402" dir="0" index="1" bw="1" slack="0"/>
<pin id="403" dir="1" index="2" bw="7" slack="0"/>
</pin_list>
<bind>
<opcode="add(8) " fcode="add"/>
<opset="j_2/10 "/>
</bind>
</comp>

<comp id="406" class="1004" name="tmp_13_fu_406">
<pin_list>
<pin id="407" dir="0" index="0" bw="24" slack="0"/>
<pin id="408" dir="1" index="1" bw="32" slack="0"/>
</pin_list>
<bind>
<opcode="zext(34) " fcode="zext"/>
<opset="tmp_13/10 "/>
</bind>
</comp>

<comp id="411" class="1004" name="tmp_14_fu_411">
<pin_list>
<pin id="412" dir="0" index="0" bw="24" slack="0"/>
<pin id="413" dir="0" index="1" bw="6" slack="0"/>
<pin id="414" dir="1" index="2" bw="1" slack="0"/>
</pin_list>
<bind>
<opcode="icmp(45) " fcode="icmp"/>
<opset="tmp_14/10 "/>
</bind>
</comp>

<comp id="417" class="1004" name="tmp_15_fu_417">
<pin_list>
<pin id="418" dir="0" index="0" bw="24" slack="0"/>
<pin id="419" dir="0" index="1" bw="1" slack="0"/>
<pin id="420" dir="1" index="2" bw="24" slack="0"/>
</pin_list>
<bind>
<opcode="add(8) " fcode="add"/>
<opset="tmp_15/10 "/>
</bind>
</comp>

<comp id="423" class="1004" name="p_tmp_2_fu_423">
<pin_list>
<pin id="424" dir="0" index="0" bw="1" slack="0"/>
<pin id="425" dir="0" index="1" bw="1" slack="0"/>
<pin id="426" dir="0" index="2" bw="24" slack="0"/>
<pin id="427" dir="1" index="3" bw="24" slack="0"/>
</pin_list>
<bind>
<opcode="select(49) " fcode="select"/>
<opset="p_tmp_2/10 "/>
</bind>
</comp>

<comp id="432" class="1004" name="j1_cast1_fu_432">
<pin_list>
<pin id="433" dir="0" index="0" bw="7" slack="1"/>
<pin id="434" dir="1" index="1" bw="32" slack="0"/>
</pin_list>
<bind>
<opcode="zext(34) " fcode="zext"/>
<opset="j1_cast1/11 "/>
</bind>
</comp>

<comp id="436" class="1004" name="op2_assign_1_fu_436">
<pin_list>
<pin id="437" dir="0" index="0" bw="1" slack="0"/>
<pin id="438" dir="0" index="1" bw="7" slack="0"/>
<pin id="439" dir="1" index="2" bw="32" slack="0"/>
</pin_list>
<bind>
<opcode="shl(20) " fcode="shl"/>
<opset="op2_assign_1/11 "/>
</bind>
</comp>

<comp id="442" class="1004" name="child2_V_1_fu_442">
<pin_list>
<pin id="443" dir="0" index="0" bw="1" slack="0"/>
<pin id="444" dir="0" index="1" bw="32" slack="0"/>
<pin id="445" dir="0" index="2" bw="1" slack="0"/>
<pin id="446" dir="1" index="3" bw="32" slack="0"/>
</pin_list>
<bind>
<opcode="select(49) " fcode="select"/>
<opset="child2_V_1/11 "/>
</bind>
</comp>

<comp id="450" class="1004" name="child2_V_1_cast_fu_450">
<pin_list>
<pin id="451" dir="0" index="0" bw="32" slack="0"/>
<pin id="452" dir="1" index="1" bw="64" slack="0"/>
</pin_list>
<bind>
<opcode="sext(35) " fcode="sext"/>
<opset="child2_V_1_cast/11 "/>
</bind>
</comp>

<comp id="454" class="1004" name="child2_V_2_fu_454">
<pin_list>
<pin id="455" dir="0" index="0" bw="32" slack="0"/>
<pin id="456" dir="0" index="1" bw="64" slack="1"/>
<pin id="457" dir="1" index="2" bw="64" slack="1"/>
</pin_list>
<bind>
<opcode="xor(25) " fcode="xor"/>
<opset="child2_V_2/11 "/>
</bind>
</comp>

<comp id="460" class="1004" name="tmp_11_fu_460">
<pin_list>
<pin id="461" dir="0" index="0" bw="1" slack="0"/>
<pin id="462" dir="0" index="1" bw="1" slack="0"/>
<pin id="463" dir="1" index="2" bw="1" slack="0"/>
</pin_list>
<bind>
<opcode="xor(25) " fcode="xor"/>
<opset="tmp_11/15 "/>
</bind>
</comp>

<comp id="466" class="1004" name="StgValue_128_fu_466">
<pin_list>
<pin id="467" dir="0" index="0" bw="0" slack="0"/>
<pin id="468" dir="0" index="1" bw="1" slack="0"/>
<pin id="469" dir="1" index="2" bw="0" slack="2147483647"/>
</pin_list>
<bind>
<opcode="poll(1202) " fcode="poll"/>
<opset="StgValue_128/15 "/>
</bind>
</comp>

<comp id="472" class="1005" name="val_V_3_reg_472">
<pin_list>
<pin id="473" dir="0" index="0" bw="64" slack="6"/>
<pin id="474" dir="1" index="1" bw="64" slack="6"/>
</pin_list>
<bind>
<opset="val_V_3 "/>
</bind>
</comp>

<comp id="477" class="1005" name="val_V_4_reg_477">
<pin_list>
<pin id="478" dir="0" index="0" bw="64" slack="3"/>
<pin id="479" dir="1" index="1" bw="64" slack="3"/>
</pin_list>
<bind>
<opset="val_V_4 "/>
</bind>
</comp>

<comp id="482" class="1005" name="p_tmp_s_reg_482">
<pin_list>
<pin id="483" dir="0" index="0" bw="24" slack="2"/>
<pin id="484" dir="1" index="1" bw="24" slack="2"/>
</pin_list>
<bind>
<opset="p_tmp_s "/>
</bind>
</comp>

<comp id="487" class="1005" name="val_V_reg_487">
<pin_list>
<pin id="488" dir="0" index="0" bw="24" slack="3"/>
<pin id="489" dir="1" index="1" bw="24" slack="3"/>
</pin_list>
<bind>
<opset="val_V "/>
</bind>
</comp>

<comp id="495" class="1005" name="j_1_reg_495">
<pin_list>
<pin id="496" dir="0" index="0" bw="7" slack="0"/>
<pin id="497" dir="1" index="1" bw="7" slack="0"/>
</pin_list>
<bind>
<opset="j_1 "/>
</bind>
</comp>

<comp id="500" class="1005" name="GenerationGenerator_3_reg_500">
<pin_list>
<pin id="501" dir="0" index="0" bw="8" slack="1"/>
<pin id="502" dir="1" index="1" bw="8" slack="1"/>
</pin_list>
<bind>
<opset="GenerationGenerator_3 "/>
</bind>
</comp>

<comp id="505" class="1005" name="p_tmp_1_reg_505">
<pin_list>
<pin id="506" dir="0" index="0" bw="24" slack="1"/>
<pin id="507" dir="1" index="1" bw="24" slack="1"/>
</pin_list>
<bind>
<opset="p_tmp_1 "/>
</bind>
</comp>

<comp id="510" class="1005" name="child1_V_2_reg_510">
<pin_list>
<pin id="511" dir="0" index="0" bw="64" slack="1"/>
<pin id="512" dir="1" index="1" bw="64" slack="1"/>
</pin_list>
<bind>
<opset="child1_V_2 "/>
</bind>
</comp>

<comp id="518" class="1005" name="j_2_reg_518">
<pin_list>
<pin id="519" dir="0" index="0" bw="7" slack="0"/>
<pin id="520" dir="1" index="1" bw="7" slack="0"/>
</pin_list>
<bind>
<opset="j_2 "/>
</bind>
</comp>

<comp id="523" class="1005" name="GenerationGenerator_6_reg_523">
<pin_list>
<pin id="524" dir="0" index="0" bw="8" slack="1"/>
<pin id="525" dir="1" index="1" bw="8" slack="1"/>
</pin_list>
<bind>
<opset="GenerationGenerator_6 "/>
</bind>
</comp>

<comp id="528" class="1005" name="p_tmp_2_reg_528">
<pin_list>
<pin id="529" dir="0" index="0" bw="24" slack="0"/>
<pin id="530" dir="1" index="1" bw="24" slack="0"/>
</pin_list>
<bind>
<opset="p_tmp_2 "/>
</bind>
</comp>

<comp id="533" class="1005" name="child2_V_2_reg_533">
<pin_list>
<pin id="534" dir="0" index="0" bw="64" slack="1"/>
<pin id="535" dir="1" index="1" bw="64" slack="1"/>
</pin_list>
<bind>
<opset="child2_V_2 "/>
</bind>
</comp>

</comp_list>

<net_list>
<net id="134"><net_src comp="84" pin="0"/><net_sink comp="130" pin=0"/></net>

<net id="135"><net_src comp="4" pin="0"/><net_sink comp="130" pin=1"/></net>

<net id="141"><net_src comp="88" pin="0"/><net_sink comp="136" pin=0"/></net>

<net id="142"><net_src comp="6" pin="0"/><net_sink comp="136" pin=1"/></net>

<net id="143"><net_src comp="90" pin="0"/><net_sink comp="136" pin=2"/></net>

<net id="148"><net_src comp="92" pin="0"/><net_sink comp="144" pin=0"/></net>

<net id="149"><net_src comp="8" pin="0"/><net_sink comp="144" pin=1"/></net>

<net id="154"><net_src comp="92" pin="0"/><net_sink comp="150" pin=0"/></net>

<net id="155"><net_src comp="10" pin="0"/><net_sink comp="150" pin=1"/></net>

<net id="160"><net_src comp="94" pin="0"/><net_sink comp="156" pin=0"/></net>

<net id="161"><net_src comp="22" pin="0"/><net_sink comp="156" pin=1"/></net>

<net id="167"><net_src comp="102" pin="0"/><net_sink comp="162" pin=0"/></net>

<net id="168"><net_src comp="22" pin="0"/><net_sink comp="162" pin=1"/></net>

<net id="173"><net_src comp="104" pin="0"/><net_sink comp="169" pin=0"/></net>

<net id="174"><net_src comp="16" pin="0"/><net_sink comp="169" pin=1"/></net>

<net id="180"><net_src comp="126" pin="0"/><net_sink comp="175" pin=0"/></net>

<net id="181"><net_src comp="12" pin="0"/><net_sink comp="175" pin=1"/></net>

<net id="187"><net_src comp="126" pin="0"/><net_sink comp="182" pin=0"/></net>

<net id="188"><net_src comp="14" pin="0"/><net_sink comp="182" pin=1"/></net>

<net id="189"><net_src comp="128" pin="0"/><net_sink comp="136" pin=2"/></net>

<net id="195"><net_src comp="24" pin="0"/><net_sink comp="190" pin=0"/></net>

<net id="196"><net_src comp="32" pin="0"/><net_sink comp="190" pin=1"/></net>

<net id="201"><net_src comp="190" pin="3"/><net_sink comp="197" pin=0"/></net>

<net id="207"><net_src comp="24" pin="0"/><net_sink comp="202" pin=0"/></net>

<net id="208"><net_src comp="32" pin="0"/><net_sink comp="202" pin=1"/></net>

<net id="209"><net_src comp="202" pin="3"/><net_sink comp="197" pin=0"/></net>

<net id="219"><net_src comp="213" pin="4"/><net_sink comp="210" pin=0"/></net>

<net id="223"><net_src comp="220" pin="1"/><net_sink comp="175" pin=2"/></net>

<net id="230"><net_src comp="224" pin="4"/><net_sink comp="220" pin=0"/></net>

<net id="234"><net_src comp="108" pin="0"/><net_sink comp="231" pin=0"/></net>

<net id="241"><net_src comp="231" pin="1"/><net_sink comp="235" pin=0"/></net>

<net id="242"><net_src comp="235" pin="4"/><net_sink comp="231" pin=0"/></net>

<net id="252"><net_src comp="210" pin="1"/><net_sink comp="246" pin=2"/></net>

<net id="256"><net_src comp="253" pin="1"/><net_sink comp="182" pin=2"/></net>

<net id="263"><net_src comp="257" pin="4"/><net_sink comp="253" pin=0"/></net>

<net id="267"><net_src comp="108" pin="0"/><net_sink comp="264" pin=0"/></net>

<net id="274"><net_src comp="264" pin="1"/><net_sink comp="268" pin=2"/></net>

<net id="275"><net_src comp="268" pin="4"/><net_sink comp="264" pin=0"/></net>

<net id="280"><net_src comp="197" pin="2"/><net_sink comp="276" pin=0"/></net>

<net id="285"><net_src comp="86" pin="0"/><net_sink comp="281" pin=0"/></net>

<net id="286"><net_src comp="130" pin="2"/><net_sink comp="281" pin=1"/></net>

<net id="291"><net_src comp="156" pin="2"/><net_sink comp="287" pin=0"/></net>

<net id="292"><net_src comp="96" pin="0"/><net_sink comp="287" pin=1"/></net>

<net id="297"><net_src comp="156" pin="2"/><net_sink comp="293" pin=0"/></net>

<net id="298"><net_src comp="98" pin="0"/><net_sink comp="293" pin=1"/></net>

<net id="304"><net_src comp="287" pin="2"/><net_sink comp="299" pin=0"/></net>

<net id="305"><net_src comp="100" pin="0"/><net_sink comp="299" pin=1"/></net>

<net id="306"><net_src comp="293" pin="2"/><net_sink comp="299" pin=2"/></net>

<net id="311"><net_src comp="299" pin="3"/><net_sink comp="307" pin=0"/></net>

<net id="312"><net_src comp="96" pin="0"/><net_sink comp="307" pin=1"/></net>

<net id="317"><net_src comp="299" pin="3"/><net_sink comp="313" pin=0"/></net>

<net id="318"><net_src comp="98" pin="0"/><net_sink comp="313" pin=1"/></net>

<net id="324"><net_src comp="307" pin="2"/><net_sink comp="319" pin=0"/></net>

<net id="325"><net_src comp="100" pin="0"/><net_sink comp="319" pin=1"/></net>

<net id="326"><net_src comp="313" pin="2"/><net_sink comp="319" pin=2"/></net>

<net id="327"><net_src comp="319" pin="3"/><net_sink comp="162" pin=2"/></net>

<net id="332"><net_src comp="235" pin="4"/><net_sink comp="328" pin=0"/></net>

<net id="333"><net_src comp="110" pin="0"/><net_sink comp="328" pin=1"/></net>

<net id="338"><net_src comp="235" pin="4"/><net_sink comp="334" pin=0"/></net>

<net id="339"><net_src comp="112" pin="0"/><net_sink comp="334" pin=1"/></net>

<net id="343"><net_src comp="213" pin="4"/><net_sink comp="340" pin=0"/></net>

<net id="344"><net_src comp="340" pin="1"/><net_sink comp="190" pin=2"/></net>

<net id="348"><net_src comp="231" pin="1"/><net_sink comp="345" pin=0"/></net>

<net id="353"><net_src comp="210" pin="1"/><net_sink comp="349" pin=0"/></net>

<net id="354"><net_src comp="96" pin="0"/><net_sink comp="349" pin=1"/></net>

<net id="359"><net_src comp="210" pin="1"/><net_sink comp="355" pin=0"/></net>

<net id="360"><net_src comp="98" pin="0"/><net_sink comp="355" pin=1"/></net>

<net id="366"><net_src comp="349" pin="2"/><net_sink comp="361" pin=0"/></net>

<net id="367"><net_src comp="100" pin="0"/><net_sink comp="361" pin=1"/></net>

<net id="368"><net_src comp="355" pin="2"/><net_sink comp="361" pin=2"/></net>

<net id="369"><net_src comp="361" pin="3"/><net_sink comp="162" pin=2"/></net>

<net id="374"><net_src comp="42" pin="0"/><net_sink comp="370" pin=0"/></net>

<net id="375"><net_src comp="345" pin="1"/><net_sink comp="370" pin=1"/></net>

<net id="381"><net_src comp="276" pin="2"/><net_sink comp="376" pin=0"/></net>

<net id="382"><net_src comp="370" pin="2"/><net_sink comp="376" pin=1"/></net>

<net id="383"><net_src comp="32" pin="0"/><net_sink comp="376" pin=2"/></net>

<net id="387"><net_src comp="376" pin="3"/><net_sink comp="384" pin=0"/></net>

<net id="392"><net_src comp="384" pin="1"/><net_sink comp="388" pin=0"/></net>

<net id="393"><net_src comp="220" pin="1"/><net_sink comp="388" pin=1"/></net>

<net id="398"><net_src comp="268" pin="4"/><net_sink comp="394" pin=0"/></net>

<net id="399"><net_src comp="110" pin="0"/><net_sink comp="394" pin=1"/></net>

<net id="404"><net_src comp="268" pin="4"/><net_sink comp="400" pin=0"/></net>

<net id="405"><net_src comp="112" pin="0"/><net_sink comp="400" pin=1"/></net>

<net id="409"><net_src comp="246" pin="4"/><net_sink comp="406" pin=0"/></net>

<net id="410"><net_src comp="406" pin="1"/><net_sink comp="202" pin=2"/></net>

<net id="415"><net_src comp="246" pin="4"/><net_sink comp="411" pin=0"/></net>

<net id="416"><net_src comp="96" pin="0"/><net_sink comp="411" pin=1"/></net>

<net id="421"><net_src comp="246" pin="4"/><net_sink comp="417" pin=0"/></net>

<net id="422"><net_src comp="98" pin="0"/><net_sink comp="417" pin=1"/></net>

<net id="428"><net_src comp="411" pin="2"/><net_sink comp="423" pin=0"/></net>

<net id="429"><net_src comp="100" pin="0"/><net_sink comp="423" pin=1"/></net>

<net id="430"><net_src comp="417" pin="2"/><net_sink comp="423" pin=2"/></net>

<net id="431"><net_src comp="423" pin="3"/><net_sink comp="162" pin=2"/></net>

<net id="435"><net_src comp="264" pin="1"/><net_sink comp="432" pin=0"/></net>

<net id="440"><net_src comp="42" pin="0"/><net_sink comp="436" pin=0"/></net>

<net id="441"><net_src comp="432" pin="1"/><net_sink comp="436" pin=1"/></net>

<net id="447"><net_src comp="276" pin="2"/><net_sink comp="442" pin=0"/></net>

<net id="448"><net_src comp="436" pin="2"/><net_sink comp="442" pin=1"/></net>

<net id="449"><net_src comp="32" pin="0"/><net_sink comp="442" pin=2"/></net>

<net id="453"><net_src comp="442" pin="3"/><net_sink comp="450" pin=0"/></net>

<net id="458"><net_src comp="450" pin="1"/><net_sink comp="454" pin=0"/></net>

<net id="459"><net_src comp="253" pin="1"/><net_sink comp="454" pin=1"/></net>

<net id="464"><net_src comp="130" pin="2"/><net_sink comp="460" pin=0"/></net>

<net id="465"><net_src comp="128" pin="0"/><net_sink comp="460" pin=1"/></net>

<net id="470"><net_src comp="86" pin="0"/><net_sink comp="466" pin=0"/></net>

<net id="471"><net_src comp="460" pin="2"/><net_sink comp="466" pin=1"/></net>

<net id="475"><net_src comp="144" pin="2"/><net_sink comp="472" pin=0"/></net>

<net id="476"><net_src comp="472" pin="1"/><net_sink comp="257" pin=2"/></net>

<net id="480"><net_src comp="150" pin="2"/><net_sink comp="477" pin=0"/></net>

<net id="481"><net_src comp="477" pin="1"/><net_sink comp="224" pin=0"/></net>

<net id="485"><net_src comp="319" pin="3"/><net_sink comp="482" pin=0"/></net>

<net id="486"><net_src comp="482" pin="1"/><net_sink comp="213" pin=0"/></net>

<net id="490"><net_src comp="169" pin="2"/><net_sink comp="487" pin=0"/></net>

<net id="491"><net_src comp="487" pin="1"/><net_sink comp="276" pin=1"/></net>

<net id="498"><net_src comp="334" pin="2"/><net_sink comp="495" pin=0"/></net>

<net id="499"><net_src comp="495" pin="1"/><net_sink comp="235" pin=2"/></net>

<net id="503"><net_src comp="190" pin="3"/><net_sink comp="500" pin=0"/></net>

<net id="504"><net_src comp="500" pin="1"/><net_sink comp="197" pin=0"/></net>

<net id="508"><net_src comp="361" pin="3"/><net_sink comp="505" pin=0"/></net>

<net id="509"><net_src comp="505" pin="1"/><net_sink comp="213" pin=2"/></net>

<net id="513"><net_src comp="388" pin="2"/><net_sink comp="510" pin=0"/></net>

<net id="514"><net_src comp="510" pin="1"/><net_sink comp="224" pin=2"/></net>

<net id="521"><net_src comp="400" pin="2"/><net_sink comp="518" pin=0"/></net>

<net id="522"><net_src comp="518" pin="1"/><net_sink comp="268" pin=0"/></net>

<net id="526"><net_src comp="202" pin="3"/><net_sink comp="523" pin=0"/></net>

<net id="527"><net_src comp="523" pin="1"/><net_sink comp="197" pin=0"/></net>

<net id="531"><net_src comp="423" pin="3"/><net_sink comp="528" pin=0"/></net>

<net id="532"><net_src comp="528" pin="1"/><net_sink comp="246" pin=0"/></net>

<net id="536"><net_src comp="454" pin="2"/><net_sink comp="533" pin=0"/></net>

<net id="537"><net_src comp="533" pin="1"/><net_sink comp="257" pin=0"/></net>

</net_list>

</model> 
---------------- Datapath Model END ------------------

* FSMD analyzer results:
  - Output states:
	Port: generatingDone | {2 14 }
	Port: generation_child1 | {12 }
	Port: generation_child2 | {13 }
	Port: GenerationGenerator_trueRandomIndex_V | {5 8 10 }
 - Input state : 
	Port: GenerationGenerator::generateGeneration : startGenerating | {2 15 }
	Port: GenerationGenerator::generateGeneration : generation_parent1 | {3 }
	Port: GenerationGenerator::generateGeneration : generation_parent2 | {4 }
	Port: GenerationGenerator::generateGeneration : mutation_probability | {5 }
	Port: GenerationGenerator::generateGeneration : GenerationGenerator_trueRandomIndex_V | {5 }
	Port: GenerationGenerator::generateGeneration : GenerationGenerator_randomNumbers_V | {7 8 10 11 }
  - Chain level:
	State 1
		empty : 1
		empty_3 : 1
	State 2
	State 3
	State 4
	State 5
		storemerge_i : 1
		tmp_6 : 2
		tmp_7 : 2
		p_tmp_s : 3
		StgValue_62 : 4
	State 6
	State 7
		exitcond1 : 1
		j_1 : 1
		StgValue_72 : 2
		tmp_9 : 1
		GenerationGenerator_3 : 2
		GenerationGenerator_4 : 3
	State 8
		p_tmp_1 : 1
		StgValue_85 : 2
		tmp_5 : 1
		op2_assign : 1
		child1_V_1 : 2
		child1_V_1_cast : 3
		child1_V_2 : 4
		empty_5 : 1
	State 9
	State 10
		exitcond : 1
		j_2 : 1
		StgValue_99 : 2
		tmp_13 : 1
		GenerationGenerator_6 : 2
		GenerationGenerator_7 : 3
		tmp_14 : 1
		tmp_15 : 1
		p_tmp_2 : 2
		StgValue_106 : 3
	State 11
		tmp_16 : 1
		op2_assign_1 : 1
		child2_V_1 : 2
		child2_V_1_cast : 3
		child2_V_2 : 4
		empty_7 : 1
	State 12
	State 13
	State 14
	State 15


============================================================
+ Verbose Summary: Datapath Resource usage 
============================================================

* Functional unit list:
|----------|-----------------------------------|---------|---------|
| Operation|          Functional Unit          |    FF   |   LUT   |
|----------|-----------------------------------|---------|---------|
|          |            tmp_3_fu_293           |    77   |    29   |
|          |            tmp_7_fu_313           |    77   |    29   |
|    add   |             j_1_fu_334            |    26   |    12   |
|          |            tmp_1_fu_355           |    77   |    29   |
|          |             j_2_fu_400            |    26   |    12   |
|          |           tmp_15_fu_417           |    77   |    29   |
|----------|-----------------------------------|---------|---------|
|          |        storemerge_i_fu_299        |    0    |    24   |
|          |           p_tmp_s_fu_319          |    0    |    24   |
|  select  |           p_tmp_1_fu_361          |    0    |    24   |
|          |         child1_V_1_fu_376         |    0    |    32   |
|          |           p_tmp_2_fu_423          |    0    |    24   |
|          |         child2_V_1_fu_442         |    0    |    32   |
|----------|-----------------------------------|---------|---------|
|          |         child1_V_2_fu_388         |    0    |    64   |
|    xor   |         child2_V_2_fu_454         |    0    |    64   |
|          |           tmp_11_fu_460           |    0    |    2    |
|----------|-----------------------------------|---------|---------|
|    shl   |         op2_assign_fu_370         |    24   |    17   |
|          |        op2_assign_1_fu_436        |    24   |    17   |
|----------|-----------------------------------|---------|---------|
|          |             grp_fu_276            |    0    |    13   |
|          |            tmp_2_fu_287           |    0    |    13   |
|          |            tmp_6_fu_307           |    0    |    13   |
|   icmp   |          exitcond1_fu_328         |    0    |    4    |
|          |            tmp_s_fu_349           |    0    |    13   |
|          |          exitcond_fu_394          |    0    |    4    |
|          |           tmp_14_fu_411           |    0    |    13   |
|----------|-----------------------------------|---------|---------|
|          |          grp_read_fu_130          |    0    |    0    |
|          |        val_V_3_read_fu_144        |    0    |    0    |
|   read   |        val_V_4_read_fu_150        |    0    |    0    |
|          | GenerationGenerator_s_read_fu_156 |    0    |    0    |
|          |         val_V_read_fu_169         |    0    |    0    |
|----------|-----------------------------------|---------|---------|
|          |          grp_write_fu_136         |    0    |    0    |
|   write  |          grp_write_fu_162         |    0    |    0    |
|          |     StgValue_120_write_fu_175     |    0    |    0    |
|          |     StgValue_122_write_fu_182     |    0    |    0    |
|----------|-----------------------------------|---------|---------|
|   poll   |         StgValue_48_fu_281        |    0    |    0    |
|          |        StgValue_128_fu_466        |    0    |    0    |
|----------|-----------------------------------|---------|---------|
|          |            tmp_9_fu_340           |    0    |    0    |
|   zext   |           j_cast2_fu_345          |    0    |    0    |
|          |           tmp_13_fu_406           |    0    |    0    |
|          |          j1_cast1_fu_432          |    0    |    0    |
|----------|-----------------------------------|---------|---------|
|   sext   |       child1_V_1_cast_fu_384      |    0    |    0    |
|          |       child2_V_1_cast_fu_450      |    0    |    0    |
|----------|-----------------------------------|---------|---------|
|   Total  |                                   |   408   |   537   |
|----------|-----------------------------------|---------|---------|

Memories:
N/A

* Register list:
+-----------------------------+--------+
|                             |   FF   |
+-----------------------------+--------+
|GenerationGenerator_2_reg_210|   24   |
|GenerationGenerator_3_reg_500|    8   |
|GenerationGenerator_5_reg_243|   24   |
|GenerationGenerator_6_reg_523|    8   |
|      child1_V_2_reg_510     |   64   |
|      child2_V_2_reg_533     |   64   |
|          j1_reg_264         |    7   |
|         j_1_reg_495         |    7   |
|         j_2_reg_518         |    7   |
|          j_reg_231          |    7   |
|       p_tmp_1_reg_505       |   24   |
|       p_tmp_2_reg_528       |   24   |
|       p_tmp_s_reg_482       |   24   |
|        v_V_1_reg_253        |   64   |
|         v_V_reg_220         |   64   |
|       val_V_3_reg_472       |   64   |
|       val_V_4_reg_477       |   64   |
|        val_V_reg_487        |   24   |
+-----------------------------+--------+
|            Total            |   572  |
+-----------------------------+--------+

* Multiplexer (MUX) list: 
|-------------------|------|------|------|--------||---------||---------|
|        Comp       |  Pin | Size |  BW  | S x BW ||  Delay  ||   LUT   |
|-------------------|------|------|------|--------||---------||---------|
|  grp_write_fu_136 |  p2  |   2  |   1  |    2   |
|  grp_write_fu_162 |  p2  |   3  |  24  |   72   ||    15   |
| grp_access_fu_197 |  p0  |   4  |   8  |   32   ||    21   |
|     j_reg_231     |  p0  |   2  |   7  |   14   ||    9    |
|     j1_reg_264    |  p0  |   2  |   7  |   14   ||    9    |
|-------------------|------|------|------|--------||---------||---------|
|       Total       |      |      |      |   134  ||  8.495  ||    54   |
|-------------------|------|------|------|--------||---------||---------|



* Summary:
+-----------+--------+--------+--------+
|           |  Delay |   FF   |   LUT  |
+-----------+--------+--------+--------+
|  Function |    -   |   408  |   537  |
|   Memory  |    -   |    -   |    -   |
|Multiplexer|    8   |    -   |   54   |
|  Register |    -   |   572  |    -   |
+-----------+--------+--------+--------+
|   Total   |    8   |   980  |   591  |
+-----------+--------+--------+--------+
