

================================================================
== Vivado HLS Report for 'GenerationGenerator_produceRandom'
================================================================
* Date:           Thu Dec 20 15:06:56 2018

* Version:        2018.3 (Build 2405991 on Thu Dec 06 23:56:15 MST 2018)
* Project:        GeneticAlgoHls
* Solution:       solution1
* Product family: zynq
* Target device:  xc7z010clg400-1


================================================================
== Performance Estimates
================================================================
+ Timing (ns): 
    * Summary: 
    +--------+-------+----------+------------+
    |  Clock | Target| Estimated| Uncertainty|
    +--------+-------+----------+------------+
    |ap_clk  |  20.00|     3.254|        2.50|
    +--------+-------+----------+------------+

+ Latency (clock cycles): 
    * Summary: 
    +-----+-----+-----+-----+---------+
    |  Latency  |  Interval | Pipeline|
    | min | max | min | max |   Type  |
    +-----+-----+-----+-----+---------+
    |    3|    3|    3|    3|   none  |
    +-----+-----+-----+-----+---------+

    + Detail: 
        * Instance: 
        N/A

        * Loop: 
        +----------+-----+-----+----------+-----------+-----------+------+----------+
        |          |  Latency  | Iteration|  Initiation Interval  | Trip |          |
        | Loop Name| min | max |  Latency |  achieved |   target  | Count| Pipelined|
        +----------+-----+-----+----------+-----------+-----------+------+----------+
        |- Loop 1  |    2|    2|         2|          -|          -|  inf |    no    |
        +----------+-----+-----+----------+-----------+-----------+------+----------+



================================================================
== Utilization Estimates
================================================================
* Summary: 
+-----------------+---------+-------+-------+-------+
|       Name      | BRAM_18K| DSP48E|   FF  |  LUT  |
+-----------------+---------+-------+-------+-------+
|DSP              |        -|      -|      -|      -|
|Expression       |        -|      -|      0|     73|
|FIFO             |        -|      -|      -|      -|
|Instance         |        -|      -|      -|      -|
|Memory           |        -|      -|      -|      -|
|Multiplexer      |        -|      -|      -|     15|
|Register         |        -|      -|     27|      -|
+-----------------+---------+-------+-------+-------+
|Total            |        0|      0|     27|     88|
+-----------------+---------+-------+-------+-------+
|Available        |      120|     80|  35200|  17600|
+-----------------+---------+-------+-------+-------+
|Utilization (%)  |        0|      0|   ~0  |   ~0  |
+-----------------+---------+-------+-------+-------+

+ Detail: 
    * Instance: 
    N/A

    * DSP48: 
    N/A

    * Memory: 
    N/A

    * FIFO: 
    N/A

    * Expression: 
    +-------------------------------------------+----------+-------+---+----+------------+------------+
    |               Variable Name               | Operation| DSP48E| FF| LUT| Bitwidth P0| Bitwidth P1|
    +-------------------------------------------+----------+-------+---+----+------------+------------+
    |tmp_2_fu_141_p2                            |     +    |      0|  0|  31|          24|           1|
    |tmp_1_fu_135_p2                            |   icmp   |      0|  0|  18|          24|           5|
    |GenerationGenerator_randomNumberIndex_V_o  |  select  |      0|  0|  24|           1|           1|
    +-------------------------------------------+----------+-------+---+----+------------+------------+
    |Total                                      |          |      0|  0|  73|          49|           7|
    +-------------------------------------------+----------+-------+---+----+------------+------------+

    * Multiplexer: 
    +-----------+----+-----------+-----+-----------+
    |    Name   | LUT| Input Size| Bits| Total Bits|
    +-----------+----+-----------+-----+-----------+
    |ap_NS_fsm  |  15|          3|    1|          3|
    +-----------+----+-----------+-----+-----------+
    |Total      |  15|          3|    1|          3|
    +-----------+----+-----------+-----+-----------+

    * Register: 
    +---------------+----+----+-----+-----------+
    |      Name     | FF | LUT| Bits| Const Bits|
    +---------------+----+----+-----+-----------+
    |ap_CS_fsm      |   3|   0|    3|          0|
    |val_V_reg_156  |  24|   0|   24|          0|
    +---------------+----+----+-----+-----------+
    |Total          |  27|   0|   27|          0|
    +---------------+----+----+-----+-----------+



================================================================
== Interface
================================================================
* Summary: 
+--------------------------------------------------+-----+-----+------------+-----------------------------------------+--------------+
|                     RTL Ports                    | Dir | Bits|  Protocol  |              Source Object              |    C Type    |
+--------------------------------------------------+-----+-----+------------+-----------------------------------------+--------------+
|ap_clk                                            |  in |    1| ap_ctrl_hs |    GenerationGenerator::produceRandom   | return value |
|ap_rst                                            |  in |    1| ap_ctrl_hs |    GenerationGenerator::produceRandom   | return value |
|random                                            |  in |   24|   ap_none  |                  random                 |    pointer   |
|GenerationGenerator_randomNumberIndex_V_i         |  in |   24|   ap_ovld  | GenerationGenerator_randomNumberIndex_V |    pointer   |
|GenerationGenerator_randomNumberIndex_V_o         | out |   24|   ap_ovld  | GenerationGenerator_randomNumberIndex_V |    pointer   |
|GenerationGenerator_randomNumberIndex_V_o_ap_vld  | out |    1|   ap_ovld  | GenerationGenerator_randomNumberIndex_V |    pointer   |
|GenerationGenerator_randomNumbers_V_address0      | out |    8|  ap_memory |   GenerationGenerator_randomNumbers_V   |     array    |
|GenerationGenerator_randomNumbers_V_ce0           | out |    1|  ap_memory |   GenerationGenerator_randomNumbers_V   |     array    |
|GenerationGenerator_randomNumbers_V_we0           | out |    1|  ap_memory |   GenerationGenerator_randomNumbers_V   |     array    |
|GenerationGenerator_randomNumbers_V_d0            | out |   24|  ap_memory |   GenerationGenerator_randomNumbers_V   |     array    |
+--------------------------------------------------+-----+-----+------------+-----------------------------------------+--------------+

