

================================================================
== Vivado HLS Report for 'GenerationGenerator_consumeRandom'
================================================================
* Date:           Tue Dec 18 11:20:06 2018

* Version:        2017.2 (Build 1909853 on Thu Jun 15 18:55:24 MDT 2017)
* Project:        GeneticAlgoHls
* Solution:       solution1
* Product family: zynq
* Target device:  xc7z010clg400-1


================================================================
== Performance Estimates
================================================================
+ Timing (ns): 
    * Summary: 
    +--------+-------+----------+------------+
    |  Clock | Target| Estimated| Uncertainty|
    +--------+-------+----------+------------+
    |ap_clk  |  20.00|     10.69|        2.50|
    +--------+-------+----------+------------+

+ Latency (clock cycles): 
    * Summary: 
    +-----+-----+-----+-----+---------+
    |  Latency  |  Interval | Pipeline|
    | min | max | min | max |   Type  |
    +-----+-----+-----+-----+---------+
    |    3|    3|    3|    3|   none  |
    +-----+-----+-----+-----+---------+

    + Detail: 
        * Instance: 
        N/A

        * Loop: 
        +----------+-----+-----+----------+-----------+-----------+------+----------+
        |          |  Latency  | Iteration|  Initiation Interval  | Trip |          |
        | Loop Name| min | max |  Latency |  achieved |   target  | Count| Pipelined|
        +----------+-----+-----+----------+-----------+-----------+------+----------+
        |- Loop 1  |    2|    2|         2|          -|          -|  inf |    no    |
        +----------+-----+-----+----------+-----------+-----------+------+----------+



================================================================
== Utilization Estimates
================================================================
* Summary: 
+-----------------+---------+-------+-------+-------+
|       Name      | BRAM_18K| DSP48E|   FF  |  LUT  |
+-----------------+---------+-------+-------+-------+
|DSP              |        -|      -|      -|      -|
|Expression       |        -|      -|    189|    136|
|FIFO             |        -|      -|      -|      -|
|Instance         |        -|      -|      -|      -|
|Memory           |        -|      -|      -|      -|
|Multiplexer      |        -|      -|      -|     45|
|Register         |        -|      -|     51|      -|
+-----------------+---------+-------+-------+-------+
|Total            |        0|      0|    240|    181|
+-----------------+---------+-------+-------+-------+
|Available        |      120|     80|  35200|  17600|
+-----------------+---------+-------+-------+-------+
|Utilization (%)  |        0|      0|   ~0  |      1|
+-----------------+---------+-------+-------+-------+

+ Detail: 
    * Instance: 
    N/A

    * DSP48: 
    N/A

    * Memory: 
    N/A

    * FIFO: 
    N/A

    * Expression: 
    +-------------------------------------------+----------+-------+----+----+------------+------------+
    |               Variable Name               | Operation| DSP48E| FF | LUT| Bitwidth P0| Bitwidth P1|
    +-------------------------------------------+----------+-------+----+----+------------+------------+
    |r_V_fu_167_p2                              |     +    |      0|  80|  30|          25|           2|
    |tmp_25_fu_209_p2                           |     +    |      0|  77|  29|          24|           1|
    |tmp_s_fu_183_p2                            |     +    |      0|  32|  14|           2|           9|
    |tmp_22_fu_195_p2                           |   icmp   |      0|   0|  13|          24|          24|
    |tmp_24_fu_204_p2                           |   icmp   |      0|   0|  13|          24|           5|
    |tmp_fu_173_p2                              |   icmp   |      0|   0|  13|          25|           5|
    |GenerationGenerator_randomNumberIndex_V_o  |  select  |      0|   0|  24|           1|           1|
    +-------------------------------------------+----------+-------+----+----+------------+------------+
    |Total                                      |          |      0| 189| 136|         125|          47|
    +-------------------------------------------+----------+-------+----+----+------------+------------+

    * Multiplexer: 
    +----------------------------------------------+----+-----------+-----+-----------+
    |                     Name                     | LUT| Input Size| Bits| Total Bits|
    +----------------------------------------------+----+-----------+-----+-----------+
    |GenerationGenerator_randomNumbers_V_address0  |  15|          3|    8|         24|
    |ap_NS_fsm                                     |  15|          3|    1|          3|
    |tmp_21_phi_fu_156_p4                          |  15|          3|    9|         27|
    +----------------------------------------------+----+-----------+-----+-----------+
    |Total                                         |  45|          9|   18|         54|
    +----------------------------------------------+----+-----------+-----+-----------+

    * Register: 
    +-------------------------------+----+----+-----+-----------+
    |              Name             | FF | LUT| Bits| Const Bits|
    +-------------------------------+----+----+-----+-----------+
    |GenerationGenerator_s_reg_229  |  24|   0|   24|          0|
    |ap_CS_fsm                      |   3|   0|    3|          0|
    |val_V_reg_223                  |  24|   0|   24|          0|
    +-------------------------------+----+----+-----+-----------+
    |Total                          |  51|   0|   51|          0|
    +-------------------------------+----+----+-----+-----------+



================================================================
== Interface
================================================================
* Summary: 
+--------------------------------------------------+-----+-----+------------+-----------------------------------------+--------------+
|                     RTL Ports                    | Dir | Bits|  Protocol  |              Source Object              |    C Type    |
+--------------------------------------------------+-----+-----+------------+-----------------------------------------+--------------+
|ap_clk                                            |  in |    1| ap_ctrl_hs |    GenerationGenerator::consumeRandom   | return value |
|ap_rst                                            |  in |    1| ap_ctrl_hs |    GenerationGenerator::consumeRandom   | return value |
|random                                            |  in |   24|   ap_none  |                  random                 |    pointer   |
|GenerationGenerator_randomNumberIndex_V_i         |  in |   24|   ap_ovld  | GenerationGenerator_randomNumberIndex_V |    pointer   |
|GenerationGenerator_randomNumberIndex_V_o         | out |   24|   ap_ovld  | GenerationGenerator_randomNumberIndex_V |    pointer   |
|GenerationGenerator_randomNumberIndex_V_o_ap_vld  | out |    1|   ap_ovld  | GenerationGenerator_randomNumberIndex_V |    pointer   |
|GenerationGenerator_randomNumbers_V_address0      | out |    8|  ap_memory |   GenerationGenerator_randomNumbers_V   |     array    |
|GenerationGenerator_randomNumbers_V_ce0           | out |    1|  ap_memory |   GenerationGenerator_randomNumbers_V   |     array    |
|GenerationGenerator_randomNumbers_V_we0           | out |    1|  ap_memory |   GenerationGenerator_randomNumbers_V   |     array    |
|GenerationGenerator_randomNumbers_V_d0            | out |   24|  ap_memory |   GenerationGenerator_randomNumbers_V   |     array    |
|GenerationGenerator_randomNumbers_V_q0            |  in |   24|  ap_memory |   GenerationGenerator_randomNumbers_V   |     array    |
+--------------------------------------------------+-----+-----+------------+-----------------------------------------+--------------+

