

================================================================
== Vivado HLS Report for 'GenerationGenerator'
================================================================
* Date:           Thu Dec 13 12:08:05 2018

* Version:        2017.2 (Build 1909853 on Thu Jun 15 18:55:24 MDT 2017)
* Project:        GeneticAlgo
* Solution:       solution1
* Product family: zynq
* Target device:  xc7z010clg400-1


================================================================
== Performance Estimates
================================================================
+ Timing (ns): 
    * Summary: 
    +--------+-------+----------+------------+
    |  Clock | Target| Estimated| Uncertainty|
    +--------+-------+----------+------------+
    |ap_clk  |  20.00|     13.37|        2.50|
    +--------+-------+----------+------------+

+ Latency (clock cycles): 
    * Summary: 
    +-----+-----+-----+-----+---------+
    |  Latency  |  Interval | Pipeline|
    | min | max | min | max |   Type  |
    +-----+-----+-----+-----+---------+
    |    0|   71|    1|   72|   none  |
    +-----+-----+-----+-----+---------+

    + Detail: 
        * Instance: 
        +---------------------------------------------------+----------------------------------------+-----+-----+-----+-----+---------+
        |                                                   |                                        |  Latency  |  Interval | Pipeline|
        |                      Instance                     |                 Module                 | min | max | min | max |   Type  |
        +---------------------------------------------------+----------------------------------------+-----+-----+-----+-----+---------+
        |grp_GenerationGenerator_generateGeneration_fu_116  |GenerationGenerator_generateGeneration  |   70|   70|   70|   70|   none  |
        |grp_GenerationGenerator_consumeRandom_fu_146       |GenerationGenerator_consumeRandom       |    3|    3|    3|    3|   none  |
        +---------------------------------------------------+----------------------------------------+-----+-----+-----+-----+---------+

        * Loop: 
        N/A



================================================================
== Utilization Estimates
================================================================
* Summary: 
+-----------------+---------+-------+-------+-------+
|       Name      | BRAM_18K| DSP48E|   FF  |  LUT  |
+-----------------+---------+-------+-------+-------+
|DSP              |        -|      -|      -|      -|
|Expression       |        -|      -|      -|      -|
|FIFO             |        -|      -|      -|      -|
|Instance         |        -|      -|   1318|   1094|
|Memory           |        2|      -|      0|      0|
|Multiplexer      |        -|      -|      -|     48|
|Register         |        -|      -|     81|      -|
+-----------------+---------+-------+-------+-------+
|Total            |        2|      0|   1399|   1142|
+-----------------+---------+-------+-------+-------+
|Available        |      120|     80|  35200|  17600|
+-----------------+---------+-------+-------+-------+
|Utilization (%)  |        1|      0|      3|      6|
+-----------------+---------+-------+-------+-------+

+ Detail: 
    * Instance: 
    +---------------------------------------------------+----------------------------------------+---------+-------+------+-----+
    |                      Instance                     |                 Module                 | BRAM_18K| DSP48E|  FF  | LUT |
    +---------------------------------------------------+----------------------------------------+---------+-------+------+-----+
    |grp_GenerationGenerator_consumeRandom_fu_146       |GenerationGenerator_consumeRandom       |        0|      0|   240|  181|
    |grp_GenerationGenerator_generateGeneration_fu_116  |GenerationGenerator_generateGeneration  |        0|      0|  1078|  913|
    +---------------------------------------------------+----------------------------------------+---------+-------+------+-----+
    |Total                                              |                                        |        0|      0|  1318| 1094|
    +---------------------------------------------------+----------------------------------------+---------+-------+------+-----+

    * DSP48: 
    N/A

    * Memory: 
    +---------------------------------------+----------------------+---------+---+----+------+-----+------+-------------+
    |                 Memory                |        Module        | BRAM_18K| FF| LUT| Words| Bits| Banks| W*Bits*Banks|
    +---------------------------------------+----------------------+---------+---+----+------+-----+------+-------------+
    |GenerationGenerator_randomNumbers_V_U  |GenerationGeneratbkb  |        2|  0|   0|   160|   24|     1|         3840|
    +---------------------------------------+----------------------+---------+---+----+------+-----+------+-------------+
    |Total                                  |                      |        2|  0|   0|   160|   24|     1|         3840|
    +---------------------------------------+----------------------+---------+---+----+------+-----+------+-------------+

    * FIFO: 
    N/A

    * Expression: 
    N/A

    * Multiplexer: 
    +----------------------------------------------+----+-----------+-----+-----------+
    |                     Name                     | LUT| Input Size| Bits| Total Bits|
    +----------------------------------------------+----+-----------+-----+-----------+
    |GenerationGenerator_randomNumberIndex_V       |   9|          2|   24|         48|
    |GenerationGenerator_randomNumbers_V_address0  |  15|          3|    8|         24|
    |GenerationGenerator_randomNumbers_V_ce0       |  15|          3|    1|          3|
    |GenerationGenerator_trueRandomIndex_V         |   9|          2|   24|         48|
    +----------------------------------------------+----+-----------+-----+-----------+
    |Total                                         |  48|         10|   57|        123|
    +----------------------------------------------+----+-----------+-----+-----------+

    * Register: 
    +-----------------------------------------+----+----+-----+-----------+
    |                   Name                  | FF | LUT| Bits| Const Bits|
    +-----------------------------------------+----+----+-----+-----------+
    |GenerationGenerator_randomNumberIndex_V  |  24|   0|   24|          0|
    |GenerationGenerator_trueRandomIndex_V    |  24|   0|   24|          0|
    |generatingDone                           |   1|   0|    1|          0|
    |generation_child1                        |  16|   0|   16|          0|
    |generation_child2                        |  16|   0|   16|          0|
    +-----------------------------------------+----+----+-----+-----------+
    |Total                                    |  81|   0|   81|          0|
    +-----------------------------------------+----+----+-----+-----------+



================================================================
== Interface
================================================================
* Summary: 
+----------------------+-----+-----+------------+------------------------------------------+--------------+
|       RTL Ports      | Dir | Bits|  Protocol  |               Source Object              |    C Type    |
+----------------------+-----+-----+------------+------------------------------------------+--------------+
|clk                   |  in |    1| ap_ctrl_hs | GenerationGenerator::GenerationGenerator | return value |
|reset                 |  in |    1| ap_ctrl_hs | GenerationGenerator::GenerationGenerator | return value |
|startGenerating       |  in |    1|   ap_none  |              startGenerating             |    pointer   |
|generatingDone        | out |    1|   ap_vld   |              generatingDone              |    pointer   |
|generation_parent1    |  in |   16|   ap_none  |            generation_parent1            |    pointer   |
|generation_parent2    |  in |   16|   ap_none  |            generation_parent2            |    pointer   |
|generation_child1     | out |   16|   ap_vld   |             generation_child1            |    pointer   |
|generation_child2     | out |   16|   ap_vld   |             generation_child2            |    pointer   |
|mutation_probability  |  in |   24|   ap_none  |           mutation_probability           |    pointer   |
|random                |  in |   24|   ap_none  |                  random                  |    pointer   |
+----------------------+-----+-----+------------+------------------------------------------+--------------+

