

================================================================
== Vivado HLS Report for 'RosenbrockSimulator_simulateRosenbrock'
================================================================
* Date:           Thu Dec 20 14:43:43 2018

* Version:        2018.3 (Build 2405991 on Thu Dec 06 23:56:15 MST 2018)
* Project:        GeneticAlgoHlsRosenbrock
* Solution:       solution1
* Product family: zynq
* Target device:  xc7z010clg400-1


================================================================
== Performance Estimates
================================================================
+ Timing (ns): 
    * Summary: 
    +--------+-------+----------+------------+
    |  Clock | Target| Estimated| Uncertainty|
    +--------+-------+----------+------------+
    |ap_clk  |  20.00|    17.378|        2.50|
    +--------+-------+----------+------------+

+ Latency (clock cycles): 
    * Summary: 
    +-----+-----+-----+-----+---------+
    |  Latency  |  Interval | Pipeline|
    | min | max | min | max |   Type  |
    +-----+-----+-----+-----+---------+
    |   21|   86|   21|   86|   none  |
    +-----+-----+-----+-----+---------+

    + Detail: 
        * Instance: 
        N/A

        * Loop: 
        +----------+-----+-----+----------+-----------+-----------+------+----------+
        |          |  Latency  | Iteration|  Initiation Interval  | Trip |          |
        | Loop Name| min | max |  Latency |  achieved |   target  | Count| Pipelined|
        +----------+-----+-----+----------+-----------+-----------+------+----------+
        |- Loop 1  |   20|   85|  20 ~ 85 |          -|          -|  inf |    no    |
        +----------+-----+-----+----------+-----------+-----------+------+----------+



================================================================
== Utilization Estimates
================================================================
* Summary: 
+-----------------+---------+-------+-------+-------+
|       Name      | BRAM_18K| DSP48E|   FF  |  LUT  |
+-----------------+---------+-------+-------+-------+
|DSP              |        -|      3|      -|      -|
|Expression       |        -|    207|      0|  16334|
|FIFO             |        -|      -|      -|      -|
|Instance         |        -|     16|   1232|   2505|
|Memory           |       30|      -|      6|      6|
|Multiplexer      |        -|      -|      -|   1016|
|Register         |        -|      -|  11553|      -|
+-----------------+---------+-------+-------+-------+
|Total            |       30|    226|  12791|  19861|
+-----------------+---------+-------+-------+-------+
|Available        |      120|     80|  35200|  17600|
+-----------------+---------+-------+-------+-------+
|Utilization (%)  |       25|    282|     36|    112|
+-----------------+---------+-------+-------+-------+

+ Detail: 
    * Instance: 
    +-------------------------+----------------------+---------+-------+-----+------+
    |         Instance        |        Module        | BRAM_18K| DSP48E|  FF |  LUT |
    +-------------------------+----------------------+---------+-------+-----+------+
    |RosenbrockSimulatncg_U1  |RosenbrockSimulatncg  |        0|      2|  227|   403|
    |RosenbrockSimulatocq_U2  |RosenbrockSimulatocq  |        0|      0|  100|   138|
    |RosenbrockSimulatocq_U3  |RosenbrockSimulatocq  |        0|      0|  100|   138|
    |RosenbrockSimulatocq_U4  |RosenbrockSimulatocq  |        0|      0|  100|   138|
    |RosenbrockSimulatpcA_U5  |RosenbrockSimulatpcA  |        0|      3|  430|  1130|
    |RosenbrockSimulatqcK_U6  |RosenbrockSimulatqcK  |        0|     11|  275|   558|
    +-------------------------+----------------------+---------+-------+-----+------+
    |Total                    |                      |        0|     16| 1232|  2505|
    +-------------------------+----------------------+---------+-------+-----+------+

    * DSP48: 
    +-------------------------+----------------------+--------------+
    |         Instance        |        Module        |  Expression  |
    +-------------------------+----------------------+--------------+
    |RosenbrockSimulatrcU_U7  |RosenbrockSimulatrcU  | i0 + i1 * i2 |
    |RosenbrockSimulatrcU_U8  |RosenbrockSimulatrcU  | i0 + i1 * i2 |
    |RosenbrockSimulatrcU_U9  |RosenbrockSimulatrcU  | i0 + i1 * i2 |
    +-------------------------+----------------------+--------------+

    * Memory: 
    +-------------------------+----------------------+---------+---+----+------+-----+------+-------------+
    |          Memory         |        Module        | BRAM_18K| FF| LUT| Words| Bits| Banks| W*Bits*Banks|
    +-------------------------+----------------------+---------+---+----+------+-----+------+-------------+
    |pow_reduce_anonymo_20_U  |RosenbrockSimulatbkb  |        0|  6|   6|    64|    6|     1|          384|
    |pow_reduce_anonymo_19_U  |RosenbrockSimulatcud  |        4|  0|   0|    64|  109|     1|         6976|
    |pow_reduce_anonymo_16_U  |RosenbrockSimulatdEe  |        3|  0|   0|    16|  105|     1|         1680|
    |pow_reduce_anonymo_17_U  |RosenbrockSimulateOg  |        3|  0|   0|    64|  102|     1|         6528|
    |pow_reduce_anonymo_9_U   |RosenbrockSimulatfYi  |        3|  0|   0|    64|   97|     1|         6208|
    |pow_reduce_anonymo_12_U  |RosenbrockSimulatg8j  |        3|  0|   0|    64|   92|     1|         5888|
    |pow_reduce_anonymo_13_U  |RosenbrockSimulathbi  |        3|  0|   0|    64|   87|     1|         5568|
    |pow_reduce_anonymo_14_U  |RosenbrockSimulatibs  |        3|  0|   0|    64|   82|     1|         5248|
    |pow_reduce_anonymo_15_U  |RosenbrockSimulatjbC  |        3|  0|   0|    64|   77|     1|         4928|
    |pow_reduce_anonymo_18_U  |RosenbrockSimulatkbM  |        2|  0|   0|   256|   58|     1|        14848|
    |pow_reduce_anonymo_U     |RosenbrockSimulatlbW  |        1|  0|   0|   256|   26|     1|         6656|
    |pow_reduce_anonymo_21_U  |RosenbrockSimulatmb6  |        2|  0|   0|   256|   42|     1|        10752|
    +-------------------------+----------------------+---------+---+----+------+-----+------+-------------+
    |Total                    |                      |       30|  6|   6|  1296|  883|    12|        75664|
    +-------------------------+----------------------+---------+---+----+------+-----+------+-------------+

    * FIFO: 
    N/A

    * Expression: 
    +------------------------------+----------+-------+---+-----+------------+------------+
    |         Variable Name        | Operation| DSP48E| FF| LUT | Bitwidth P0| Bitwidth P1|
    +------------------------------+----------+-------+---+-----+------------+------------+
    |Elog2_V_1_fu_3786_p2          |     *    |      5|  0|   89|          79|          12|
    |Elog2_V_2_fu_5439_p2          |     *    |      5|  0|   89|          79|          12|
    |Elog2_V_fu_2133_p2            |     *    |      5|  0|   89|          79|          12|
    |b_frac1_V1_fu_1453_p2         |     *    |      3|  0|   33|          54|           6|
    |b_frac1_V_5_fu_4759_p2        |     *    |      3|  0|   33|          54|           6|
    |b_frac1_V_s_fu_3106_p2        |     *    |      3|  0|   33|          54|           6|
    |r_V_100_fu_4118_p2            |     *    |      4|  0|   73|          71|          13|
    |r_V_101_fu_4229_p2            |     *    |      6|  0|   23|          36|          43|
    |r_V_102_fu_4291_p2            |     *    |      9|  0|   21|          44|          49|
    |r_V_103_fu_4358_p2            |     *    |      9|  0|   22|          50|          50|
    |r_V_105_fu_4859_p2            |     *    |      0|  0|   73|          71|           4|
    |r_V_106_fu_4942_p2            |     *    |      4|  0|   77|          73|           6|
    |r_V_107_fu_5030_p2            |     *    |      5|  0|  113|          83|           6|
    |r_V_108_fu_5120_p2            |     *    |      5|  0|  140|          92|           6|
    |r_V_109_fu_5210_p2            |     *    |      5|  0|  125|          87|           6|
    |r_V_110_fu_5300_p2            |     *    |      5|  0|  110|          82|           6|
    |r_V_111_fu_5403_p2            |     *    |      4|  0|   85|          77|           6|
    |r_V_112_fu_5557_p2            |     *    |      5|  0|   29|          40|          40|
    |r_V_114_fu_5771_p2            |     *    |      4|  0|   73|          71|          13|
    |r_V_115_fu_5882_p2            |     *    |      6|  0|   23|          36|          43|
    |r_V_116_fu_5944_p2            |     *    |      9|  0|   21|          44|          49|
    |r_V_117_fu_6011_p2            |     *    |      9|  0|   22|          50|          50|
    |r_V_77_fu_1553_p2             |     *    |      0|  0|   73|          71|           4|
    |r_V_78_fu_1636_p2             |     *    |      4|  0|   77|          73|           6|
    |r_V_79_fu_1724_p2             |     *    |      5|  0|  113|          83|           6|
    |r_V_80_fu_1814_p2             |     *    |      5|  0|  140|          92|           6|
    |r_V_81_fu_1904_p2             |     *    |      5|  0|  125|          87|           6|
    |r_V_82_fu_1994_p2             |     *    |      5|  0|  110|          82|           6|
    |r_V_83_fu_2097_p2             |     *    |      4|  0|   85|          77|           6|
    |r_V_84_fu_2251_p2             |     *    |      5|  0|   29|          40|          40|
    |r_V_86_fu_2465_p2             |     *    |      4|  0|   73|          71|          13|
    |r_V_87_fu_2576_p2             |     *    |      6|  0|   23|          36|          43|
    |r_V_88_fu_2638_p2             |     *    |      9|  0|   21|          44|          49|
    |r_V_89_fu_2705_p2             |     *    |      9|  0|   22|          50|          50|
    |r_V_91_fu_3206_p2             |     *    |      0|  0|   73|          71|           4|
    |r_V_92_fu_3289_p2             |     *    |      4|  0|   77|          73|           6|
    |r_V_93_fu_3377_p2             |     *    |      5|  0|  113|          83|           6|
    |r_V_94_fu_3467_p2             |     *    |      5|  0|  140|          92|           6|
    |r_V_95_fu_3557_p2             |     *    |      5|  0|  125|          87|           6|
    |r_V_96_fu_3647_p2             |     *    |      5|  0|  110|          82|           6|
    |r_V_97_fu_3750_p2             |     *    |      4|  0|   85|          77|           6|
    |r_V_98_fu_3904_p2             |     *    |      5|  0|   29|          40|          40|
    |b_exp_1_fu_1434_p2            |     +    |      0|  0|   12|          12|          11|
    |b_exp_2_fu_2919_p2            |     +    |      0|  0|   12|          11|          12|
    |b_exp_3_fu_3087_p2            |     +    |      0|  0|   12|          12|          11|
    |b_exp_4_fu_4572_p2            |     +    |      0|  0|   12|          11|          12|
    |b_exp_5_fu_4740_p2            |     +    |      0|  0|   12|          12|          11|
    |b_exp_fu_1266_p2              |     +    |      0|  0|   12|          11|          12|
    |exp_Z1P_m_1_l_V_1_fu_4334_p2  |     +    |      0|  0|   59|          52|          52|
    |exp_Z1P_m_1_l_V_2_fu_5987_p2  |     +    |      0|  0|   59|          52|          52|
    |exp_Z1P_m_1_l_V_fu_2681_p2    |     +    |      0|  0|   59|          52|          52|
    |exp_Z2P_m_1_V_1_fu_4268_p2    |     +    |      0|  0|   51|          44|          44|
    |exp_Z2P_m_1_V_2_fu_5921_p2    |     +    |      0|  0|   51|          44|          44|
    |exp_Z2P_m_1_V_fu_2615_p2      |     +    |      0|  0|   51|          44|          44|
    |out_exp_V_1_fu_4507_p2        |     +    |      0|  0|   13|          10|          11|
    |out_exp_V_2_fu_6160_p2        |     +    |      0|  0|   13|          10|          11|
    |out_exp_V_fu_2853_p2          |     +    |      0|  0|   13|          10|          11|
    |p_Val2_1_fu_2221_p2           |     +    |      0|  0|  120|         109|         109|
    |p_Val2_2_fu_3874_p2           |     +    |      0|  0|  120|         109|         109|
    |p_Val2_3_fu_5527_p2           |     +    |      0|  0|  120|         109|         109|
    |r_exp_V_2_fu_4450_p2          |     +    |      0|  0|   17|          13|           2|
    |r_exp_V_4_fu_6103_p2          |     +    |      0|  0|   17|          13|           2|
    |r_exp_V_fu_2796_p2            |     +    |      0|  0|   17|          13|           2|
    |ret_V_100_fu_4368_p2          |     +    |      0|  0|   66|           5|          59|
    |ret_V_101_fu_4400_p2          |     +    |      0|  0|  115|         108|         108|
    |ret_V_102_fu_4839_p2          |     +    |      0|  0|   84|          77|          77|
    |ret_V_104_fu_4930_p2          |     +    |      0|  0|   89|          82|          82|
    |ret_V_106_fu_5017_p2          |     +    |      0|  0|  109|         102|         102|
    |ret_V_108_fu_5108_p2          |     +    |      0|  0|  128|         121|         121|
    |ret_V_110_fu_5198_p2          |     +    |      0|  0|  133|         126|         126|
    |ret_V_112_fu_5288_p2          |     +    |      0|  0|  138|         131|         131|
    |ret_V_114_fu_5479_p2          |     +    |      0|  0|  120|         136|         136|
    |ret_V_117_fu_5640_p2          |     +    |      0|  0|  120|         121|         121|
    |ret_V_120_fu_5859_p2          |     +    |      0|  0|   43|          36|          36|
    |ret_V_122_fu_6021_p2          |     +    |      0|  0|   66|           5|          59|
    |ret_V_123_fu_6053_p2          |     +    |      0|  0|  115|         108|         108|
    |ret_V_133_cast_fu_2340_p2     |     +    |      0|  0|  120|         120|         120|
    |ret_V_139_cast1_fu_2752_p2    |     +    |      0|  0|  114|         107|         107|
    |ret_V_156_cast_fu_3993_p2     |     +    |      0|  0|  120|         120|         120|
    |ret_V_162_cast1_fu_4406_p2    |     +    |      0|  0|  114|         107|         107|
    |ret_V_179_cast_fu_5646_p2     |     +    |      0|  0|  120|         120|         120|
    |ret_V_185_cast1_fu_6059_p2    |     +    |      0|  0|  114|         107|         107|
    |ret_V_1_fu_2447_p2            |     +    |      0|  0|   17|           1|          13|
    |ret_V_24_fu_3971_p2           |     +    |      0|  0|  120|         121|         121|
    |ret_V_27_fu_4100_p2           |     +    |      0|  0|   17|           1|          13|
    |ret_V_50_fu_5624_p2           |     +    |      0|  0|  120|         121|         121|
    |ret_V_53_fu_5753_p2           |     +    |      0|  0|   17|           1|          13|
    |ret_V_58_fu_1533_p2           |     +    |      0|  0|   84|          77|          77|
    |ret_V_60_fu_1624_p2           |     +    |      0|  0|   89|          82|          82|
    |ret_V_62_fu_1711_p2           |     +    |      0|  0|  109|         102|         102|
    |ret_V_64_fu_1802_p2           |     +    |      0|  0|  128|         121|         121|
    |ret_V_66_fu_1892_p2           |     +    |      0|  0|  133|         126|         126|
    |ret_V_68_fu_1982_p2           |     +    |      0|  0|  138|         131|         131|
    |ret_V_70_fu_2173_p2           |     +    |      0|  0|  120|         136|         136|
    |ret_V_73_fu_2334_p2           |     +    |      0|  0|  120|         121|         121|
    |ret_V_76_fu_2553_p2           |     +    |      0|  0|   43|          36|          36|
    |ret_V_78_fu_2714_p2           |     +    |      0|  0|   66|           5|          59|
    |ret_V_79_fu_2746_p2           |     +    |      0|  0|  115|         108|         108|
    |ret_V_80_fu_3186_p2           |     +    |      0|  0|   84|          77|          77|
    |ret_V_82_fu_3277_p2           |     +    |      0|  0|   89|          82|          82|
    |ret_V_84_fu_3364_p2           |     +    |      0|  0|  109|         102|         102|
    |ret_V_86_fu_3455_p2           |     +    |      0|  0|  128|         121|         121|
    |ret_V_88_fu_3545_p2           |     +    |      0|  0|  133|         126|         126|
    |ret_V_90_fu_3635_p2           |     +    |      0|  0|  138|         131|         131|
    |ret_V_92_fu_3826_p2           |     +    |      0|  0|  120|         136|         136|
    |ret_V_95_fu_3987_p2           |     +    |      0|  0|  120|         121|         121|
    |ret_V_98_fu_4206_p2           |     +    |      0|  0|   43|          36|          36|
    |ret_V_s_fu_2318_p2            |     +    |      0|  0|  120|         121|         121|
    |sh_assign_fu_6230_p2          |     +    |      0|  0|   12|          11|          12|
    |tmp10_fu_2123_p2              |     +    |      0|  0|  120|          93|          93|
    |tmp11_fu_2107_p2              |     +    |      0|  0|  120|          93|          93|
    |tmp12_fu_2113_p2              |     +    |      0|  0|   90|          83|          83|
    |tmp13_fu_2606_p2              |     +    |      0|  0|   43|          36|          36|
    |tmp14_fu_2672_p2              |     +    |      0|  0|   51|          44|          44|
    |tmp15_fu_3865_p2              |     +    |      0|  0|  120|         109|         109|
    |tmp16_fu_3849_p2              |     +    |      0|  0|  116|         109|         109|
    |tmp17_fu_3855_p2              |     +    |      0|  0|  110|         103|         103|
    |tmp18_fu_3776_p2              |     +    |      0|  0|  120|          93|          93|
    |tmp19_fu_3760_p2              |     +    |      0|  0|  120|          93|          93|
    |tmp20_fu_3766_p2              |     +    |      0|  0|   90|          83|          83|
    |tmp21_fu_4259_p2              |     +    |      0|  0|   43|          36|          36|
    |tmp22_fu_4325_p2              |     +    |      0|  0|   51|          44|          44|
    |tmp23_fu_5518_p2              |     +    |      0|  0|  120|         109|         109|
    |tmp24_fu_5502_p2              |     +    |      0|  0|  116|         109|         109|
    |tmp25_fu_5508_p2              |     +    |      0|  0|  110|         103|         103|
    |tmp26_fu_5429_p2              |     +    |      0|  0|  120|          93|          93|
    |tmp27_fu_5413_p2              |     +    |      0|  0|  120|          93|          93|
    |tmp28_fu_5419_p2              |     +    |      0|  0|   90|          83|          83|
    |tmp29_fu_5912_p2              |     +    |      0|  0|   43|          36|          36|
    |tmp30_fu_5978_p2              |     +    |      0|  0|   51|          44|          44|
    |tmp7_fu_2212_p2               |     +    |      0|  0|  120|         109|         109|
    |tmp8_fu_2196_p2               |     +    |      0|  0|  116|         109|         109|
    |tmp9_fu_2202_p2               |     +    |      0|  0|  110|         103|         103|
    |tmp_116_fu_3981_p2            |     +    |      0|  0|  120|         120|         120|
    |tmp_187_fu_5634_p2            |     +    |      0|  0|  120|         120|         120|
    |tmp_45_fu_2328_p2             |     +    |      0|  0|  120|         120|         120|
    |ret_V_103_fu_4872_p2          |     -    |      0|  0|   85|          78|          78|
    |ret_V_105_fu_4964_p2          |     -    |      0|  0|   90|          83|          83|
    |ret_V_107_fu_5050_p2          |     -    |      0|  0|  110|         103|         103|
    |ret_V_109_fu_5140_p2          |     -    |      0|  0|  129|         122|         122|
    |ret_V_111_fu_5230_p2          |     -    |      0|  0|  134|         127|         127|
    |ret_V_113_fu_5328_p2          |     -    |      0|  0|  139|         132|         132|
    |ret_V_115_fu_5496_p2          |     -    |      0|  0|  120|         136|         136|
    |ret_V_116_fu_5590_p2          |     -    |      0|  0|  125|         118|         118|
    |ret_V_119_fu_5794_p2          |     -    |      0|  0|   79|          72|          72|
    |ret_V_59_fu_1566_p2           |     -    |      0|  0|   85|          78|          78|
    |ret_V_61_fu_1658_p2           |     -    |      0|  0|   90|          83|          83|
    |ret_V_63_fu_1744_p2           |     -    |      0|  0|  110|         103|         103|
    |ret_V_65_fu_1834_p2           |     -    |      0|  0|  129|         122|         122|
    |ret_V_67_fu_1924_p2           |     -    |      0|  0|  134|         127|         127|
    |ret_V_69_fu_2022_p2           |     -    |      0|  0|  139|         132|         132|
    |ret_V_71_fu_2190_p2           |     -    |      0|  0|  120|         136|         136|
    |ret_V_72_fu_2284_p2           |     -    |      0|  0|  125|         118|         118|
    |ret_V_75_fu_2488_p2           |     -    |      0|  0|   79|          72|          72|
    |ret_V_81_fu_3219_p2           |     -    |      0|  0|   85|          78|          78|
    |ret_V_83_fu_3311_p2           |     -    |      0|  0|   90|          83|          83|
    |ret_V_85_fu_3397_p2           |     -    |      0|  0|  110|         103|         103|
    |ret_V_87_fu_3487_p2           |     -    |      0|  0|  129|         122|         122|
    |ret_V_89_fu_3577_p2           |     -    |      0|  0|  134|         127|         127|
    |ret_V_91_fu_3675_p2           |     -    |      0|  0|  139|         132|         132|
    |ret_V_93_fu_3843_p2           |     -    |      0|  0|  120|         136|         136|
    |ret_V_94_fu_3937_p2           |     -    |      0|  0|  125|         118|         118|
    |ret_V_97_fu_4141_p2           |     -    |      0|  0|   79|          72|          72|
    |tmp_211_fu_6244_p2            |     -    |      0|  0|   13|          10|          11|
    |ap_condition_299              |    and   |      0|  0|    2|           1|           1|
    |ap_condition_3878             |    and   |      0|  0|    2|           1|           1|
    |ap_condition_578              |    and   |      0|  0|    2|           1|           1|
    |ap_condition_876              |    and   |      0|  0|    2|           1|           1|
    |tmp_145_fu_4626_p2            |    and   |      0|  0|    2|           1|           1|
    |tmp_148_fu_4638_p2            |    and   |      0|  0|    2|           1|           1|
    |tmp_1_fu_1332_p2              |    and   |      0|  0|    2|           1|           1|
    |tmp_77_fu_2973_p2             |    and   |      0|  0|    2|           1|           1|
    |tmp_79_fu_2985_p2             |    and   |      0|  0|    2|           1|           1|
    |tmp_9_fu_1320_p2              |    and   |      0|  0|    2|           1|           1|
    |x_is_1_0_i1_fu_2937_p2        |    and   |      0|  0|    2|           1|           1|
    |x_is_1_0_i2_fu_4590_p2        |    and   |      0|  0|    2|           1|           1|
    |x_is_1_0_i_fu_1284_p2         |    and   |      0|  0|    2|           1|           1|
    |x_is_n1_1_fu_2955_p2          |    and   |      0|  0|    2|           1|           1|
    |x_is_n1_2_fu_4608_p2          |    and   |      0|  0|    2|           1|           1|
    |x_is_n1_fu_1302_p2            |    and   |      0|  0|    2|           1|           1|
    |x_is_p1_1_fu_2949_p2          |    and   |      0|  0|    2|           1|           1|
    |x_is_p1_2_fu_4602_p2          |    and   |      0|  0|    2|           1|           1|
    |x_is_p1_fu_1296_p2            |    and   |      0|  0|    2|           1|           1|
    |icmp1_fu_4475_p2              |   icmp   |      0|  0|    9|           3|           1|
    |icmp2_fu_6128_p2              |   icmp   |      0|  0|    9|           3|           1|
    |icmp_fu_2821_p2               |   icmp   |      0|  0|    9|           3|           1|
    |tmp_11_fu_1374_p2             |   icmp   |      0|  0|   18|          32|           1|
    |tmp_121_fu_4094_p2            |   icmp   |      0|  0|   18|          18|           1|
    |tmp_137_fu_4460_p2            |   icmp   |      0|  0|   71|         130|         130|
    |tmp_138_fu_4487_p2            |   icmp   |      0|  0|   13|          13|          11|
    |tmp_139_fu_4578_p2            |   icmp   |      0|  0|   13|          12|           1|
    |tmp_13_fu_1388_p2             |   icmp   |      0|  0|   18|          32|           1|
    |tmp_140_fu_4584_p2            |   icmp   |      0|  0|   29|          52|           1|
    |tmp_142_fu_4614_p2            |   icmp   |      0|  0|   13|          11|           2|
    |tmp_144_fu_4620_p2            |   icmp   |      0|  0|   29|          52|           1|
    |tmp_146_fu_4632_p2            |   icmp   |      0|  0|   13|          11|           1|
    |tmp_152_fu_4680_p2            |   icmp   |      0|  0|   18|          32|           1|
    |tmp_154_fu_4694_p2            |   icmp   |      0|  0|   18|          32|           1|
    |tmp_192_fu_5747_p2            |   icmp   |      0|  0|   18|          18|           1|
    |tmp_203_not_fu_2999_p2        |   icmp   |      0|  0|   18|          32|           1|
    |tmp_208_fu_6113_p2            |   icmp   |      0|  0|   71|         130|         130|
    |tmp_209_fu_6140_p2            |   icmp   |      0|  0|   13|          13|          11|
    |tmp_368_not_fu_4652_p2        |   icmp   |      0|  0|   18|          32|           1|
    |tmp_36_not_fu_1346_p2         |   icmp   |      0|  0|   18|          32|           1|
    |tmp_4_fu_1272_p2              |   icmp   |      0|  0|   13|          12|           1|
    |tmp_50_fu_2441_p2             |   icmp   |      0|  0|   18|          18|           1|
    |tmp_5_fu_1278_p2              |   icmp   |      0|  0|   29|          52|           1|
    |tmp_67_fu_2806_p2             |   icmp   |      0|  0|   71|         130|         130|
    |tmp_69_fu_2833_p2             |   icmp   |      0|  0|   13|          13|          11|
    |tmp_73_fu_2925_p2             |   icmp   |      0|  0|   13|          12|           1|
    |tmp_74_fu_2931_p2             |   icmp   |      0|  0|   29|          52|           1|
    |tmp_75_fu_2961_p2             |   icmp   |      0|  0|   13|          11|           2|
    |tmp_76_fu_2967_p2             |   icmp   |      0|  0|   29|          52|           1|
    |tmp_78_fu_2979_p2             |   icmp   |      0|  0|   13|          11|           1|
    |tmp_7_fu_1308_p2              |   icmp   |      0|  0|   13|          11|           2|
    |tmp_82_fu_3027_p2             |   icmp   |      0|  0|   18|          32|           1|
    |tmp_84_fu_3041_p2             |   icmp   |      0|  0|   18|          32|           1|
    |tmp_8_fu_1314_p2              |   icmp   |      0|  0|   29|          52|           1|
    |tmp_s_fu_1326_p2              |   icmp   |      0|  0|   13|          11|           1|
    |r_V_70_fu_6273_p2             |   lshr   |      0|  0|  162|          54|          54|
    |brmerge1_fu_3005_p2           |    or    |      0|  0|    2|           1|           1|
    |brmerge2_fu_4658_p2           |    or    |      0|  0|    2|           1|           1|
    |brmerge_fu_1352_p2            |    or    |      0|  0|    2|           1|           1|
    |or_cond2003_i1_fu_4481_p2     |    or    |      0|  0|    2|           1|           1|
    |or_cond2003_i2_fu_6134_p2     |    or    |      0|  0|    2|           1|           1|
    |or_cond2003_i_fu_2827_p2      |    or    |      0|  0|    2|           1|           1|
    |eZ_V_14_fu_4815_p3            |  select  |      0|  0|   76|           1|          76|
    |eZ_V_7_fu_3162_p3             |  select  |      0|  0|   76|           1|          76|
    |eZ_V_fu_1509_p3               |  select  |      0|  0|   76|           1|          76|
    |fitness                       |  select  |      0|  0|   32|           1|          32|
    |p_1_cast_cast_fu_4530_p3      |  select  |      0|  0|   63|           1|           1|
    |p_2002_i1_fu_4106_p3          |  select  |      0|  0|   13|           1|          13|
    |p_2002_i2_fu_5759_p3          |  select  |      0|  0|   13|           1|          13|
    |p_2002_i_fu_2453_p3           |  select  |      0|  0|   13|           1|          13|
    |p_2_cast_cast_fu_6183_p3      |  select  |      0|  0|   63|           1|           1|
    |p_cast_cast_fu_2877_p3        |  select  |      0|  0|   63|           1|           1|
    |p_mux1_cast_cast_fu_3011_p3   |  select  |      0|  0|   63|           1|          63|
    |p_mux2_cast_cast_fu_4664_p3   |  select  |      0|  0|   63|           1|          63|
    |p_mux_cast_cast_fu_1358_p3    |  select  |      0|  0|   63|           1|          63|
    |ush_fu_6253_p3                |  select  |      0|  0|   12|           1|          12|
    |r_V_71_fu_6279_p2             |    shl   |      0|  0|  474|         137|         137|
    |not_Val2_i345_0_1_fu_2943_p2  |    xor   |      0|  0|    2|           1|           2|
    |not_Val2_i345_0_2_fu_4596_p2  |    xor   |      0|  0|    2|           1|           2|
    |not_Val2_i345_0_s_fu_1290_p2  |    xor   |      0|  0|    2|           1|           2|
    +------------------------------+----------+-------+---+-----+------------+------------+
    |Total                         |          |    207|  0|16334|       14483|       12349|
    +------------------------------+----------+-------+---+-----+------------+------------+

    * Multiplexer: 
    +-------------------------------------------+-----+-----------+-----+-----------+
    |                    Name                   | LUT | Input Size| Bits| Total Bits|
    +-------------------------------------------+-----+-----------+-----+-----------+
    |ap_NS_fsm                                  |  377|         86|    1|         86|
    |ap_phi_mux_p_01131_0_i1_phi_fu_1025_p4     |   15|          3|   13|         39|
    |ap_phi_mux_p_01131_0_i2_phi_fu_1100_p4     |   15|          3|   13|         39|
    |ap_phi_mux_p_01131_0_i_phi_fu_950_p4       |   15|          3|   13|         39|
    |ap_phi_mux_p_01164_0_in_i1_phi_fu_1016_p4  |   15|          3|   59|        177|
    |ap_phi_mux_p_01164_0_in_i2_phi_fu_1091_p4  |   15|          3|   59|        177|
    |ap_phi_mux_p_01164_0_in_i_phi_fu_941_p4    |   15|          3|   59|        177|
    |ap_phi_mux_p_01254_i_in_phi_fu_963_p14     |   21|          4|   63|        252|
    |grp_fu_1137_p0                             |   15|          3|   32|         96|
    |grp_fu_1146_opcode                         |   15|          3|    2|          6|
    |grp_fu_1146_p0                             |   15|          3|   64|        192|
    |grp_fu_1146_p1                             |   15|          3|   64|        192|
    |p_01254_i379_in_reg_1032                   |   33|          6|   63|        378|
    |p_01254_i510_in_reg_1107                   |   33|          6|   63|        378|
    |p_01254_i_in_reg_957                       |   33|          6|   63|        378|
    |p_0261_1_i1_reg_983                        |    9|          2|   54|        108|
    |p_0261_1_i2_reg_1058                       |    9|          2|   54|        108|
    |p_0261_1_i_reg_908                         |    9|          2|   54|        108|
    |pow_reduce_anonymo_12_address0             |   21|          4|    6|         24|
    |pow_reduce_anonymo_13_address0             |   21|          4|    6|         24|
    |pow_reduce_anonymo_14_address0             |   21|          4|    6|         24|
    |pow_reduce_anonymo_15_address0             |   21|          4|    6|         24|
    |pow_reduce_anonymo_16_address0             |   21|          4|    4|         16|
    |pow_reduce_anonymo_17_address0             |   21|          4|    6|         24|
    |pow_reduce_anonymo_18_address0             |   21|          4|    8|         32|
    |pow_reduce_anonymo_19_address0             |   21|          4|    6|         24|
    |pow_reduce_anonymo_20_address0             |   21|          4|    6|         24|
    |pow_reduce_anonymo_21_address0             |   21|          4|    8|         32|
    |pow_reduce_anonymo_9_address0              |   21|          4|    6|         24|
    |pow_reduce_anonymo_address0                |   21|          4|    8|         32|
    |pow_reduce_anonymo_address1                |   21|          4|    8|         32|
    |r_exp_V_6_reg_928                          |    9|          2|   13|         26|
    |r_exp_V_7_reg_1003                         |    9|          2|   13|         26|
    |r_exp_V_8_reg_1078                         |    9|          2|   13|         26|
    |simulationDone                             |   15|          3|    1|          3|
    |tmp_V_10_reg_993                           |    9|          2|   12|         24|
    |tmp_V_20_reg_1068                          |    9|          2|   12|         24|
    |tmp_V_reg_918                              |    9|          2|   12|         24|
    +-------------------------------------------+-----+-----------+-----+-----------+
    |Total                                      | 1016|        211|  953|       3419|
    +-------------------------------------------+-----+-----------+-----+-----------+

    * Register: 
    +--------------------------+-----+----+-----+-----------+
    |           Name           |  FF | LUT| Bits| Const Bits|
    +--------------------------+-----+----+-----+-----------+
    |Elog2_V_1_reg_7094        |   90|   0|   90|          0|
    |Elog2_V_2_reg_7537        |   90|   0|   90|          0|
    |Elog2_V_reg_6651          |   90|   0|   90|          0|
    |Z2_V_1_reg_7173           |    8|   0|    8|          0|
    |Z2_V_2_reg_7616           |    8|   0|    8|          0|
    |Z2_V_reg_6730             |    8|   0|    8|          0|
    |Z3_V_1_reg_7180           |    8|   0|    8|          0|
    |Z3_V_2_reg_7623           |    8|   0|    8|          0|
    |Z3_V_reg_6737             |    8|   0|    8|          0|
    |Z4_V_1_reg_7186           |   35|   0|   35|          0|
    |Z4_V_2_reg_7629           |   35|   0|   35|          0|
    |Z4_V_reg_6743             |   35|   0|   35|          0|
    |Z4_ind_V_1_reg_7191       |    8|   0|    8|          0|
    |Z4_ind_V_2_reg_7634       |    8|   0|    8|          0|
    |Z4_ind_V_reg_6748         |    8|   0|    8|          0|
    |a_V_10_reg_6953           |    6|   0|    6|          0|
    |a_V_11_reg_6980           |    6|   0|    6|          0|
    |a_V_12_reg_7007           |    6|   0|    6|          0|
    |a_V_13_reg_7049           |    6|   0|    6|          0|
    |a_V_14_reg_7331           |    4|   0|    4|          0|
    |a_V_15_reg_7348           |    6|   0|    6|          0|
    |a_V_16_reg_7369           |    6|   0|    6|          0|
    |a_V_17_reg_7396           |    6|   0|    6|          0|
    |a_V_18_reg_7423           |    6|   0|    6|          0|
    |a_V_19_reg_7450           |    6|   0|    6|          0|
    |a_V_1_reg_6462            |    6|   0|    6|          0|
    |a_V_20_reg_7492           |    6|   0|    6|          0|
    |a_V_2_reg_6483            |    6|   0|    6|          0|
    |a_V_3_reg_6510            |    6|   0|    6|          0|
    |a_V_4_reg_6537            |    6|   0|    6|          0|
    |a_V_5_reg_6564            |    6|   0|    6|          0|
    |a_V_6_reg_6606            |    6|   0|    6|          0|
    |a_V_7_reg_6888            |    4|   0|    4|          0|
    |a_V_8_reg_6905            |    6|   0|    6|          0|
    |a_V_9_reg_6926            |    6|   0|    6|          0|
    |a_V_reg_6445              |    4|   0|    4|          0|
    |ap_CS_fsm                 |   86|   0|   86|          0|
    |b_local_reg_6381          |   32|   0|   32|          0|
    |brmerge_reg_6395          |    1|   0|    1|          0|
    |exp_Z1_V_reg_6798         |   58|   0|   58|          0|
    |exp_Z2P_m_1_V_1_reg_7231  |   44|   0|   44|          0|
    |exp_Z2P_m_1_V_2_reg_7674  |   44|   0|   44|          0|
    |exp_Z2P_m_1_V_reg_6788    |   44|   0|   44|          0|
    |m_diff_hi_V_1_reg_7168    |    8|   0|    8|          0|
    |m_diff_hi_V_2_reg_7611    |    8|   0|    8|          0|
    |m_diff_hi_V_reg_6725      |    8|   0|    8|          0|
    |m_fix_V_1_reg_7130        |   71|   0|   71|          0|
    |m_fix_V_2_reg_7573        |   71|   0|   71|          0|
    |m_fix_V_reg_6687          |   71|   0|   71|          0|
    |m_fix_hi_V_1_reg_7135     |   16|   0|   16|          0|
    |m_fix_hi_V_2_reg_7578     |   16|   0|   16|          0|
    |m_fix_hi_V_reg_6692       |   16|   0|   16|          0|
    |m_frac_l_V_1_reg_7145     |   78|   0|  130|         52|
    |m_frac_l_V_2_reg_7588     |   78|   0|  130|         52|
    |m_frac_l_V_reg_6702       |   78|   0|  130|         52|
    |p_01254_i379_in_reg_1032  |   63|   0|   64|          1|
    |p_01254_i510_in_reg_1107  |   63|   0|   64|          1|
    |p_01254_i_in_reg_957      |   63|   0|   64|          1|
    |p_01254_i_reg_6818        |   63|   0|   64|          1|
    |p_0261_1_i1_reg_983       |   54|   0|   54|          0|
    |p_0261_1_i2_reg_1058      |   54|   0|   54|          0|
    |p_0261_1_i_reg_908        |   54|   0|   54|          0|
    |p_Result_81_reg_6697      |    1|   0|    1|          0|
    |p_Result_84_reg_7140      |    1|   0|    1|          0|
    |p_Result_87_reg_7583      |    1|   0|    1|          0|
    |p_Val2_109_reg_6899       |   73|   0|   73|          0|
    |p_Val2_123_reg_6947       |   92|   0|   92|          0|
    |p_Val2_130_reg_6974       |   87|   0|   87|          0|
    |p_Val2_137_reg_7001       |   82|   0|   82|          0|
    |p_Val2_144_reg_7038       |   77|   0|   77|          0|
    |p_Val2_17_reg_6456        |   73|   0|   73|          0|
    |p_Val2_1_reg_6656         |  109|   0|  109|          0|
    |p_Val2_201_reg_7342       |   73|   0|   73|          0|
    |p_Val2_215_reg_7390       |   92|   0|   92|          0|
    |p_Val2_222_reg_7417       |   87|   0|   87|          0|
    |p_Val2_229_reg_7444       |   82|   0|   82|          0|
    |p_Val2_236_reg_7481       |   77|   0|   77|          0|
    |p_Val2_2_reg_7099         |  109|   0|  109|          0|
    |p_Val2_31_reg_6504        |   92|   0|   92|          0|
    |p_Val2_38_reg_6531        |   87|   0|   87|          0|
    |p_Val2_3_reg_7542         |  109|   0|  109|          0|
    |p_Val2_45_reg_6558        |   82|   0|   82|          0|
    |p_Val2_52_reg_6595        |   77|   0|   77|          0|
    |r_V_103_reg_7241          |  100|   0|  100|          0|
    |r_V_107_reg_7385          |   89|   0|   89|          0|
    |r_V_108_reg_7412          |   98|   0|   98|          0|
    |r_V_109_reg_7439          |   93|   0|   93|          0|
    |r_V_110_reg_7466          |   88|   0|   88|          0|
    |r_V_111_reg_7527          |   83|   0|   83|          0|
    |r_V_117_reg_7684          |  100|   0|  100|          0|
    |r_V_79_reg_6499           |   89|   0|   89|          0|
    |r_V_80_reg_6526           |   98|   0|   98|          0|
    |r_V_81_reg_6553           |   93|   0|   93|          0|
    |r_V_82_reg_6580           |   88|   0|   88|          0|
    |r_V_83_reg_6641           |   83|   0|   83|          0|
    |r_V_89_reg_6803           |  100|   0|  100|          0|
    |r_V_93_reg_6942           |   89|   0|   89|          0|
    |r_V_94_reg_6969           |   98|   0|   98|          0|
    |r_V_95_reg_6996           |   93|   0|   93|          0|
    |r_V_96_reg_7023           |   88|   0|   88|          0|
    |r_V_97_reg_7084           |   83|   0|   83|          0|
    |r_exp_V_6_reg_928         |   13|   0|   13|          0|
    |r_exp_V_7_reg_1003        |   13|   0|   13|          0|
    |r_exp_V_8_reg_1078        |   13|   0|   13|          0|
    |reg_1184                  |    6|   0|    6|          0|
    |reg_1188                  |   40|   0|   40|          0|
    |reg_1192                  |   58|   0|   58|          0|
    |ret_V_102_reg_7337        |   61|   0|   77|         16|
    |ret_V_105_reg_7359        |   83|   0|   83|          0|
    |ret_V_106_reg_7380        |  101|   0|  102|          1|
    |ret_V_108_reg_7407        |  121|   0|  121|          0|
    |ret_V_110_reg_7434        |  126|   0|  126|          0|
    |ret_V_112_reg_7461        |  131|   0|  131|          0|
    |ret_V_117_reg_7558        |  121|   0|  121|          0|
    |ret_V_120_reg_7649        |   36|   0|   36|          0|
    |ret_V_58_reg_6451         |   61|   0|   77|         16|
    |ret_V_61_reg_6473         |   83|   0|   83|          0|
    |ret_V_62_reg_6494         |  101|   0|  102|          1|
    |ret_V_64_reg_6521         |  121|   0|  121|          0|
    |ret_V_66_reg_6548         |  126|   0|  126|          0|
    |ret_V_68_reg_6575         |  131|   0|  131|          0|
    |ret_V_73_reg_6672         |  121|   0|  121|          0|
    |ret_V_76_reg_6763         |   36|   0|   36|          0|
    |ret_V_80_reg_6894         |   61|   0|   77|         16|
    |ret_V_83_reg_6916         |   83|   0|   83|          0|
    |ret_V_84_reg_6937         |  101|   0|  102|          1|
    |ret_V_86_reg_6964         |  121|   0|  121|          0|
    |ret_V_88_reg_6991         |  126|   0|  126|          0|
    |ret_V_90_reg_7018         |  131|   0|  131|          0|
    |ret_V_95_reg_7115         |  121|   0|  121|          0|
    |ret_V_98_reg_7206         |   36|   0|   36|          0|
    |tmp10_reg_6646            |   93|   0|   93|          0|
    |tmp18_reg_7089            |   93|   0|   93|          0|
    |tmp26_reg_7532            |   93|   0|   93|          0|
    |tmp_101_reg_6986          |   81|   0|   81|          0|
    |tmp_104_reg_7013          |   76|   0|   76|          0|
    |tmp_107_reg_7054          |   71|   0|   71|          0|
    |tmp_110_reg_7105          |   72|   0|   72|          0|
    |tmp_112_reg_7110          |   79|   0|   79|          0|
    |tmp_117_reg_7120          |   78|   0|   78|          0|
    |tmp_118_reg_7125          |   77|   0|   77|          0|
    |tmp_119_reg_7150          |   77|   0|  129|         52|
    |tmp_11_reg_6404           |    1|   0|    1|          0|
    |tmp_125_reg_7211          |   34|   0|   43|          9|
    |tmp_126_reg_7216          |   20|   0|   20|          0|
    |tmp_130_reg_7236          |   36|   0|   36|          0|
    |tmp_13_reg_6408           |    1|   0|    1|          0|
    |tmp_14_reg_6430           |    6|   0|   64|         58|
    |tmp_155_reg_7316          |    6|   0|   64|         58|
    |tmp_161_reg_7354          |   67|   0|   67|          0|
    |tmp_167_reg_7402          |   86|   0|   86|          0|
    |tmp_170_reg_7429          |   81|   0|   81|          0|
    |tmp_174_reg_7456          |   76|   0|   76|          0|
    |tmp_175_reg_6883          |   54|   0|   54|          0|
    |tmp_178_reg_7497          |   71|   0|   71|          0|
    |tmp_181_reg_7548          |   72|   0|   72|          0|
    |tmp_183_reg_7553          |   79|   0|   79|          0|
    |tmp_188_reg_7563          |   78|   0|   78|          0|
    |tmp_189_reg_7568          |   77|   0|   77|          0|
    |tmp_190_reg_7593          |   77|   0|  129|         52|
    |tmp_196_reg_7654          |   34|   0|   43|          9|
    |tmp_197_reg_7659          |   20|   0|   20|          0|
    |tmp_201_reg_7679          |   36|   0|   36|          0|
    |tmp_20_reg_6468           |   67|   0|   67|          0|
    |tmp_210_reg_7714          |   64|   0|   64|          0|
    |tmp_220_reg_6921          |   82|   0|   82|          0|
    |tmp_226_reg_6932          |   76|   0|   76|          0|
    |tmp_241_reg_7326          |   54|   0|   54|          0|
    |tmp_244_reg_7364          |   82|   0|   82|          0|
    |tmp_246_reg_7375          |   76|   0|   76|          0|
    |tmp_26_reg_6516           |   86|   0|   86|          0|
    |tmp_27_reg_6440           |   54|   0|   54|          0|
    |tmp_30_reg_6543           |   81|   0|   81|          0|
    |tmp_33_reg_6570           |   76|   0|   76|          0|
    |tmp_36_reg_6611           |   71|   0|   71|          0|
    |tmp_39_reg_6662           |   72|   0|   72|          0|
    |tmp_41_reg_6667           |   79|   0|   79|          0|
    |tmp_46_reg_6677           |   78|   0|   78|          0|
    |tmp_47_reg_6682           |   77|   0|   77|          0|
    |tmp_48_reg_6707           |   77|   0|  129|         52|
    |tmp_54_reg_6768           |   34|   0|   43|          9|
    |tmp_55_reg_6773           |   20|   0|   20|          0|
    |tmp_59_reg_6793           |   36|   0|   36|          0|
    |tmp_6_reg_6370            |   32|   0|   32|          0|
    |tmp_70_reg_6823           |   64|   0|   64|          0|
    |tmp_71_reg_6828           |   64|   0|   64|          0|
    |tmp_72_reg_6478           |   82|   0|   82|          0|
    |tmp_85_reg_6873           |    6|   0|   64|         58|
    |tmp_89_reg_6489           |   76|   0|   76|          0|
    |tmp_92_reg_6911           |   67|   0|   67|          0|
    |tmp_97_reg_6959           |   86|   0|   86|          0|
    |tmp_V_10_reg_993          |   12|   0|   12|          0|
    |tmp_V_20_reg_1068         |   12|   0|   12|          0|
    |tmp_V_35_reg_7719         |   11|   0|   11|          0|
    |tmp_V_36_reg_7725         |   52|   0|   52|          0|
    |tmp_V_reg_918             |   12|   0|   12|          0|
    |val_V_reg_6349            |   64|   0|   64|          0|
    |x_assign_2_reg_7271       |   64|   0|   64|          0|
    |x_double_reg_6359         |   32|   0|   32|          0|
    |x_is_p1_reg_6391          |    1|   0|    1|          0|
    |y_V_reg_6354              |   32|   0|   32|          0|
    |y_double_reg_6376         |   32|   0|   32|          0|
    +--------------------------+-----+----+-----+-----------+
    |Total                     |11553|   0|12121|        568|
    +--------------------------+-----+----+-----+-----------+



================================================================
== Interface
================================================================
* Summary: 
+-----------------------+-----+-----+------------+-----------------------------------------+--------------+
|       RTL Ports       | Dir | Bits|  Protocol  |              Source Object              |    C Type    |
+-----------------------+-----+-----+------------+-----------------------------------------+--------------+
|ap_clk                 |  in |    1| ap_ctrl_hs | RosenbrockSimulator::simulateRosenbrock | return value |
|ap_rst                 |  in |    1| ap_ctrl_hs | RosenbrockSimulator::simulateRosenbrock | return value |
|startSimulation        |  in |    1|   ap_none  |             startSimulation             |    pointer   |
|simulationDone         | out |    1|   ap_vld   |              simulationDone             |    pointer   |
|simulationDone_ap_vld  | out |    1|   ap_vld   |              simulationDone             |    pointer   |
|a                      |  in |   32|   ap_none  |                    a                    |    pointer   |
|b                      |  in |   32|   ap_none  |                    b                    |    pointer   |
|chromosome_in          |  in |   64|   ap_none  |              chromosome_in              |    pointer   |
|fitness                | out |   32|   ap_vld   |                 fitness                 |    pointer   |
|fitness_ap_vld         | out |    1|   ap_vld   |                 fitness                 |    pointer   |
+-----------------------+-----+-----+------------+-----------------------------------------+--------------+

