

================================================================
== Vivado HLS Report for 'RosenbrockSimulator'
================================================================
* Date:           Thu Dec 20 14:43:49 2018

* Version:        2018.3 (Build 2405991 on Thu Dec 06 23:56:15 MST 2018)
* Project:        GeneticAlgoHlsRosenbrock
* Solution:       solution1
* Product family: zynq
* Target device:  xc7z010clg400-1


================================================================
== Performance Estimates
================================================================
+ Timing (ns): 
    * Summary: 
    +--------+-------+----------+------------+
    |  Clock | Target| Estimated| Uncertainty|
    +--------+-------+----------+------------+
    |ap_clk  |  20.00|    17.378|        2.50|
    +--------+-------+----------+------------+

+ Latency (clock cycles): 
    * Summary: 
    +-----+-----+-----+-----+---------+
    |  Latency  |  Interval | Pipeline|
    | min | max | min | max |   Type  |
    +-----+-----+-----+-----+---------+
    |    0|   87|    0|   87|   none  |
    +-----+-----+-----+-----+---------+

    + Detail: 
        * Instance: 
        +--------------------------------------------------+----------------------------------------+-----+-----+-----+-----+---------+
        |                                                  |                                        |  Latency  |  Interval | Pipeline|
        |                     Instance                     |                 Module                 | min | max | min | max |   Type  |
        +--------------------------------------------------+----------------------------------------+-----+-----+-----+-----+---------+
        |grp_RosenbrockSimulator_simulateRosenbrock_fu_88  |RosenbrockSimulator_simulateRosenbrock  |   21|   86|   21|   86|   none  |
        +--------------------------------------------------+----------------------------------------+-----+-----+-----+-----+---------+

        * Loop: 
        N/A



================================================================
== Utilization Estimates
================================================================
* Summary: 
+-----------------+---------+-------+-------+-------+
|       Name      | BRAM_18K| DSP48E|   FF  |  LUT  |
+-----------------+---------+-------+-------+-------+
|DSP              |        -|      -|      -|      -|
|Expression       |        -|      -|      -|      -|
|FIFO             |        -|      -|      -|      -|
|Instance         |       30|    226|  12791|  19861|
|Memory           |        -|      -|      -|      -|
|Multiplexer      |        -|      -|      -|      -|
|Register         |        -|      -|     33|      -|
+-----------------+---------+-------+-------+-------+
|Total            |       30|    226|  12824|  19861|
+-----------------+---------+-------+-------+-------+
|Available        |      120|     80|  35200|  17600|
+-----------------+---------+-------+-------+-------+
|Utilization (%)  |       25|    282|     36|    112|
+-----------------+---------+-------+-------+-------+

+ Detail: 
    * Instance: 
    +--------------------------------------------------+----------------------------------------+---------+-------+-------+-------+
    |                     Instance                     |                 Module                 | BRAM_18K| DSP48E|   FF  |  LUT  |
    +--------------------------------------------------+----------------------------------------+---------+-------+-------+-------+
    |grp_RosenbrockSimulator_simulateRosenbrock_fu_88  |RosenbrockSimulator_simulateRosenbrock  |       30|    226|  12791|  19861|
    +--------------------------------------------------+----------------------------------------+---------+-------+-------+-------+
    |Total                                             |                                        |       30|    226|  12791|  19861|
    +--------------------------------------------------+----------------------------------------+---------+-------+-------+-------+

    * DSP48: 
    N/A

    * Memory: 
    N/A

    * FIFO: 
    N/A

    * Expression: 
    N/A

    * Multiplexer: 
    N/A

    * Register: 
    +----------------+----+----+-----+-----------+
    |      Name      | FF | LUT| Bits| Const Bits|
    +----------------+----+----+-----+-----------+
    |fitness         |  32|   0|   32|          0|
    |simulationDone  |   1|   0|    1|          0|
    +----------------+----+----+-----+-----------+
    |Total           |  33|   0|   33|          0|
    +----------------+----+----+-----+-----------+



================================================================
== Interface
================================================================
* Summary: 
+-----------------+-----+-----+------------+------------------------------------------+--------------+
|    RTL Ports    | Dir | Bits|  Protocol  |               Source Object              |    C Type    |
+-----------------+-----+-----+------------+------------------------------------------+--------------+
|clk              |  in |    1| ap_ctrl_hs | RosenbrockSimulator::RosenbrockSimulator | return value |
|reset            |  in |    1| ap_ctrl_hs | RosenbrockSimulator::RosenbrockSimulator | return value |
|startSimulation  |  in |    1|   ap_none  |              startSimulation             |    pointer   |
|simulationDone   | out |    1|   ap_vld   |              simulationDone              |    pointer   |
|a                |  in |   32|   ap_none  |                     a                    |    pointer   |
|b                |  in |   32|   ap_none  |                     b                    |    pointer   |
|chromosome_in    |  in |   64|   ap_none  |               chromosome_in              |    pointer   |
|fitness          | out |   32|   ap_vld   |                  fitness                 |    pointer   |
+-----------------+-----+-----+------------+------------------------------------------+--------------+

