INFO: [HLS 200-10] Running 'C:/Xilinx/Vivado_HLS/2017.2/bin/unwrapped/win64.o/vivado_hls.exe'
INFO: [HLS 200-10] For user 'cml' on host 'centropy' (Windows NT_amd64 version 6.2) on Wed Dec 19 17:03:13 +0100 2018
INFO: [HLS 200-10] In directory 'C:/Users/cml/Desktop/EmbededProject/Vivado'
INFO: [HLS 200-10] Opening project 'C:/Users/cml/Desktop/EmbededProject/Vivado/GeneticAlgoHls'.
INFO: [HLS 200-10] Opening solution 'C:/Users/cml/Desktop/EmbededProject/Vivado/GeneticAlgoHls/solution1'.
INFO: [SYN 201-201] Setting up clock 'default' with a period of 20ns.
WARNING: [HLS 200-40] Cannot find library 'C:/Xilinx/Vivado_HLS/2017.2/common/technology/xilinx/null/null.lib'.
WARNING: [HLS 200-40] Cannot find library 'xilinx/null/null'.
INFO: [HLS 200-10] Setting target device to 'xc7z010clg400-1'
INFO: [SIM 211-2] *************** CSIM start ***************
INFO: [SIM 211-4] CSIM will launch GCC as the compiler.
   Compiling ../../../../../GenerationGenerator/main.cpp in debug mode
   Compiling ../../../../../GenerationGenerator/GenerationGenerator.cpp in debug mode
   Generating csim.exe

             SystemC 2.3.0-ASI --- Jul  4 2013 11:46:47
        Copyright (c) 1996-2012 by all Contributors,
        ALL RIGHTS RESERVED

Note: VCD trace timescale unit is set by user to 1.000000e-009 sec.
INFO: [SIM 211-1] CSim done with 0 errors.
INFO: [SIM 211-3] *************** CSIM finish ***************
