c:\users\cml\desktop\embededproject\embeddedassignment3\embeddedassignment3\debug\vc141.pdb
c:\users\cml\desktop\embededproject\embeddedassignment3\embeddedassignment3\debug\vc141.idb
c:\users\cml\desktop\embededproject\embeddedassignment3\embeddedassignment3\debug\configuration.obj
c:\users\cml\desktop\embededproject\embeddedassignment3\embeddedassignment3\debug\embeddedsystemx.obj
c:\users\cml\desktop\embededproject\embeddedassignment3\embeddedassignment3\debug\failure.obj
c:\users\cml\desktop\embededproject\embeddedassignment3\embeddedassignment3\debug\initializing.obj
c:\users\cml\desktop\embededproject\embeddedassignment3\embeddedassignment3\debug\main.obj
c:\users\cml\desktop\embededproject\embeddedassignment3\embeddedassignment3\debug\mode1.obj
c:\users\cml\desktop\embededproject\embeddedassignment3\embeddedassignment3\debug\mode2.obj
c:\users\cml\desktop\embededproject\embeddedassignment3\embeddedassignment3\debug\mode3.obj
c:\users\cml\desktop\embededproject\embeddedassignment3\embeddedassignment3\debug\operational.obj
c:\users\cml\desktop\embededproject\embeddedassignment3\embeddedassignment3\debug\poweronselftest.obj
c:\users\cml\desktop\embededproject\embeddedassignment3\embeddedassignment3\debug\ready.obj
c:\users\cml\desktop\embededproject\embeddedassignment3\embeddedassignment3\debug\realtimeloop.obj
c:\users\cml\desktop\embededproject\embeddedassignment3\embeddedassignment3\debug\state.obj
c:\users\cml\desktop\embededproject\embeddedassignment3\embeddedassignment3\debug\suspended.obj
c:\users\cml\desktop\embededproject\embeddedassignment3\debug\embeddedassignment3.ilk
c:\users\cml\desktop\embededproject\embeddedassignment3\debug\embeddedassignment3.exe
c:\users\cml\desktop\embededproject\embeddedassignment3\debug\embeddedassignment3.pdb
c:\users\cml\desktop\embededproject\embeddedassignment3\embeddedassignment3\debug\embedded.2df711d8.tlog\cl.command.1.tlog
c:\users\cml\desktop\embededproject\embeddedassignment3\embeddedassignment3\debug\embedded.2df711d8.tlog\cl.read.1.tlog
c:\users\cml\desktop\embededproject\embeddedassignment3\embeddedassignment3\debug\embedded.2df711d8.tlog\cl.write.1.tlog
c:\users\cml\desktop\embededproject\embeddedassignment3\embeddedassignment3\debug\embedded.2df711d8.tlog\link.command.1.tlog
c:\users\cml\desktop\embededproject\embeddedassignment3\embeddedassignment3\debug\embedded.2df711d8.tlog\link.read.1.tlog
c:\users\cml\desktop\embededproject\embeddedassignment3\embeddedassignment3\debug\embedded.2df711d8.tlog\link.write.1.tlog
